TN:
SF:/Users/tomchop/code/yeti/TibetanBrownBear/yeti/web/frontend/src/App.vue
FN:50,isAuthenticated
FN:54,created
FN:56,(anonymous_4)
FN:58,(anonymous_5)
FNF:4
FNH:0
FNDA:0,isAuthenticated
FNDA:0,created
FNDA:0,(anonymous_4)
FNDA:0,(anonymous_5)
DA:21,0
DA:22,0
DA:23,0
DA:24,0
DA:25,0
DA:27,0
DA:28,0
DA:29,0
DA:51,0
DA:55,0
DA:56,0
DA:57,0
DA:58,0
DA:59,0
DA:62,0
LF:15
LH:0
BRDA:57,0,0,0
BRDA:57,0,1,0
BRDA:57,1,0,0
BRDA:57,1,1,0
BRF:4
BRH:0
end_of_record
TN:
SF:/Users/tomchop/code/yeti/TibetanBrownBear/yeti/web/frontend/src/components/LogIn.vue
FN:32,data
FN:41,logIn
FN:44,(anonymous_3)
FN:48,(anonymous_4)
FN:51,(anonymous_5)
FN:56,canSubmit
FNF:6
FNH:0
FNDA:0,data
FNDA:0,logIn
FNDA:0,(anonymous_3)
FNDA:0,(anonymous_4)
FNDA:0,(anonymous_5)
FNDA:0,canSubmit
DA:33,0
DA:41,0
DA:42,0
DA:43,0
DA:44,0
DA:46,0
DA:47,0
DA:50,0
DA:52,0
DA:57,0
LF:10
LH:0
BRDA:57,0,0,0
BRDA:57,0,1,0
BRDA:57,0,2,0
BRF:3
BRH:0
end_of_record
TN:
SF:/Users/tomchop/code/yeti/TibetanBrownBear/yeti/web/frontend/src/components/Admin/Async.vue
FN:27,data
FN:46,toggle
FN:48,(anonymous_4)
FN:54,execute
FN:56,(anonymous_6)
FNF:5
FNH:5
FNDA:2,data
FNDA:1,toggle
FNDA:1,(anonymous_4)
FNDA:1,execute
FNDA:1,(anonymous_6)
DA:18,9
DA:19,9
DA:21,9
DA:28,2
DA:47,1
DA:48,1
DA:49,1
DA:50,1
DA:55,1
DA:56,1
DA:57,1
DA:58,1
LF:12
LH:12
BRDA:49,0,0,1
BRDA:49,0,1,0
BRDA:57,1,0,1
BRDA:57,1,1,0
BRF:4
BRH:2
end_of_record
TN:
SF:/Users/tomchop/code/yeti/TibetanBrownBear/yeti/web/frontend/src/components/Admin/KillChains.vue
FN:51,data
FN:58,fetchKillChains
FN:59,(anonymous_4)
FN:64,updateKillChain
FN:66,(anonymous_6)
FN:69,(anonymous_7)
FN:72,(anonymous_8)
FN:77,addField
FN:80,removeField
FN:84,mounted
FNF:10
FNH:0
FNDA:0,data
FNDA:0,fetchKillChains
FNDA:0,(anonymous_4)
FNDA:0,updateKillChain
FNDA:0,(anonymous_6)
FNDA:0,(anonymous_7)
FNDA:0,(anonymous_8)
FNDA:0,addField
FNDA:0,removeField
FNDA:0,mounted
DA:48,9
DA:52,0
DA:58,0
DA:59,0
DA:61,0
DA:64,0
DA:65,0
DA:66,0
DA:68,0
DA:71,0
DA:74,0
DA:78,0
DA:81,0
DA:85,0
LF:14
LH:1
BRF:0
BRH:0
end_of_record
TN:
SF:/Users/tomchop/code/yeti/TibetanBrownBear/yeti/web/frontend/src/components/Admin/Tags.vue
FN:31,data
FN:47,hasTagSelection
FN:52,clearSelection
FNF:3
FNH:3
FNDA:3,data
FNDA:7,hasTagSelection
FNDA:1,clearSelection
DA:21,9
DA:22,9
DA:24,9
DA:32,3
DA:48,7
DA:53,1
DA:54,1
LF:7
LH:7
BRF:0
BRH:0
end_of_record
TN:
SF:/Users/tomchop/code/yeti/TibetanBrownBear/yeti/web/frontend/src/components/Entities/EntityDetails.vue
FN:202,data
FN:219,entityType
FN:225,entityFields
FN:228,entityTypeHuman
FN:233,fetchInfo
FN:235,(anonymous_7)
FN:242,(anonymous_8)
FN:245,(anonymous_9)
FN:248,toggleEdit
FN:251,getSpecificProperties
FN:260,getExtendedProperties
FN:269,isSpecifcAttribute
FN:287,isExtendedAttribute
FN:291,mounted
FNF:14
FNH:12
FNDA:7,data
FNDA:7,entityType
FNDA:1,entityFields
FNDA:7,entityTypeHuman
FNDA:9,fetchInfo
FNDA:9,(anonymous_7)
FNDA:0,(anonymous_8)
FNDA:9,(anonymous_9)
FNDA:0,toggleEdit
FNDA:9,getSpecificProperties
FNDA:9,getExtendedProperties
FNDA:54,isSpecifcAttribute
FNDA:54,isExtendedAttribute
FNDA:7,mounted
DA:190,9
DA:192,9
DA:193,9
DA:194,9
DA:195,9
DA:196,9
DA:198,9
DA:199,9
DA:203,7
DA:220,7
DA:221,7
DA:222,7
DA:226,1
DA:229,7
DA:233,9
DA:234,9
DA:235,9
DA:237,9
DA:238,0
DA:240,9
DA:244,0
DA:246,9
DA:249,0
DA:252,9
DA:253,9
DA:254,54
DA:255,0
DA:258,9
DA:261,9
DA:262,9
DA:263,54
DA:264,0
DA:267,9
DA:270,54
DA:285,54
DA:288,54
DA:292,7
LF:37
LH:32
BRDA:220,0,0,7
BRDA:220,0,1,0
BRDA:237,1,0,0
BRDA:237,1,1,9
BRDA:254,2,0,0
BRDA:254,2,1,54
BRDA:263,3,0,0
BRDA:263,3,1,54
BRDA:285,4,0,54
BRDA:285,4,1,54
BRDA:285,4,2,0
BRDA:288,5,0,54
BRDA:288,5,1,54
BRF:13
BRH:8
end_of_record
TN:
SF:/Users/tomchop/code/yeti/TibetanBrownBear/yeti/web/frontend/src/components/Entities/EntityFields.js
FNF:0
FNH:0
DA:1,10
DA:86,10
DA:152,10
LF:3
LH:3
BRF:0
BRH:0
end_of_record
TN:
SF:/Users/tomchop/code/yeti/TibetanBrownBear/yeti/web/frontend/src/components/Entities/EntityList.vue
FN:27,filterParams
FN:35,entityTypeHuman
FNF:2
FNH:2
FNDA:1,filterParams
FNDA:1,entityTypeHuman
DA:17,10
DA:18,10
DA:19,10
DA:28,1
DA:36,1
LF:5
LH:5
BRF:0
BRH:0
end_of_record
TN:
SF:/Users/tomchop/code/yeti/TibetanBrownBear/yeti/web/frontend/src/components/Entities/EntityTypes.js
FNF:0
FNH:0
DA:1,10
LF:1
LH:1
BRF:0
BRH:0
end_of_record
TN:
SF:/Users/tomchop/code/yeti/TibetanBrownBear/yeti/web/frontend/src/components/Entities/KillChainView.vue
FN:37,data
FN:45,getKillchains
FN:46,(anonymous_4)
FN:58,(anonymous_5)
FN:61,(anonymous_6)
FN:64,getPhases
FN:67,getNeighbors
FN:68,(anonymous_9)
FN:71,(anonymous_10)
FN:74,(anonymous_11)
FN:81,(anonymous_12)
FN:84,(anonymous_13)
FN:87,sortNeighborsByPhase
FN:90,(anonymous_15)
FN:96,mounted
FNF:15
FNH:13
FNDA:1,data
FNDA:3,getKillchains
FNDA:3,(anonymous_4)
FNDA:0,(anonymous_5)
FNDA:3,(anonymous_6)
FNDA:9,getPhases
FNDA:3,getNeighbors
FNDA:3,(anonymous_9)
FNDA:0,(anonymous_10)
FNDA:3,(anonymous_11)
FNDA:3,(anonymous_12)
FNDA:3,(anonymous_13)
FNDA:3,sortNeighborsByPhase
FNDA:3,(anonymous_15)
FNDA:1,mounted
DA:27,10
DA:28,10
DA:29,10
DA:38,1
DA:45,3
DA:46,3
DA:47,21
DA:48,3
DA:49,3
DA:50,27
DA:51,3
DA:52,6
DA:53,3
DA:56,3
DA:57,3
DA:60,0
DA:65,9
DA:67,3
DA:68,3
DA:70,3
DA:73,0
DA:77,3
DA:81,3
DA:83,3
DA:85,3
DA:87,24
DA:88,9
DA:89,9
DA:90,3
DA:91,3
DA:97,1
LF:31
LH:29
BRDA:50,0,0,3
BRDA:50,0,1,6
BRDA:47,1,0,3
BRDA:47,1,1,6
BRDA:89,2,0,3
BRDA:89,2,1,3
BRDA:87,3,0,3
BRDA:87,3,1,9
BRF:8
BRH:8
end_of_record
TN:
SF:/Users/tomchop/code/yeti/TibetanBrownBear/yeti/web/frontend/src/components/Entities/NewEntity.vue
FN:17,data
FN:25,navigateToNew
FNF:2
FNH:2
FNDA:3,data
FNDA:1,navigateToNew
DA:10,9
DA:11,9
DA:18,3
DA:26,1
LF:4
LH:4
BRF:0
BRH:0
end_of_record
TN:
SF:/Users/tomchop/code/yeti/TibetanBrownBear/yeti/web/frontend/src/components/Graph/DeleteLinks.vue
FN:14,deleteLinks
FN:18,(anonymous_3)
FNF:2
FNH:0
FNDA:0,deleteLinks
FNDA:0,(anonymous_3)
DA:9,9
DA:14,0
DA:15,0
DA:16,0
DA:18,0
DA:20,0
LF:6
LH:1
BRDA:15,0,0,0
BRDA:15,0,1,0
BRF:2
BRH:0
end_of_record
TN:
SF:/Users/tomchop/code/yeti/TibetanBrownBear/yeti/web/frontend/src/components/Graph/EditLinks.vue
FN:46,data
FN:53,fetchLinkData
FN:55,(anonymous_4)
FN:62,saveLinkData
FN:71,(anonymous_6)
FN:83,selectedLinks
FNF:6
FNH:0
FNDA:0,data
FNDA:0,fetchLinkData
FNDA:0,(anonymous_4)
FNDA:0,saveLinkData
FNDA:0,(anonymous_6)
FNDA:0,selectedLinks
DA:35,9
DA:37,9
DA:38,9
DA:47,0
DA:53,0
DA:54,0
DA:55,0
DA:57,0
DA:58,0
DA:62,0
DA:63,0
DA:64,0
DA:65,0
DA:66,0
DA:67,0
DA:71,0
DA:73,0
DA:74,0
DA:75,0
DA:76,0
DA:84,0
DA:85,0
LF:22
LH:3
BRDA:57,0,0,0
BRDA:57,0,1,0
BRDA:73,1,0,0
BRDA:73,1,1,0
BRDA:84,2,0,0
BRDA:84,2,1,0
BRF:6
BRH:0
end_of_record
TN:
SF:/Users/tomchop/code/yeti/TibetanBrownBear/yeti/web/frontend/src/components/Graph/Links.vue
FN:95,data
FN:104,apiPath
FN:107,linkTypes
FN:108,(anonymous_5)
FN:112,entityType
FN:115,fetchNeighbors
FN:118,(anonymous_8)
FN:123,(anonymous_9)
FN:130,(anonymous_10)
FN:134,(anonymous_11)
FN:137,getFilterEdges
FN:138,(anonymous_13)
FN:140,getVerticeForEdge
FN:146,getIncomingVertice
FN:152,getOutgoingVertice
FN:158,select
FN:162,selectMultiple
FN:168,(anonymous_19)
FN:174,mounted
FNF:19
FNH:0
FNDA:0,data
FNDA:0,apiPath
FNDA:0,linkTypes
FNDA:0,(anonymous_5)
FNDA:0,entityType
FNDA:0,fetchNeighbors
FNDA:0,(anonymous_8)
FNDA:0,(anonymous_9)
FNDA:0,(anonymous_10)
FNDA:0,(anonymous_11)
FNDA:0,getFilterEdges
FNDA:0,(anonymous_13)
FNDA:0,getVerticeForEdge
FNDA:0,getIncomingVertice
FNDA:0,getOutgoingVertice
FNDA:0,select
FNDA:0,selectMultiple
FNDA:0,(anonymous_19)
FNDA:0,mounted
DA:74,9
DA:75,9
DA:76,9
DA:77,9
DA:78,9
DA:79,9
DA:80,9
DA:81,9
DA:82,9
DA:96,0
DA:105,0
DA:108,0
DA:113,0
DA:115,0
DA:116,0
DA:117,0
DA:118,0
DA:120,0
DA:121,0
DA:122,0
DA:124,0
DA:126,0
DA:130,0
DA:132,0
DA:133,0
DA:135,0
DA:137,0
DA:138,0
DA:141,0
DA:142,0
DA:144,0
DA:147,0
DA:148,0
DA:150,0
DA:153,0
DA:154,0
DA:156,0
DA:159,0
DA:160,0
DA:162,0
DA:163,0
DA:164,0
DA:166,0
DA:168,0
DA:175,0
LF:45
LH:9
BRDA:108,0,0,0
BRDA:108,0,1,0
BRDA:141,1,0,0
BRDA:141,1,1,0
BRDA:147,2,0,0
BRDA:147,2,1,0
BRDA:153,3,0,0
BRDA:153,3,1,0
BRDA:163,4,0,0
BRDA:163,4,1,0
BRF:10
BRH:0
end_of_record
TN:
SF:/Users/tomchop/code/yeti/TibetanBrownBear/yeti/web/frontend/src/components/Graph/NeighborIcons.vue
FN:20,_default
FN:22,data
FN:28,countNeighborsByType
FN:30,(anonymous_5)
FN:32,(anonymous_6)
FN:35,(anonymous_7)
FN:36,(anonymous_8)
FN:42,mounted
FNF:8
FNH:0
FNDA:0,_default
FNDA:0,data
FNDA:0,countNeighborsByType
FNDA:0,(anonymous_5)
FNDA:0,(anonymous_6)
FNDA:0,(anonymous_7)
FNDA:0,(anonymous_8)
FNDA:0,mounted
DA:12,10
DA:20,0
DA:23,0
DA:28,0
DA:29,0
DA:30,0
DA:32,0
DA:33,0
DA:35,0
DA:36,0
DA:37,0
DA:39,0
DA:43,0
LF:13
LH:1
BRDA:32,0,0,0
BRDA:32,0,1,0
BRDA:33,1,0,0
BRDA:33,1,1,0
BRDA:37,2,0,0
BRDA:37,2,1,0
BRF:6
BRH:0
end_of_record
TN:
SF:/Users/tomchop/code/yeti/TibetanBrownBear/yeti/web/frontend/src/components/Graph/NewLink.vue
FN:30,data
FN:38,toggleForm
FN:41,addLink
FN:58,(anonymous_5)
FN:64,(anonymous_6)
FN:67,(anonymous_7)
FNF:6
FNH:0
FNDA:0,data
FNDA:0,toggleForm
FNDA:0,addLink
FNDA:0,(anonymous_5)
FNDA:0,(anonymous_6)
FNDA:0,(anonymous_7)
DA:21,9
DA:22,9
DA:23,9
DA:31,0
DA:39,0
DA:41,0
DA:42,0
DA:43,0
DA:45,0
DA:46,0
DA:47,0
DA:48,0
DA:49,0
DA:51,0
DA:58,0
DA:60,0
DA:61,0
DA:62,0
DA:63,0
DA:66,0
DA:69,0
DA:70,0
LF:22
LH:3
BRDA:48,0,0,0
BRDA:48,0,1,0
BRDA:41,1,0,0
BRDA:41,1,1,0
BRF:4
BRH:0
end_of_record
TN:
SF:/Users/tomchop/code/yeti/TibetanBrownBear/yeti/web/frontend/src/components/Graph/StixRelationships.js
FNF:0
FNH:0
DA:1,9
DA:63,9
DA:64,9
LF:3
LH:3
BRF:0
BRH:0
end_of_record
TN:
SF:/Users/tomchop/code/yeti/TibetanBrownBear/yeti/web/frontend/src/components/Indicators/IndicatorDetails.vue
FN:197,data
FN:213,indicatorType
FN:219,indicatorFields
FN:222,indicatorTypeHuman
FN:227,fetchInfo
FN:229,(anonymous_7)
FN:236,(anonymous_8)
FN:239,(anonymous_9)
FN:242,toggleEdit
FN:245,getSpecificProperties
FN:254,getExtendedProperties
FN:263,isSpecifcAttribute
FN:281,isExtendedAttribute
FN:285,mounted
FNF:14
FNH:0
FNDA:0,data
FNDA:0,indicatorType
FNDA:0,indicatorFields
FNDA:0,indicatorTypeHuman
FNDA:0,fetchInfo
FNDA:0,(anonymous_7)
FNDA:0,(anonymous_8)
FNDA:0,(anonymous_9)
FNDA:0,toggleEdit
FNDA:0,getSpecificProperties
FNDA:0,getExtendedProperties
FNDA:0,isSpecifcAttribute
FNDA:0,isExtendedAttribute
FNDA:0,mounted
DA:186,9
DA:188,9
DA:189,9
DA:190,9
DA:191,9
DA:193,9
DA:194,9
DA:198,0
DA:214,0
DA:215,0
DA:216,0
DA:220,0
DA:223,0
DA:227,0
DA:228,0
DA:229,0
DA:231,0
DA:232,0
DA:234,0
DA:238,0
DA:240,0
DA:243,0
DA:246,0
DA:247,0
DA:248,0
DA:249,0
DA:252,0
DA:255,0
DA:256,0
DA:257,0
DA:258,0
DA:261,0
DA:264,0
DA:279,0
DA:282,0
DA:286,0
LF:36
LH:7
BRDA:214,0,0,0
BRDA:214,0,1,0
BRDA:231,1,0,0
BRDA:231,1,1,0
BRDA:248,2,0,0
BRDA:248,2,1,0
BRDA:257,3,0,0
BRDA:257,3,1,0
BRDA:279,4,0,0
BRDA:279,4,1,0
BRDA:279,4,2,0
BRDA:282,5,0,0
BRDA:282,5,1,0
BRF:13
BRH:0
end_of_record
TN:
SF:/Users/tomchop/code/yeti/TibetanBrownBear/yeti/web/frontend/src/components/Indicators/IndicatorFields.js
FNF:0
FNH:0
DA:1,9
DA:39,9
DA:62,9
LF:3
LH:3
BRF:0
BRH:0
end_of_record
TN:
SF:/Users/tomchop/code/yeti/TibetanBrownBear/yeti/web/frontend/src/components/Indicators/IndicatorList.vue
FN:27,filterParams
FN:35,indicatorTypeHuman
FNF:2
FNH:0
FNDA:0,filterParams
FNDA:0,indicatorTypeHuman
DA:17,9
DA:18,9
DA:19,9
DA:28,0
DA:36,0
LF:5
LH:3
BRF:0
BRH:0
end_of_record
TN:
SF:/Users/tomchop/code/yeti/TibetanBrownBear/yeti/web/frontend/src/components/Indicators/IndicatorTypes.js
FNF:0
FNH:0
DA:1,9
LF:1
LH:1
BRF:0
BRH:0
end_of_record
TN:
SF:/Users/tomchop/code/yeti/TibetanBrownBear/yeti/web/frontend/src/components/Indicators/NewIndicator.vue
FN:17,data
FN:25,navigateToNew
FNF:2
FNH:0
FNDA:0,data
FNDA:0,navigateToNew
DA:10,9
DA:11,9
DA:18,0
DA:26,0
LF:4
LH:2
BRF:0
BRH:0
end_of_record
TN:
SF:/Users/tomchop/code/yeti/TibetanBrownBear/yeti/web/frontend/src/components/Observables/BulkMatch.vue
FN:20,data
FN:29,submitForm
FN:34,parseRawInput
FN:35,(anonymous_5)
FN:37,sendMatchQuery
FN:38,(anonymous_8)
FNF:6
FNH:6
FNDA:3,data
FNDA:3,submitForm
FNDA:3,parseRawInput
FNDA:18,(anonymous_5)
FNDA:3,sendMatchQuery
FNDA:3,(anonymous_8)
DA:17,9
DA:21,3
DA:30,3
DA:31,3
DA:32,3
DA:35,21
DA:37,3
DA:38,3
DA:40,3
DA:41,0
DA:43,3
LF:11
LH:10
BRDA:40,0,0,0
BRDA:40,0,1,3
BRF:2
BRH:1
end_of_record
TN:
SF:/Users/tomchop/code/yeti/TibetanBrownBear/yeti/web/frontend/src/components/Observables/ObservableDetails.vue
FN:31,data
FN:44,beforeRouteUpdate
FN:49,isEdit
FN:52,observableType
FN:58,observableFields
FN:63,fetchInfo
FN:64,(anonymous_8)
FN:71,(anonymous_9)
FN:75,(anonymous_10)
FN:78,toggleEdit
FN:82,mounted
FNF:11
FNH:8
FNDA:7,data
FNDA:0,beforeRouteUpdate
FNDA:7,isEdit
FNDA:2,observableType
FNDA:1,observableFields
FNDA:9,fetchInfo
FNDA:9,(anonymous_8)
FNDA:0,(anonymous_9)
FNDA:9,(anonymous_10)
FNDA:0,toggleEdit
FNDA:7,mounted
DA:25,9
DA:26,9
DA:27,9
DA:28,9
DA:32,7
DA:45,0
DA:46,0
DA:50,7
DA:53,2
DA:54,2
DA:55,2
DA:59,1
DA:63,9
DA:64,9
DA:66,9
DA:67,0
DA:69,9
DA:73,0
DA:74,0
DA:76,9
DA:79,0
DA:83,7
LF:22
LH:16
BRDA:53,0,0,2
BRDA:53,0,1,0
BRDA:66,1,0,0
BRDA:66,1,1,9
BRF:4
BRH:2
end_of_record
TN:
SF:/Users/tomchop/code/yeti/TibetanBrownBear/yeti/web/frontend/src/components/Observables/ObservableFields.js
FNF:0
FNH:0
DA:1,9
LF:1
LH:1
BRF:0
BRH:0
end_of_record
TN:
SF:/Users/tomchop/code/yeti/TibetanBrownBear/yeti/web/frontend/src/components/Observables/ObservableList.vue
FN:13,data
FNF:1
FNH:0
FNDA:0,data
DA:6,9
DA:14,0
LF:2
LH:1
BRF:0
BRH:0
end_of_record
TN:
SF:/Users/tomchop/code/yeti/TibetanBrownBear/yeti/web/frontend/src/components/helpers/Fields.vue
FN:68,formatDateString
FN:73,getFieldValue
FNF:2
FNH:2
FNDA:6,formatDateString
FNDA:32,getFieldValue
DA:58,11
DA:61,11
DA:63,11
DA:69,6
DA:74,32
LF:5
LH:5
BRF:0
BRH:0
end_of_record
TN:
SF:/Users/tomchop/code/yeti/TibetanBrownBear/yeti/web/frontend/src/components/scaffolding/MarkdownText.vue
FN:11,compiledMarkdown
FNF:1
FNH:0
FNDA:0,compiledMarkdown
DA:6,9
DA:12,0
LF:2
LH:1
BRDA:12,0,0,0
BRDA:12,0,1,0
BRF:2
BRH:0
end_of_record
TN:
SF:/Users/tomchop/code/yeti/TibetanBrownBear/yeti/web/frontend/src/components/scaffolding/Navigation.vue
FN:28,isAuthenticated
FN:31,tokenSubject
FN:36,logOut
FN:37,(anonymous_4)
FN:41,(anonymous_5)
FNF:5
FNH:0
FNDA:0,isAuthenticated
FNDA:0,tokenSubject
FNDA:0,logOut
FNDA:0,(anonymous_4)
FNDA:0,(anonymous_5)
DA:29,0
DA:32,0
DA:36,0
DA:37,0
DA:40,0
DA:43,0
LF:6
LH:0
BRF:0
BRH:0
end_of_record
TN:
SF:/Users/tomchop/code/yeti/TibetanBrownBear/yeti/web/frontend/src/components/scaffolding/Pagination.vue
FN:31,data
FN:38,setPage
FN:43,nextPage
FN:48,prevPage
FN:55,totalPages
FN:58,dynamicPageButtons
FN:59,(anonymous_8)
FN:61,delta
FN:64,start
FN:73,totalButtons
FNF:10
FNH:6
FNDA:5,data
FNDA:0,setPage
FNDA:0,nextPage
FNDA:0,prevPage
FNDA:7,totalPages
FNDA:7,dynamicPageButtons
FNDA:2,(anonymous_8)
FNDA:0,delta
FNDA:2,start
FNDA:7,totalButtons
DA:32,5
DA:39,0
DA:40,0
DA:44,0
DA:45,0
DA:49,0
DA:50,0
DA:56,7
DA:58,7
DA:59,9
DA:62,0
DA:65,2
DA:66,2
DA:68,0
DA:69,0
DA:71,0
DA:74,7
DA:75,7
DA:77,0
LF:19
LH:8
BRDA:39,0,0,0
BRDA:39,0,1,0
BRDA:39,1,0,0
BRDA:39,1,1,0
BRDA:44,2,0,0
BRDA:44,2,1,0
BRDA:49,3,0,0
BRDA:49,3,1,0
BRDA:65,4,0,2
BRDA:65,4,1,0
BRDA:65,5,0,2
BRDA:65,5,1,0
BRDA:68,6,0,0
BRDA:68,6,1,0
BRDA:74,7,0,7
BRDA:74,7,1,0
BRF:16
BRH:3
end_of_record
TN:
SF:/Users/tomchop/code/yeti/TibetanBrownBear/yeti/web/frontend/src/components/scaffolding/TableFilter.vue
FN:48,data
FN:65,paginatedElements
FN:70,updateCurrentPage
FN:73,fetchElements
FN:81,(anonymous_6)
FN:84,(anonymous_7)
FN:87,(anonymous_8)
FN:90,(anonymous_9)
FN:93,select
FN:97,selectMultiple
FN:103,(anonymous_12)
FN:105,clearSelection
FN:110,created
FN:116,beforeDestroy
FNF:14
FNH:11
FNDA:15,data
FNDA:16,paginatedElements
FNDA:0,updateCurrentPage
FNDA:16,fetchElements
FNDA:16,(anonymous_6)
FNDA:39,(anonymous_7)
FNDA:0,(anonymous_8)
FNDA:16,(anonymous_9)
FNDA:8,select
FNDA:7,selectMultiple
FNDA:21,(anonymous_12)
FNDA:2,clearSelection
FNDA:15,created
FNDA:0,beforeDestroy
DA:33,10
DA:34,10
DA:35,10
DA:49,15
DA:66,16
DA:71,0
DA:73,16
DA:74,16
DA:75,16
DA:78,16
DA:80,16
DA:81,16
DA:83,16
DA:84,16
DA:85,78
DA:89,0
DA:91,16
DA:94,8
DA:95,8
DA:97,7
DA:98,7
DA:99,6
DA:101,1
DA:103,28
DA:106,2
DA:107,2
DA:111,15
DA:112,15
DA:113,2
DA:117,0
DA:118,0
LF:31
LH:27
BRDA:98,0,0,6
BRDA:98,0,1,1
BRDA:112,1,0,2
BRDA:112,1,1,13
BRDA:117,2,0,0
BRDA:117,2,1,0
BRF:6
BRH:4
end_of_record
TN:
SF:/Users/tomchop/code/yeti/TibetanBrownBear/yeti/web/frontend/src/components/scaffolding/TypeToIcon.vue
FN:24,data
FN:30,classArray
FNF:2
FNH:0
FNDA:0,data
FNDA:0,classArray
DA:7,10
DA:25,0
DA:31,0
LF:3
LH:1
BRF:0
BRH:0
end_of_record
TN:
SF:/Users/tomchop/code/yeti/TibetanBrownBear/yeti/web/frontend/src/components/scaffolding/YetiAutocompleteInput.vue
FN:26,data
FN:35,clearItems
FN:39,addItem
FN:48,removeItem
FN:56,getAutocompleteItems
FN:57,(anonymous_7)
FN:65,filteredItems
FN:66,(anonymous_9)
FN:69,mounted
FNF:9
FNH:0
FNDA:0,data
FNDA:0,clearItems
FNDA:0,addItem
FNDA:0,removeItem
FNDA:0,getAutocompleteItems
FNDA:0,(anonymous_7)
FNDA:0,filteredItems
FNDA:0,(anonymous_9)
FNDA:0,mounted
DA:18,9
DA:19,9
DA:27,0
DA:36,0
DA:37,0
DA:39,0
DA:40,0
DA:41,0
DA:42,0
DA:45,0
DA:46,0
DA:49,0
DA:50,0
DA:51,0
DA:52,0
DA:56,0
DA:57,0
DA:58,0
DA:59,0
DA:65,0
DA:66,0
DA:70,0
DA:71,0
LF:23
LH:2
BRDA:41,0,0,0
BRDA:41,0,1,0
BRDA:39,1,0,0
BRDA:39,1,1,0
BRDA:50,2,0,0
BRDA:50,2,1,0
BRDA:58,3,0,0
BRDA:58,3,1,0
BRDA:70,4,0,0
BRDA:70,4,1,0
BRF:10
BRH:0
end_of_record
TN:
SF:/Users/tomchop/code/yeti/TibetanBrownBear/yeti/web/frontend/src/components/scaffolding/YetiForm.vue
FN:31,_default
FN:34,_default
FN:36,data
FN:44,submitForm
FN:46,(anonymous_6)
FN:49,(anonymous_7)
FN:52,(anonymous_8)
FN:58,customFormatter
FN:61,back
FNF:9
FNH:4
FNDA:0,_default
FNDA:0,_default
FNDA:4,data
FNDA:2,submitForm
FNDA:2,(anonymous_6)
FNDA:0,(anonymous_7)
FNDA:2,(anonymous_8)
FNDA:0,customFormatter
FNDA:0,back
DA:16,10
DA:17,10
DA:19,10
DA:21,10
DA:31,0
DA:37,4
DA:44,2
DA:45,2
DA:46,2
DA:48,2
DA:51,0
DA:54,2
DA:56,2
DA:59,0
DA:62,0
LF:15
LH:11
BRF:0
BRH:0
end_of_record
TN:
SF:/Users/tomchop/code/yeti/TibetanBrownBear/yeti/web/frontend/src/components/scaffolding/YetiFormField.vue
FN:66,data
FN:74,valueUpdated
FN:77,fetchKillchains
FN:78,(anonymous_5)
FN:85,slug
FN:89,mounted
FN:95,value
FNF:7
FNH:5
FNDA:6,data
FNDA:6,valueUpdated
FNDA:6,fetchKillchains
FNDA:0,(anonymous_5)
FNDA:6,slug
FNDA:6,mounted
FNDA:0,value
DA:52,10
DA:54,10
DA:55,10
DA:56,10
DA:57,10
DA:67,6
DA:75,6
DA:77,6
DA:78,6
DA:80,0
DA:86,6
DA:90,6
DA:91,6
DA:96,0
LF:14
LH:12
BRF:0
BRH:0
end_of_record
TN:
SF:/Users/tomchop/code/yeti/TibetanBrownBear/yeti/web/frontend/src/components/scaffolding/YetiKillchainInput.vue
FN:24,data
FN:32,deletingPhase
FN:41,addingPhase
FN:49,getKillchainPhases
FN:50,(anonymous_6)
FN:52,(anonymous_7)
FN:58,filteredItems
FN:59,(anonymous_9)
FN:61,listItems
FN:62,(anonymous_11)
FN:63,(anonymous_12)
FN:67,mounted
FNF:12
FNH:0
FNDA:0,data
FNDA:0,deletingPhase
FNDA:0,addingPhase
FNDA:0,getKillchainPhases
FNDA:0,(anonymous_6)
FNDA:0,(anonymous_7)
FNDA:0,filteredItems
FNDA:0,(anonymous_9)
FNDA:0,listItems
FNDA:0,(anonymous_11)
FNDA:0,(anonymous_12)
FNDA:0,mounted
DA:16,10
DA:17,10
DA:25,0
DA:33,0
DA:34,0
DA:35,0
DA:36,0
DA:37,0
DA:42,0
DA:43,0
DA:47,0
DA:49,0
DA:50,0
DA:51,0
DA:52,0
DA:58,0
DA:59,0
DA:61,0
DA:62,0
DA:63,0
DA:64,0
DA:68,0
DA:69,0
LF:23
LH:2
BRDA:34,0,0,0
BRDA:34,0,1,0
BRDA:34,1,0,0
BRDA:34,1,1,0
BRDA:51,2,0,0
BRDA:51,2,1,0
BRDA:59,3,0,0
BRDA:59,3,1,0
BRDA:62,4,0,0
BRDA:62,4,1,0
BRF:10
BRH:0
end_of_record
TN:
SF:/Users/tomchop/code/yeti/TibetanBrownBear/yeti/web/frontend/src/components/scaffolding/YetiTextInput.vue
FN:13,data
FN:20,getVocabValues
FN:21,(anonymous_4)
FN:27,valueUpdated
FN:31,mounted
FN:38,value
FNF:6
FNH:3
FNDA:4,data
FNDA:0,getVocabValues
FNDA:0,(anonymous_4)
FNDA:0,valueUpdated
FNDA:4,mounted
FNDA:4,value
DA:9,10
DA:14,4
DA:20,0
DA:21,0
DA:22,0
DA:23,0
DA:28,0
DA:32,4
DA:33,4
DA:34,0
DA:39,4
LF:11
LH:5
BRDA:22,0,0,0
BRDA:22,0,1,0
BRDA:33,1,0,0
BRDA:33,1,1,4
BRF:4
BRH:1
end_of_record
TN:
SF:/Users/tomchop/code/yeti/TibetanBrownBear/yeti/web/frontend/src/components/scaffolding/YetiVocabInput.vue
FN:24,data
FN:32,deletingPhase
FN:41,addingPhase
FN:46,getValuesForVocab
FN:47,(anonymous_6)
FN:49,(anonymous_7)
FN:55,filteredItems
FN:56,(anonymous_9)
FN:58,listItems
FN:60,(anonymous_11)
FN:62,(anonymous_12)
FN:66,mounted
FN:72,value
FNF:13
FNH:7
FNDA:2,data
FNDA:0,deletingPhase
FNDA:0,addingPhase
FNDA:0,getValuesForVocab
FNDA:0,(anonymous_6)
FNDA:0,(anonymous_7)
FNDA:2,filteredItems
FNDA:0,(anonymous_9)
FNDA:5,listItems
FNDA:2,(anonymous_11)
FNDA:5,(anonymous_12)
FNDA:2,mounted
FNDA:2,value
DA:16,10
DA:17,10
DA:25,2
DA:33,0
DA:34,0
DA:35,0
DA:36,0
DA:37,0
DA:42,0
DA:43,0
DA:44,0
DA:46,0
DA:47,0
DA:48,0
DA:49,0
DA:55,2
DA:56,2
DA:58,5
DA:59,5
DA:60,3
DA:62,9
DA:67,2
DA:68,0
DA:73,2
DA:74,2
DA:75,0
LF:26
LH:12
BRDA:34,0,0,0
BRDA:34,0,1,0
BRDA:48,1,0,0
BRDA:48,1,1,0
BRDA:59,2,0,1
BRDA:59,2,1,4
BRDA:60,3,0,1
BRDA:60,3,1,0
BRDA:62,4,0,4
BRDA:62,4,1,0
BRDA:67,5,0,0
BRDA:67,5,1,2
BRDA:74,6,0,0
BRDA:74,6,1,2
BRF:14
BRH:6
end_of_record
