<?xml version="1.0" encoding="UTF-8"?>
<coverage generated="1579445691291" clover="3.2.0">
  <project timestamp="1579445691291" name="All files">
    <metrics statements="525" coveredstatements="233" conditionals="131" coveredconditionals="27" methods="100" coveredmethods="31" elements="756" coveredelements="291" complexity="0" loc="525" ncloc="525" packages="10" files="41" classes="41">
      <package name="src">
        <metrics statements="71" coveredstatements="8" conditionals="12" coveredconditionals="0" methods="13" coveredmethods="0"/>
        <file name="App.vue" path="/Users/tomchop/code/yeti/TibetanBrownBear/yeti/web/frontend/src/App.vue">
          <metrics statements="15" coveredstatements="0" conditionals="4" coveredconditionals="0" methods="2" coveredmethods="0"/>
          <line num="21" count="0" type="stmt"/>
          <line num="22" count="0" type="stmt"/>
          <line num="23" count="0" type="stmt"/>
          <line num="24" count="0" type="stmt"/>
          <line num="25" count="0" type="stmt"/>
          <line num="27" count="0" type="stmt"/>
          <line num="28" count="0" type="stmt"/>
          <line num="29" count="0" type="stmt"/>
          <line num="51" count="0" type="stmt"/>
          <line num="55" count="0" type="stmt"/>
          <line num="56" count="0" type="stmt"/>
          <line num="57" count="0" type="cond" truecount="0" falsecount="4"/>
          <line num="58" count="0" type="stmt"/>
          <line num="59" count="0" type="stmt"/>
          <line num="62" count="0" type="stmt"/>
        </file>
        <file name="router.js" path="/Users/tomchop/code/yeti/TibetanBrownBear/yeti/web/frontend/src/router.js">
          <metrics statements="11" coveredstatements="8" conditionals="0" coveredconditionals="0" methods="3" coveredmethods="0"/>
          <line num="26" count="9" type="stmt"/>
          <line num="28" count="9" type="stmt"/>
          <line num="30" count="9" type="stmt"/>
          <line num="57" count="0" type="stmt"/>
          <line num="62" count="9" type="stmt"/>
          <line num="89" count="0" type="stmt"/>
          <line num="94" count="9" type="stmt"/>
          <line num="115" count="0" type="stmt"/>
          <line num="125" count="9" type="stmt"/>
          <line num="131" count="9" type="stmt"/>
          <line num="154" count="9" type="stmt"/>
        </file>
        <file name="store.js" path="/Users/tomchop/code/yeti/TibetanBrownBear/yeti/web/frontend/src/store.js">
          <metrics statements="45" coveredstatements="0" conditionals="8" coveredconditionals="0" methods="8" coveredmethods="0"/>
          <line num="1" count="0" type="stmt"/>
          <line num="2" count="0" type="stmt"/>
          <line num="3" count="0" type="stmt"/>
          <line num="5" count="0" type="stmt"/>
          <line num="8" count="0" type="cond" truecount="0" falsecount="4"/>
          <line num="9" count="0" type="stmt"/>
          <line num="11" count="0" type="stmt"/>
          <line num="12" count="0" type="stmt"/>
          <line num="13" count="0" type="stmt"/>
          <line num="14" count="0" type="stmt"/>
          <line num="18" count="0" type="cond" truecount="0" falsecount="2"/>
          <line num="19" count="0" type="stmt"/>
          <line num="21" count="0" type="stmt"/>
          <line num="24" count="0" type="stmt"/>
          <line num="25" count="0" type="stmt"/>
          <line num="29" count="0" type="stmt"/>
          <line num="31" count="0" type="stmt"/>
          <line num="32" count="0" type="stmt"/>
          <line num="33" count="0" type="stmt"/>
          <line num="35" count="0" type="stmt"/>
          <line num="36" count="0" type="stmt"/>
          <line num="37" count="0" type="stmt"/>
          <line num="40" count="0" type="stmt"/>
          <line num="41" count="0" type="stmt"/>
          <line num="46" count="0" type="stmt"/>
          <line num="47" count="0" type="stmt"/>
          <line num="48" count="0" type="stmt"/>
          <line num="49" count="0" type="stmt"/>
          <line num="54" count="0" type="stmt"/>
          <line num="56" count="0" type="stmt"/>
          <line num="57" count="0" type="stmt"/>
          <line num="58" count="0" type="stmt"/>
          <line num="61" count="0" type="stmt"/>
          <line num="62" count="0" type="stmt"/>
          <line num="65" count="0" type="stmt"/>
          <line num="66" count="0" type="stmt"/>
          <line num="67" count="0" type="stmt"/>
          <line num="68" count="0" type="stmt"/>
          <line num="71" count="0" type="stmt"/>
          <line num="72" count="0" type="stmt"/>
          <line num="73" count="0" type="stmt"/>
          <line num="77" count="0" type="stmt"/>
          <line num="78" count="0" type="stmt"/>
          <line num="79" count="0" type="stmt"/>
          <line num="82" count="0" type="stmt"/>
        </file>
      </package>
      <package name="src.components">
        <metrics statements="9" coveredstatements="0" conditionals="3" coveredconditionals="0" methods="3" coveredmethods="0"/>
        <file name="LogIn.vue" path="/Users/tomchop/code/yeti/TibetanBrownBear/yeti/web/frontend/src/components/LogIn.vue">
          <metrics statements="9" coveredstatements="0" conditionals="3" coveredconditionals="0" methods="3" coveredmethods="0"/>
          <line num="33" count="0" type="stmt"/>
          <line num="42" count="0" type="stmt"/>
          <line num="43" count="0" type="stmt"/>
          <line num="44" count="0" type="stmt"/>
          <line num="46" count="0" type="stmt"/>
          <line num="47" count="0" type="stmt"/>
          <line num="50" count="0" type="stmt"/>
          <line num="52" count="0" type="stmt"/>
          <line num="57" count="0" type="cond" truecount="0" falsecount="3"/>
        </file>
      </package>
      <package name="src.components.Admin">
        <metrics statements="31" coveredstatements="20" conditionals="4" coveredconditionals="2" methods="6" coveredmethods="2"/>
        <file name="Async.vue" path="/Users/tomchop/code/yeti/TibetanBrownBear/yeti/web/frontend/src/components/Admin/Async.vue">
          <metrics statements="12" coveredstatements="12" conditionals="4" coveredconditionals="2" methods="2" coveredmethods="2"/>
          <line num="18" count="9" type="stmt"/>
          <line num="19" count="9" type="stmt"/>
          <line num="21" count="9" type="stmt"/>
          <line num="28" count="2" type="stmt"/>
          <line num="47" count="1" type="stmt"/>
          <line num="48" count="1" type="stmt"/>
          <line num="49" count="1" type="cond" truecount="1" falsecount="1"/>
          <line num="50" count="1" type="stmt"/>
          <line num="55" count="1" type="stmt"/>
          <line num="56" count="1" type="stmt"/>
          <line num="57" count="1" type="cond" truecount="1" falsecount="1"/>
          <line num="58" count="1" type="stmt"/>
        </file>
        <file name="KillChains.vue" path="/Users/tomchop/code/yeti/TibetanBrownBear/yeti/web/frontend/src/components/Admin/KillChains.vue">
          <metrics statements="12" coveredstatements="1" conditionals="0" coveredconditionals="0" methods="4" coveredmethods="0"/>
          <line num="48" count="9" type="stmt"/>
          <line num="52" count="0" type="stmt"/>
          <line num="59" count="0" type="stmt"/>
          <line num="61" count="0" type="stmt"/>
          <line num="65" count="0" type="stmt"/>
          <line num="66" count="0" type="stmt"/>
          <line num="68" count="0" type="stmt"/>
          <line num="71" count="0" type="stmt"/>
          <line num="74" count="0" type="stmt"/>
          <line num="78" count="0" type="stmt"/>
          <line num="81" count="0" type="stmt"/>
          <line num="85" count="0" type="stmt"/>
        </file>
        <file name="Tags.vue" path="/Users/tomchop/code/yeti/TibetanBrownBear/yeti/web/frontend/src/components/Admin/Tags.vue">
          <metrics statements="7" coveredstatements="7" conditionals="0" coveredconditionals="0" methods="0" coveredmethods="0"/>
          <line num="21" count="9" type="stmt"/>
          <line num="22" count="9" type="stmt"/>
          <line num="24" count="9" type="stmt"/>
          <line num="32" count="3" type="stmt"/>
          <line num="48" count="7" type="stmt"/>
          <line num="53" count="1" type="stmt"/>
          <line num="54" count="1" type="stmt"/>
        </file>
      </package>
      <package name="src.components.Entities">
        <metrics statements="75" coveredstatements="68" conditionals="13" coveredconditionals="9" methods="13" coveredmethods="10"/>
        <file name="EntityDetails.vue" path="/Users/tomchop/code/yeti/TibetanBrownBear/yeti/web/frontend/src/components/Entities/EntityDetails.vue">
          <metrics statements="35" coveredstatements="30" conditionals="11" coveredconditionals="7" methods="3" coveredmethods="2"/>
          <line num="190" count="9" type="stmt"/>
          <line num="192" count="9" type="stmt"/>
          <line num="193" count="9" type="stmt"/>
          <line num="194" count="9" type="stmt"/>
          <line num="195" count="9" type="stmt"/>
          <line num="196" count="9" type="stmt"/>
          <line num="198" count="9" type="stmt"/>
          <line num="199" count="9" type="stmt"/>
          <line num="203" count="7" type="stmt"/>
          <line num="220" count="7" type="stmt"/>
          <line num="221" count="7" type="stmt"/>
          <line num="224" count="1" type="stmt"/>
          <line num="227" count="7" type="stmt"/>
          <line num="232" count="9" type="stmt"/>
          <line num="233" count="9" type="stmt"/>
          <line num="235" count="9" type="cond" truecount="1" falsecount="1"/>
          <line num="236" count="0" type="stmt"/>
          <line num="238" count="9" type="stmt"/>
          <line num="242" count="0" type="stmt"/>
          <line num="244" count="9" type="stmt"/>
          <line num="247" count="0" type="stmt"/>
          <line num="250" count="9" type="stmt"/>
          <line num="251" count="9" type="stmt"/>
          <line num="252" count="54" type="cond" truecount="1" falsecount="1"/>
          <line num="253" count="0" type="stmt"/>
          <line num="256" count="9" type="stmt"/>
          <line num="259" count="9" type="stmt"/>
          <line num="260" count="9" type="stmt"/>
          <line num="261" count="54" type="cond" truecount="1" falsecount="1"/>
          <line num="262" count="0" type="stmt"/>
          <line num="265" count="9" type="stmt"/>
          <line num="268" count="54" type="stmt"/>
          <line num="283" count="54" type="cond" truecount="2" falsecount="1"/>
          <line num="286" count="54" type="cond" truecount="2" falsecount="0"/>
          <line num="290" count="7" type="stmt"/>
        </file>
        <file name="EntityFields.js" path="/Users/tomchop/code/yeti/TibetanBrownBear/yeti/web/frontend/src/components/Entities/EntityFields.js">
          <metrics statements="3" coveredstatements="3" conditionals="0" coveredconditionals="0" methods="0" coveredmethods="0"/>
          <line num="1" count="10" type="stmt"/>
          <line num="86" count="10" type="stmt"/>
          <line num="152" count="10" type="stmt"/>
        </file>
        <file name="EntityList.vue" path="/Users/tomchop/code/yeti/TibetanBrownBear/yeti/web/frontend/src/components/Entities/EntityList.vue">
          <metrics statements="5" coveredstatements="5" conditionals="0" coveredconditionals="0" methods="0" coveredmethods="0"/>
          <line num="17" count="10" type="stmt"/>
          <line num="18" count="10" type="stmt"/>
          <line num="19" count="10" type="stmt"/>
          <line num="28" count="1" type="stmt"/>
          <line num="36" count="1" type="stmt"/>
        </file>
        <file name="EntityTypes.js" path="/Users/tomchop/code/yeti/TibetanBrownBear/yeti/web/frontend/src/components/Entities/EntityTypes.js">
          <metrics statements="1" coveredstatements="1" conditionals="0" coveredconditionals="0" methods="0" coveredmethods="0"/>
          <line num="1" count="10" type="stmt"/>
        </file>
        <file name="KillChainView.vue" path="/Users/tomchop/code/yeti/TibetanBrownBear/yeti/web/frontend/src/components/Entities/KillChainView.vue">
          <metrics statements="27" coveredstatements="25" conditionals="2" coveredconditionals="2" methods="9" coveredmethods="7"/>
          <line num="27" count="10" type="stmt"/>
          <line num="28" count="10" type="stmt"/>
          <line num="29" count="10" type="stmt"/>
          <line num="38" count="1" type="stmt"/>
          <line num="46" count="3" type="stmt"/>
          <line num="48" count="3" type="stmt"/>
          <line num="49" count="3" type="stmt"/>
          <line num="50" count="3" type="stmt"/>
          <line num="51" count="3" type="stmt"/>
          <line num="52" count="3" type="stmt"/>
          <line num="53" count="3" type="stmt"/>
          <line num="56" count="3" type="stmt"/>
          <line num="57" count="3" type="stmt"/>
          <line num="60" count="0" type="stmt"/>
          <line num="65" count="9" type="stmt"/>
          <line num="68" count="3" type="stmt"/>
          <line num="70" count="3" type="stmt"/>
          <line num="73" count="0" type="stmt"/>
          <line num="77" count="3" type="stmt"/>
          <line num="81" count="3" type="stmt"/>
          <line num="83" count="3" type="stmt"/>
          <line num="85" count="3" type="stmt"/>
          <line num="88" count="3" type="stmt"/>
          <line num="89" count="9" type="cond" truecount="2" falsecount="0"/>
          <line num="90" count="3" type="stmt"/>
          <line num="91" count="3" type="stmt"/>
          <line num="97" count="1" type="stmt"/>
        </file>
        <file name="NewEntity.vue" path="/Users/tomchop/code/yeti/TibetanBrownBear/yeti/web/frontend/src/components/Entities/NewEntity.vue">
          <metrics statements="4" coveredstatements="4" conditionals="0" coveredconditionals="0" methods="1" coveredmethods="1"/>
          <line num="10" count="9" type="stmt"/>
          <line num="11" count="9" type="stmt"/>
          <line num="18" count="3" type="stmt"/>
          <line num="26" count="1" type="stmt"/>
        </file>
      </package>
      <package name="src.components.Graph">
        <metrics statements="99" coveredstatements="18" conditionals="24" coveredconditionals="0" methods="20" coveredmethods="0"/>
        <file name="DeleteLinks.vue" path="/Users/tomchop/code/yeti/TibetanBrownBear/yeti/web/frontend/src/components/Graph/DeleteLinks.vue">
          <metrics statements="5" coveredstatements="1" conditionals="2" coveredconditionals="0" methods="2" coveredmethods="0"/>
          <line num="9" count="9" type="stmt"/>
          <line num="15" count="0" type="cond" truecount="0" falsecount="2"/>
          <line num="16" count="0" type="stmt"/>
          <line num="18" count="0" type="stmt"/>
          <line num="20" count="0" type="stmt"/>
        </file>
        <file name="EditLinks.vue" path="/Users/tomchop/code/yeti/TibetanBrownBear/yeti/web/frontend/src/components/Graph/EditLinks.vue">
          <metrics statements="19" coveredstatements="2" conditionals="6" coveredconditionals="0" methods="3" coveredmethods="0"/>
          <line num="35" count="9" type="stmt"/>
          <line num="37" count="9" type="stmt"/>
          <line num="45" count="0" type="stmt"/>
          <line num="52" count="0" type="stmt"/>
          <line num="53" count="0" type="stmt"/>
          <line num="55" count="0" type="cond" truecount="0" falsecount="2"/>
          <line num="56" count="0" type="stmt"/>
          <line num="61" count="0" type="stmt"/>
          <line num="62" count="0" type="stmt"/>
          <line num="63" count="0" type="stmt"/>
          <line num="64" count="0" type="stmt"/>
          <line num="65" count="0" type="stmt"/>
          <line num="69" count="0" type="stmt"/>
          <line num="71" count="0" type="cond" truecount="0" falsecount="2"/>
          <line num="72" count="0" type="stmt"/>
          <line num="73" count="0" type="stmt"/>
          <line num="74" count="0" type="stmt"/>
          <line num="82" count="0" type="cond" truecount="0" falsecount="2"/>
          <line num="83" count="0" type="stmt"/>
        </file>
        <file name="Links.vue" path="/Users/tomchop/code/yeti/TibetanBrownBear/yeti/web/frontend/src/components/Graph/Links.vue">
          <metrics statements="41" coveredstatements="8" conditionals="10" coveredconditionals="0" methods="7" coveredmethods="0"/>
          <line num="74" count="9" type="stmt"/>
          <line num="75" count="9" type="stmt"/>
          <line num="76" count="9" type="stmt"/>
          <line num="77" count="9" type="stmt"/>
          <line num="78" count="9" type="stmt"/>
          <line num="79" count="9" type="stmt"/>
          <line num="80" count="9" type="stmt"/>
          <line num="81" count="9" type="stmt"/>
          <line num="94" count="0" type="stmt"/>
          <line num="103" count="0" type="stmt"/>
          <line num="106" count="0" type="cond" truecount="0" falsecount="2"/>
          <line num="111" count="0" type="stmt"/>
          <line num="114" count="0" type="stmt"/>
          <line num="115" count="0" type="stmt"/>
          <line num="116" count="0" type="stmt"/>
          <line num="118" count="0" type="stmt"/>
          <line num="119" count="0" type="stmt"/>
          <line num="120" count="0" type="stmt"/>
          <line num="122" count="0" type="stmt"/>
          <line num="124" count="0" type="stmt"/>
          <line num="128" count="0" type="stmt"/>
          <line num="130" count="0" type="stmt"/>
          <line num="131" count="0" type="stmt"/>
          <line num="133" count="0" type="stmt"/>
          <line num="136" count="0" type="stmt"/>
          <line num="139" count="0" type="cond" truecount="0" falsecount="2"/>
          <line num="140" count="0" type="stmt"/>
          <line num="142" count="0" type="stmt"/>
          <line num="145" count="0" type="cond" truecount="0" falsecount="2"/>
          <line num="146" count="0" type="stmt"/>
          <line num="148" count="0" type="stmt"/>
          <line num="151" count="0" type="cond" truecount="0" falsecount="2"/>
          <line num="152" count="0" type="stmt"/>
          <line num="154" count="0" type="stmt"/>
          <line num="157" count="0" type="stmt"/>
          <line num="158" count="0" type="stmt"/>
          <line num="161" count="0" type="cond" truecount="0" falsecount="2"/>
          <line num="162" count="0" type="stmt"/>
          <line num="164" count="0" type="stmt"/>
          <line num="166" count="0" type="stmt"/>
          <line num="173" count="0" type="stmt"/>
        </file>
        <file name="NeighborIcons.vue" path="/Users/tomchop/code/yeti/TibetanBrownBear/yeti/web/frontend/src/components/Graph/NeighborIcons.vue">
          <metrics statements="10" coveredstatements="1" conditionals="4" coveredconditionals="0" methods="4" coveredmethods="0"/>
          <line num="12" count="10" type="stmt"/>
          <line num="20" count="0" type="stmt"/>
          <line num="23" count="0" type="stmt"/>
          <line num="29" count="0" type="stmt"/>
          <line num="30" count="0" type="cond" truecount="0" falsecount="2"/>
          <line num="35" count="0" type="stmt"/>
          <line num="36" count="0" type="stmt"/>
          <line num="37" count="0" type="cond" truecount="0" falsecount="2"/>
          <line num="39" count="0" type="stmt"/>
          <line num="43" count="0" type="stmt"/>
        </file>
        <file name="NewLink.vue" path="/Users/tomchop/code/yeti/TibetanBrownBear/yeti/web/frontend/src/components/Graph/NewLink.vue">
          <metrics statements="21" coveredstatements="3" conditionals="2" coveredconditionals="0" methods="4" coveredmethods="0"/>
          <line num="21" count="9" type="stmt"/>
          <line num="22" count="9" type="stmt"/>
          <line num="23" count="9" type="stmt"/>
          <line num="31" count="0" type="stmt"/>
          <line num="39" count="0" type="stmt"/>
          <line num="42" count="0" type="stmt"/>
          <line num="43" count="0" type="stmt"/>
          <line num="45" count="0" type="stmt"/>
          <line num="46" count="0" type="stmt"/>
          <line num="47" count="0" type="stmt"/>
          <line num="48" count="0" type="cond" truecount="0" falsecount="2"/>
          <line num="49" count="0" type="stmt"/>
          <line num="51" count="0" type="stmt"/>
          <line num="58" count="0" type="stmt"/>
          <line num="60" count="0" type="stmt"/>
          <line num="61" count="0" type="stmt"/>
          <line num="62" count="0" type="stmt"/>
          <line num="63" count="0" type="stmt"/>
          <line num="66" count="0" type="stmt"/>
          <line num="69" count="0" type="stmt"/>
          <line num="70" count="0" type="stmt"/>
        </file>
        <file name="StixRelationships.js" path="/Users/tomchop/code/yeti/TibetanBrownBear/yeti/web/frontend/src/components/Graph/StixRelationships.js">
          <metrics statements="3" coveredstatements="3" conditionals="0" coveredconditionals="0" methods="0" coveredmethods="0"/>
          <line num="1" count="9" type="stmt"/>
          <line num="63" count="9" type="stmt"/>
          <line num="64" count="9" type="stmt"/>
        </file>
      </package>
      <package name="src.components.Indicators">
        <metrics statements="47" coveredstatements="16" conditionals="11" coveredconditionals="0" methods="4" coveredmethods="0"/>
        <file name="IndicatorDetails.vue" path="/Users/tomchop/code/yeti/TibetanBrownBear/yeti/web/frontend/src/components/Indicators/IndicatorDetails.vue">
          <metrics statements="34" coveredstatements="7" conditionals="11" coveredconditionals="0" methods="3" coveredmethods="0"/>
          <line num="186" count="9" type="stmt"/>
          <line num="188" count="9" type="stmt"/>
          <line num="189" count="9" type="stmt"/>
          <line num="190" count="9" type="stmt"/>
          <line num="191" count="9" type="stmt"/>
          <line num="193" count="9" type="stmt"/>
          <line num="194" count="9" type="stmt"/>
          <line num="198" count="0" type="stmt"/>
          <line num="214" count="0" type="stmt"/>
          <line num="215" count="0" type="stmt"/>
          <line num="218" count="0" type="stmt"/>
          <line num="221" count="0" type="stmt"/>
          <line num="226" count="0" type="stmt"/>
          <line num="227" count="0" type="stmt"/>
          <line num="229" count="0" type="cond" truecount="0" falsecount="2"/>
          <line num="230" count="0" type="stmt"/>
          <line num="232" count="0" type="stmt"/>
          <line num="236" count="0" type="stmt"/>
          <line num="238" count="0" type="stmt"/>
          <line num="241" count="0" type="stmt"/>
          <line num="244" count="0" type="stmt"/>
          <line num="245" count="0" type="stmt"/>
          <line num="246" count="0" type="cond" truecount="0" falsecount="2"/>
          <line num="247" count="0" type="stmt"/>
          <line num="250" count="0" type="stmt"/>
          <line num="253" count="0" type="stmt"/>
          <line num="254" count="0" type="stmt"/>
          <line num="255" count="0" type="cond" truecount="0" falsecount="2"/>
          <line num="256" count="0" type="stmt"/>
          <line num="259" count="0" type="stmt"/>
          <line num="262" count="0" type="stmt"/>
          <line num="277" count="0" type="cond" truecount="0" falsecount="3"/>
          <line num="280" count="0" type="cond" truecount="0" falsecount="2"/>
          <line num="284" count="0" type="stmt"/>
        </file>
        <file name="IndicatorFields.js" path="/Users/tomchop/code/yeti/TibetanBrownBear/yeti/web/frontend/src/components/Indicators/IndicatorFields.js">
          <metrics statements="3" coveredstatements="3" conditionals="0" coveredconditionals="0" methods="0" coveredmethods="0"/>
          <line num="1" count="9" type="stmt"/>
          <line num="39" count="9" type="stmt"/>
          <line num="62" count="9" type="stmt"/>
        </file>
        <file name="IndicatorList.vue" path="/Users/tomchop/code/yeti/TibetanBrownBear/yeti/web/frontend/src/components/Indicators/IndicatorList.vue">
          <metrics statements="5" coveredstatements="3" conditionals="0" coveredconditionals="0" methods="0" coveredmethods="0"/>
          <line num="17" count="9" type="stmt"/>
          <line num="18" count="9" type="stmt"/>
          <line num="19" count="9" type="stmt"/>
          <line num="28" count="0" type="stmt"/>
          <line num="36" count="0" type="stmt"/>
        </file>
        <file name="IndicatorTypes.js" path="/Users/tomchop/code/yeti/TibetanBrownBear/yeti/web/frontend/src/components/Indicators/IndicatorTypes.js">
          <metrics statements="1" coveredstatements="1" conditionals="0" coveredconditionals="0" methods="0" coveredmethods="0"/>
          <line num="1" count="9" type="stmt"/>
        </file>
        <file name="NewIndicator.vue" path="/Users/tomchop/code/yeti/TibetanBrownBear/yeti/web/frontend/src/components/Indicators/NewIndicator.vue">
          <metrics statements="4" coveredstatements="2" conditionals="0" coveredconditionals="0" methods="1" coveredmethods="0"/>
          <line num="10" count="9" type="stmt"/>
          <line num="11" count="9" type="stmt"/>
          <line num="18" count="0" type="stmt"/>
          <line num="26" count="0" type="stmt"/>
        </file>
      </package>
      <package name="src.components.Observables">
        <metrics statements="32" coveredstatements="24" conditionals="4" coveredconditionals="2" methods="8" coveredmethods="7"/>
        <file name="BulkMatch.vue" path="/Users/tomchop/code/yeti/TibetanBrownBear/yeti/web/frontend/src/components/Observables/BulkMatch.vue">
          <metrics statements="10" coveredstatements="9" conditionals="2" coveredconditionals="1" methods="5" coveredmethods="5"/>
          <line num="17" count="9" type="stmt"/>
          <line num="21" count="3" type="stmt"/>
          <line num="30" count="3" type="stmt"/>
          <line num="31" count="3" type="stmt"/>
          <line num="32" count="3" type="stmt"/>
          <line num="35" count="21" type="stmt"/>
          <line num="38" count="3" type="stmt"/>
          <line num="40" count="3" type="cond" truecount="1" falsecount="1"/>
          <line num="41" count="0" type="stmt"/>
          <line num="43" count="3" type="stmt"/>
        </file>
        <file name="ObservableDetails.vue" path="/Users/tomchop/code/yeti/TibetanBrownBear/yeti/web/frontend/src/components/Observables/ObservableDetails.vue">
          <metrics statements="19" coveredstatements="13" conditionals="2" coveredconditionals="1" methods="3" coveredmethods="2"/>
          <line num="25" count="9" type="stmt"/>
          <line num="26" count="9" type="stmt"/>
          <line num="27" count="9" type="stmt"/>
          <line num="31" count="7" type="stmt"/>
          <line num="43" count="0" type="stmt"/>
          <line num="44" count="0" type="stmt"/>
          <line num="48" count="7" type="stmt"/>
          <line num="51" count="2" type="stmt"/>
          <line num="52" count="2" type="stmt"/>
          <line num="55" count="1" type="stmt"/>
          <line num="60" count="9" type="stmt"/>
          <line num="62" count="9" type="cond" truecount="1" falsecount="1"/>
          <line num="63" count="0" type="stmt"/>
          <line num="65" count="9" type="stmt"/>
          <line num="69" count="0" type="stmt"/>
          <line num="70" count="0" type="stmt"/>
          <line num="72" count="9" type="stmt"/>
          <line num="75" count="0" type="stmt"/>
          <line num="79" count="7" type="stmt"/>
        </file>
        <file name="ObservableFields.js" path="/Users/tomchop/code/yeti/TibetanBrownBear/yeti/web/frontend/src/components/Observables/ObservableFields.js">
          <metrics statements="1" coveredstatements="1" conditionals="0" coveredconditionals="0" methods="0" coveredmethods="0"/>
          <line num="1" count="9" type="stmt"/>
        </file>
        <file name="ObservableList.vue" path="/Users/tomchop/code/yeti/TibetanBrownBear/yeti/web/frontend/src/components/Observables/ObservableList.vue">
          <metrics statements="2" coveredstatements="1" conditionals="0" coveredconditionals="0" methods="0" coveredmethods="0"/>
          <line num="6" count="9" type="stmt"/>
          <line num="14" count="0" type="stmt"/>
        </file>
      </package>
      <package name="src.components.helpers">
        <metrics statements="5" coveredstatements="5" conditionals="0" coveredconditionals="0" methods="0" coveredmethods="0"/>
        <file name="Fields.vue" path="/Users/tomchop/code/yeti/TibetanBrownBear/yeti/web/frontend/src/components/helpers/Fields.vue">
          <metrics statements="5" coveredstatements="5" conditionals="0" coveredconditionals="0" methods="0" coveredmethods="0"/>
          <line num="58" count="11" type="stmt"/>
          <line num="61" count="11" type="stmt"/>
          <line num="63" count="11" type="stmt"/>
          <line num="69" count="6" type="stmt"/>
          <line num="74" count="32" type="stmt"/>
        </file>
      </package>
      <package name="src.components.scaffolding">
        <metrics statements="155" coveredstatements="74" conditionals="60" coveredconditionals="14" methods="33" coveredmethods="12"/>
        <file name="MarkdownText.vue" path="/Users/tomchop/code/yeti/TibetanBrownBear/yeti/web/frontend/src/components/scaffolding/MarkdownText.vue">
          <metrics statements="2" coveredstatements="1" conditionals="2" coveredconditionals="0" methods="0" coveredmethods="0"/>
          <line num="6" count="9" type="stmt"/>
          <line num="12" count="0" type="cond" truecount="0" falsecount="2"/>
        </file>
        <file name="Navigation.vue" path="/Users/tomchop/code/yeti/TibetanBrownBear/yeti/web/frontend/src/components/scaffolding/Navigation.vue">
          <metrics statements="5" coveredstatements="0" conditionals="0" coveredconditionals="0" methods="2" coveredmethods="0"/>
          <line num="29" count="0" type="stmt"/>
          <line num="32" count="0" type="stmt"/>
          <line num="37" count="0" type="stmt"/>
          <line num="40" count="0" type="stmt"/>
          <line num="43" count="0" type="stmt"/>
        </file>
        <file name="Pagination.vue" path="/Users/tomchop/code/yeti/TibetanBrownBear/yeti/web/frontend/src/components/scaffolding/Pagination.vue">
          <metrics statements="18" coveredstatements="7" conditionals="16" coveredconditionals="3" methods="1" coveredmethods="1"/>
          <line num="32" count="5" type="stmt"/>
          <line num="39" count="0" type="cond" truecount="0" falsecount="4"/>
          <line num="40" count="0" type="stmt"/>
          <line num="44" count="0" type="cond" truecount="0" falsecount="2"/>
          <line num="45" count="0" type="stmt"/>
          <line num="49" count="0" type="cond" truecount="0" falsecount="2"/>
          <line num="50" count="0" type="stmt"/>
          <line num="56" count="7" type="stmt"/>
          <line num="59" count="9" type="stmt"/>
          <line num="62" count="0" type="stmt"/>
          <line num="65" count="2" type="cond" truecount="2" falsecount="2"/>
          <line num="66" count="2" type="stmt"/>
          <line num="68" count="0" type="cond" truecount="0" falsecount="2"/>
          <line num="69" count="0" type="stmt"/>
          <line num="71" count="0" type="stmt"/>
          <line num="74" count="7" type="cond" truecount="1" falsecount="1"/>
          <line num="75" count="7" type="stmt"/>
          <line num="77" count="0" type="stmt"/>
        </file>
        <file name="TableFilter.vue" path="/Users/tomchop/code/yeti/TibetanBrownBear/yeti/web/frontend/src/components/scaffolding/TableFilter.vue">
          <metrics statements="29" coveredstatements="25" conditionals="6" coveredconditionals="4" methods="5" coveredmethods="4"/>
          <line num="33" count="10" type="stmt"/>
          <line num="34" count="10" type="stmt"/>
          <line num="35" count="10" type="stmt"/>
          <line num="49" count="15" type="stmt"/>
          <line num="66" count="16" type="stmt"/>
          <line num="71" count="0" type="stmt"/>
          <line num="74" count="16" type="stmt"/>
          <line num="75" count="16" type="stmt"/>
          <line num="78" count="16" type="stmt"/>
          <line num="80" count="16" type="stmt"/>
          <line num="81" count="16" type="stmt"/>
          <line num="83" count="16" type="stmt"/>
          <line num="84" count="16" type="stmt"/>
          <line num="85" count="78" type="stmt"/>
          <line num="89" count="0" type="stmt"/>
          <line num="91" count="16" type="stmt"/>
          <line num="94" count="8" type="stmt"/>
          <line num="95" count="8" type="stmt"/>
          <line num="98" count="7" type="cond" truecount="2" falsecount="0"/>
          <line num="99" count="6" type="stmt"/>
          <line num="101" count="1" type="stmt"/>
          <line num="103" count="28" type="stmt"/>
          <line num="106" count="2" type="stmt"/>
          <line num="107" count="2" type="stmt"/>
          <line num="111" count="15" type="stmt"/>
          <line num="112" count="15" type="cond" truecount="2" falsecount="0"/>
          <line num="113" count="2" type="stmt"/>
          <line num="117" count="0" type="cond" truecount="0" falsecount="2"/>
          <line num="118" count="0" type="stmt"/>
        </file>
        <file name="TypeToIcon.vue" path="/Users/tomchop/code/yeti/TibetanBrownBear/yeti/web/frontend/src/components/scaffolding/TypeToIcon.vue">
          <metrics statements="3" coveredstatements="1" conditionals="0" coveredconditionals="0" methods="0" coveredmethods="0"/>
          <line num="7" count="10" type="stmt"/>
          <line num="25" count="0" type="stmt"/>
          <line num="31" count="0" type="stmt"/>
        </file>
        <file name="YetiAutocompleteInput.vue" path="/Users/tomchop/code/yeti/TibetanBrownBear/yeti/web/frontend/src/components/scaffolding/YetiAutocompleteInput.vue">
          <metrics statements="20" coveredstatements="2" conditionals="8" coveredconditionals="0" methods="3" coveredmethods="0"/>
          <line num="18" count="9" type="stmt"/>
          <line num="19" count="9" type="stmt"/>
          <line num="27" count="0" type="stmt"/>
          <line num="36" count="0" type="stmt"/>
          <line num="37" count="0" type="stmt"/>
          <line num="40" count="0" type="stmt"/>
          <line num="41" count="0" type="cond" truecount="0" falsecount="2"/>
          <line num="42" count="0" type="stmt"/>
          <line num="45" count="0" type="stmt"/>
          <line num="46" count="0" type="stmt"/>
          <line num="49" count="0" type="stmt"/>
          <line num="50" count="0" type="cond" truecount="0" falsecount="2"/>
          <line num="51" count="0" type="stmt"/>
          <line num="52" count="0" type="stmt"/>
          <line num="57" count="0" type="stmt"/>
          <line num="58" count="0" type="cond" truecount="0" falsecount="2"/>
          <line num="59" count="0" type="stmt"/>
          <line num="66" count="0" type="stmt"/>
          <line num="70" count="0" type="cond" truecount="0" falsecount="2"/>
          <line num="71" count="0" type="stmt"/>
        </file>
        <file name="YetiForm.vue" path="/Users/tomchop/code/yeti/TibetanBrownBear/yeti/web/frontend/src/components/scaffolding/YetiForm.vue">
          <metrics statements="14" coveredstatements="10" conditionals="0" coveredconditionals="0" methods="6" coveredmethods="3"/>
          <line num="16" count="10" type="stmt"/>
          <line num="17" count="10" type="stmt"/>
          <line num="19" count="10" type="stmt"/>
          <line num="21" count="10" type="stmt"/>
          <line num="31" count="0" type="stmt"/>
          <line num="37" count="4" type="stmt"/>
          <line num="45" count="2" type="stmt"/>
          <line num="46" count="2" type="stmt"/>
          <line num="48" count="2" type="stmt"/>
          <line num="51" count="0" type="stmt"/>
          <line num="54" count="2" type="stmt"/>
          <line num="56" count="2" type="stmt"/>
          <line num="59" count="0" type="stmt"/>
          <line num="62" count="0" type="stmt"/>
        </file>
        <file name="YetiFormField.vue" path="/Users/tomchop/code/yeti/TibetanBrownBear/yeti/web/frontend/src/components/scaffolding/YetiFormField.vue">
          <metrics statements="13" coveredstatements="11" conditionals="0" coveredconditionals="0" methods="2" coveredmethods="0"/>
          <line num="54" count="10" type="stmt"/>
          <line num="56" count="10" type="stmt"/>
          <line num="57" count="10" type="stmt"/>
          <line num="58" count="10" type="stmt"/>
          <line num="59" count="10" type="stmt"/>
          <line num="69" count="6" type="stmt"/>
          <line num="77" count="6" type="stmt"/>
          <line num="80" count="6" type="stmt"/>
          <line num="82" count="0" type="stmt"/>
          <line num="88" count="6" type="stmt"/>
          <line num="92" count="6" type="stmt"/>
          <line num="93" count="6" type="stmt"/>
          <line num="98" count="0" type="stmt"/>
        </file>
        <file name="YetiKillchainInput.vue" path="/Users/tomchop/code/yeti/TibetanBrownBear/yeti/web/frontend/src/components/scaffolding/YetiKillchainInput.vue">
          <metrics statements="18" coveredstatements="2" conditionals="10" coveredconditionals="0" methods="5" coveredmethods="0"/>
          <line num="16" count="10" type="stmt"/>
          <line num="17" count="10" type="stmt"/>
          <line num="25" count="0" type="stmt"/>
          <line num="33" count="0" type="stmt"/>
          <line num="34" count="0" type="cond" truecount="0" falsecount="4"/>
          <line num="35" count="0" type="stmt"/>
          <line num="36" count="0" type="stmt"/>
          <line num="37" count="0" type="stmt"/>
          <line num="42" count="0" type="stmt"/>
          <line num="43" count="0" type="stmt"/>
          <line num="47" count="0" type="stmt"/>
          <line num="50" count="0" type="stmt"/>
          <line num="51" count="0" type="cond" truecount="0" falsecount="2"/>
          <line num="52" count="0" type="stmt"/>
          <line num="59" count="0" type="cond" truecount="0" falsecount="2"/>
          <line num="62" count="0" type="cond" truecount="0" falsecount="2"/>
          <line num="68" count="0" type="stmt"/>
          <line num="69" count="0" type="stmt"/>
        </file>
        <file name="YetiTextInput.vue" path="/Users/tomchop/code/yeti/TibetanBrownBear/yeti/web/frontend/src/components/scaffolding/YetiTextInput.vue">
          <metrics statements="10" coveredstatements="5" conditionals="4" coveredconditionals="1" methods="2" coveredmethods="1"/>
          <line num="9" count="10" type="stmt"/>
          <line num="14" count="4" type="stmt"/>
          <line num="21" count="0" type="stmt"/>
          <line num="22" count="0" type="cond" truecount="0" falsecount="2"/>
          <line num="23" count="0" type="stmt"/>
          <line num="28" count="0" type="stmt"/>
          <line num="32" count="4" type="stmt"/>
          <line num="33" count="4" type="cond" truecount="1" falsecount="1"/>
          <line num="34" count="0" type="stmt"/>
          <line num="39" count="4" type="stmt"/>
        </file>
        <file name="YetiVocabInput.vue" path="/Users/tomchop/code/yeti/TibetanBrownBear/yeti/web/frontend/src/components/scaffolding/YetiVocabInput.vue">
          <metrics statements="23" coveredstatements="10" conditionals="14" coveredconditionals="6" methods="7" coveredmethods="3"/>
          <line num="16" count="10" type="stmt"/>
          <line num="17" count="10" type="stmt"/>
          <line num="25" count="2" type="stmt"/>
          <line num="33" count="0" type="stmt"/>
          <line num="34" count="0" type="cond" truecount="0" falsecount="2"/>
          <line num="35" count="0" type="stmt"/>
          <line num="36" count="0" type="stmt"/>
          <line num="37" count="0" type="stmt"/>
          <line num="42" count="0" type="stmt"/>
          <line num="43" count="0" type="stmt"/>
          <line num="44" count="0" type="stmt"/>
          <line num="47" count="0" type="stmt"/>
          <line num="48" count="0" type="cond" truecount="0" falsecount="2"/>
          <line num="49" count="0" type="stmt"/>
          <line num="56" count="2" type="stmt"/>
          <line num="59" count="5" type="cond" truecount="2" falsecount="0"/>
          <line num="60" count="3" type="cond" truecount="1" falsecount="1"/>
          <line num="62" count="9" type="cond" truecount="1" falsecount="1"/>
          <line num="67" count="2" type="cond" truecount="1" falsecount="1"/>
          <line num="68" count="0" type="stmt"/>
          <line num="73" count="2" type="stmt"/>
          <line num="74" count="2" type="cond" truecount="1" falsecount="1"/>
          <line num="75" count="0" type="stmt"/>
        </file>
      </package>
      <package name="src.views">
        <metrics statements="1" coveredstatements="0" conditionals="0" coveredconditionals="0" methods="0" coveredmethods="0"/>
        <file name="Home.vue" path="/Users/tomchop/code/yeti/TibetanBrownBear/yeti/web/frontend/src/views/Home.vue">
          <metrics statements="1" coveredstatements="0" conditionals="0" coveredconditionals="0" methods="0" coveredmethods="0"/>
          <line num="10" count="0" type="stmt"/>
        </file>
      </package>
    </metrics>
  </project>
</coverage>
