{"/Users/tomchop/code/yeti/TibetanBrownBear/yeti/web/frontend/src/App.vue": {"path":"/Users/tomchop/code/yeti/TibetanBrownBear/yeti/web/frontend/src/App.vue","statementMap":{"0":{"start":{"line":21,"column":0},"end":{"line":null,"column":-1}},"1":{"start":{"line":22,"column":0},"end":{"line":null,"column":-1}},"2":{"start":{"line":23,"column":0},"end":{"line":null,"column":-1}},"3":{"start":{"line":24,"column":0},"end":{"line":null,"column":-1}},"4":{"start":{"line":25,"column":0},"end":{"line":null,"column":-1}},"5":{"start":{"line":27,"column":0},"end":{"line":null,"column":-1}},"6":{"start":{"line":28,"column":0},"end":{"line":null,"column":-1}},"7":{"start":{"line":29,"column":0},"end":{"line":null,"column":-1}},"8":{"start":{"line":51,"column":0},"end":{"line":null,"column":-1}},"9":{"start":{"line":55,"column":0},"end":{"line":null,"column":-1}},"10":{"start":{"line":56,"column":0},"end":{"line":63,"column":0}},"11":{"start":{"line":57,"column":0},"end":{"line":61,"column":0}},"12":{"start":{"line":58,"column":0},"end":{"line":60,"column":0}},"13":{"start":{"line":59,"column":0},"end":{"line":null,"column":-1}},"14":{"start":{"line":62,"column":0},"end":{"line":null,"column":-1}}},"fnMap":{"0":{"name":"(anonymous_1)","decl":{"start":{"line":56,"column":0},"end":{"line":null,"column":-1}},"loc":{"start":{"line":56,"column":0},"end":{"line":63,"column":0}}},"1":{"name":"(anonymous_2)","decl":{"start":{"line":58,"column":0},"end":{"line":null,"column":-1}},"loc":{"start":{"line":58,"column":0},"end":{"line":60,"column":0}}}},"branchMap":{"0":{"loc":{"start":{"line":57,"column":0},"end":{"line":61,"column":0}},"type":"if","locations":[{"start":{"line":57,"column":0},"end":{"line":61,"column":0}},{"start":{"line":57,"column":0},"end":{"line":61,"column":0}}]},"1":{"loc":{"start":{"line":57,"column":0},"end":{"line":null,"column":-1}},"type":"binary-expr","locations":[{"start":{"line":57,"column":0},"end":{"line":null,"column":-1}},{"start":{"line":57,"column":0},"end":{"line":null,"column":-1}}]}},"s":{"0":0,"1":0,"2":0,"3":0,"4":0,"5":0,"6":0,"7":0,"8":0,"9":0,"10":0,"11":0,"12":0,"13":0,"14":0},"f":{"0":0,"1":0},"b":{"0":[0,0],"1":[0,0]}}
,"/Users/tomchop/code/yeti/TibetanBrownBear/yeti/web/frontend/src/router.js": {"path":"/Users/tomchop/code/yeti/TibetanBrownBear/yeti/web/frontend/src/router.js","statementMap":{"0":{"start":{"line":26,"column":0},"end":{"line":26,"column":15}},"1":{"start":{"line":28,"column":18},"end":{"line":28,"column":91}},"2":{"start":{"line":30,"column":28},"end":{"line":60,"column":1}},"3":{"start":{"line":57,"column":26},"end":{"line":57,"column":68}},"4":{"start":{"line":62,"column":31},"end":{"line":92,"column":1}},"5":{"start":{"line":89,"column":26},"end":{"line":89,"column":68}},"6":{"start":{"line":94,"column":32},"end":{"line":123,"column":1}},"7":{"start":{"line":115,"column":26},"end":{"line":115,"column":68}},"8":{"start":{"line":125,"column":36},"end":{"line":129,"column":1}},"9":{"start":{"line":131,"column":30},"end":{"line":152,"column":1}},"10":{"start":{"line":154,"column":22},"end":{"line":171,"column":1}}},"fnMap":{"0":{"name":"(anonymous_0)","decl":{"start":{"line":57,"column":13},"end":{"line":57,"column":14}},"loc":{"start":{"line":57,"column":24},"end":{"line":57,"column":70}},"line":57},"1":{"name":"(anonymous_1)","decl":{"start":{"line":89,"column":13},"end":{"line":89,"column":14}},"loc":{"start":{"line":89,"column":24},"end":{"line":89,"column":70}},"line":89},"2":{"name":"(anonymous_2)","decl":{"start":{"line":115,"column":13},"end":{"line":115,"column":14}},"loc":{"start":{"line":115,"column":24},"end":{"line":115,"column":70}},"line":115}},"branchMap":{},"s":{"0":9,"1":9,"2":9,"3":0,"4":9,"5":0,"6":9,"7":0,"8":9,"9":9,"10":9},"f":{"0":0,"1":0,"2":0},"b":{},"_coverageSchema":"332fd63041d2c1bcb487cc26dd0d5f7d97098a6c","hash":"8520e7d9f3356650985105010ff73ee0780847b1"}
,"/Users/tomchop/code/yeti/TibetanBrownBear/yeti/web/frontend/src/store.js": {"path":"/Users/tomchop/code/yeti/TibetanBrownBear/yeti/web/frontend/src/store.js","statementMap":{"0":{"start":{"line":1,"column":0},"end":{"line":null,"column":-1}},"1":{"start":{"line":2,"column":0},"end":{"line":null,"column":-1}},"2":{"start":{"line":3,"column":0},"end":{"line":null,"column":-1}},"3":{"start":{"line":5,"column":0},"end":{"line":null,"column":-1}},"4":{"start":{"line":8,"column":2},"end":{"line":10,"column":3}},"5":{"start":{"line":9,"column":4},"end":{"line":null,"column":-1}},"6":{"start":{"line":11,"column":15},"end":{"line":11,"column":2}},"7":{"start":{"line":12,"column":14},"end":{"line":12,"column":2}},"8":{"start":{"line":13,"column":14},"end":{"line":13,"column":2}},"9":{"start":{"line":14,"column":2},"end":{"line":null,"column":-1}},"10":{"start":{"line":18,"column":2},"end":{"line":20,"column":3}},"11":{"start":{"line":19,"column":4},"end":{"line":null,"column":-1}},"12":{"start":{"line":21,"column":2},"end":{"line":null,"column":-1}},"13":{"start":{"line":24,"column":0},"end":{"line":null,"column":-1}},"14":{"start":{"line":25,"column":14},"end":{"line":25,"column":0}},"15":{"start":{"line":29,"column":16},"end":{"line":29,"column":0}},"16":{"start":{"line":31,"column":4},"end":{"line":null,"column":-1}},"17":{"start":{"line":32,"column":6},"end":{"line":null,"column":-1}},"18":{"start":{"line":33,"column":6},"end":{"line":null,"column":-1}},"19":{"start":{"line":35,"column":10},"end":{"line":null,"column":-1}},"20":{"start":{"line":36,"column":10},"end":{"line":null,"column":-1}},"21":{"start":{"line":37,"column":10},"end":{"line":null,"column":-1}},"22":{"start":{"line":40,"column":10},"end":{"line":null,"column":-1}},"23":{"start":{"line":41,"column":10},"end":{"line":null,"column":-1}},"24":{"start":{"line":46,"column":4},"end":{"line":null,"column":-1}},"25":{"start":{"line":47,"column":6},"end":{"line":null,"column":-1}},"26":{"start":{"line":48,"column":6},"end":{"line":null,"column":-1}},"27":{"start":{"line":49,"column":6},"end":{"line":49,"column":13}},"28":{"start":{"line":54,"column":18},"end":{"line":54,"column":0}},"29":{"start":{"line":56,"column":4},"end":{"line":null,"column":-1}},"30":{"start":{"line":57,"column":4},"end":{"line":null,"column":-1}},"31":{"start":{"line":58,"column":4},"end":{"line":null,"column":-1}},"32":{"start":{"line":61,"column":4},"end":{"line":null,"column":-1}},"33":{"start":{"line":62,"column":4},"end":{"line":null,"column":-1}},"34":{"start":{"line":65,"column":4},"end":{"line":null,"column":-1}},"35":{"start":{"line":66,"column":4},"end":{"line":null,"column":-1}},"36":{"start":{"line":67,"column":4},"end":{"line":null,"column":-1}},"37":{"start":{"line":68,"column":4},"end":{"line":null,"column":-1}},"38":{"start":{"line":71,"column":4},"end":{"line":null,"column":-1}},"39":{"start":{"line":72,"column":4},"end":{"line":null,"column":-1}},"40":{"start":{"line":73,"column":4},"end":{"line":null,"column":-1}},"41":{"start":{"line":77,"column":16},"end":{"line":77,"column":0}},"42":{"start":{"line":78,"column":28},"end":{"line":77,"column":16}},"43":{"start":{"line":79,"column":25},"end":{"line":79,"column":38}},"44":{"start":{"line":82,"column":14},"end":{"line":82,"column":0}}},"fnMap":{"0":{"name":"isValidJwt","decl":{"start":{"line":7,"column":9},"end":{"line":7,"column":0}},"loc":{"start":{"line":7,"column":26},"end":{"line":15,"column":1}}},"1":{"name":"getJwtSubject","decl":{"start":{"line":17,"column":9},"end":{"line":17,"column":0}},"loc":{"start":{"line":17,"column":29},"end":{"line":22,"column":1}}},"2":{"name":"(anonymous_2)","decl":{"start":{"line":31,"column":23},"end":{"line":31,"column":24}},"loc":{"start":{"line":31,"column":44},"end":{"line":31,"column":11}}},"3":{"name":"(anonymous_3)","decl":{"start":{"line":34,"column":14},"end":{"line":34,"column":21}},"loc":{"start":{"line":34,"column":26},"end":{"line":33,"column":6}}},"4":{"name":"(anonymous_4)","decl":{"start":{"line":39,"column":15},"end":{"line":39,"column":17}},"loc":{"start":{"line":39,"column":22},"end":{"line":33,"column":6}}},"5":{"name":"(anonymous_5)","decl":{"start":{"line":46,"column":23},"end":{"line":46,"column":24}},"loc":{"start":{"line":46,"column":44},"end":{"line":46,"column":11}}},"6":{"name":"(anonymous_6)","decl":{"start":{"line":78,"column":19},"end":{"line":78,"column":23}},"loc":{"start":{"line":78,"column":28},"end":{"line":77,"column":16}}},"7":{"name":"(anonymous_7)","decl":{"start":{"line":79,"column":16},"end":{"line":79,"column":20}},"loc":{"start":{"line":79,"column":25},"end":{"line":79,"column":38}}}},"branchMap":{"0":{"loc":{"start":{"line":8,"column":2},"end":{"line":10,"column":3}},"type":"if","locations":[{"start":{"line":8,"column":2},"end":{"line":10,"column":3}},{"start":{"line":8,"column":2},"end":{"line":10,"column":3}}]},"1":{"loc":{"start":{"line":8,"column":6},"end":{"line":8,"column":5}},"type":"binary-expr","locations":[{"start":{"line":8,"column":6},"end":{"line":8,"column":5}},{"start":{"line":8,"column":14},"end":{"line":8,"column":2}}]},"2":{"loc":{"start":{"line":18,"column":2},"end":{"line":20,"column":3}},"type":"if","locations":[{"start":{"line":18,"column":2},"end":{"line":20,"column":3}},{"start":{"line":18,"column":2},"end":{"line":20,"column":3}}]},"3":{"loc":{"start":{"line":26,"column":9},"end":{"line":26,"column":46}},"type":"binary-expr","locations":[{"start":{"line":26,"column":9},"end":{"line":26,"column":46}},{"start":{"line":26,"column":47},"end":{"line":null,"column":-1}}]}},"s":{"0":0,"1":0,"2":0,"3":0,"4":0,"5":0,"6":0,"7":0,"8":0,"9":0,"10":0,"11":0,"12":0,"13":0,"14":0,"15":0,"16":0,"17":0,"18":0,"19":0,"20":0,"21":0,"22":0,"23":0,"24":0,"25":0,"26":0,"27":0,"28":0,"29":0,"30":0,"31":0,"32":0,"33":0,"34":0,"35":0,"36":0,"37":0,"38":0,"39":0,"40":0,"41":0,"42":0,"43":0,"44":0},"f":{"0":0,"1":0,"2":0,"3":0,"4":0,"5":0,"6":0,"7":0},"b":{"0":[0,0],"1":[0,0],"2":[0,0],"3":[0,0]}}
,"/Users/tomchop/code/yeti/TibetanBrownBear/yeti/web/frontend/src/components/LogIn.vue": {"path":"/Users/tomchop/code/yeti/TibetanBrownBear/yeti/web/frontend/src/components/LogIn.vue","statementMap":{"0":{"start":{"line":33,"column":0},"end":{"line":null,"column":-1}},"1":{"start":{"line":42,"column":0},"end":{"line":null,"column":-1}},"2":{"start":{"line":43,"column":0},"end":{"line":null,"column":-1}},"3":{"start":{"line":44,"column":0},"end":{"line":52,"column":0}},"4":{"start":{"line":46,"column":0},"end":{"line":null,"column":-1}},"5":{"start":{"line":47,"column":0},"end":{"line":null,"column":-1}},"6":{"start":{"line":50,"column":0},"end":{"line":null,"column":-1}},"7":{"start":{"line":52,"column":0},"end":{"line":null,"column":-1}},"8":{"start":{"line":57,"column":0},"end":{"line":null,"column":-1}}},"fnMap":{"0":{"name":"(anonymous_1)","decl":{"start":{"line":44,"column":0},"end":{"line":null,"column":-1}},"loc":{"start":{"line":44,"column":0},"end":{"line":48,"column":0}}},"1":{"name":"(anonymous_2)","decl":{"start":{"line":48,"column":0},"end":{"line":null,"column":-1}},"loc":{"start":{"line":48,"column":0},"end":{"line":51,"column":0}}},"2":{"name":"(anonymous_3)","decl":{"start":{"line":51,"column":0},"end":{"line":null,"column":-1}},"loc":{"start":{"line":51,"column":0},"end":{"line":52,"column":0}}}},"branchMap":{"0":{"loc":{"start":{"line":57,"column":0},"end":{"line":null,"column":-1}},"type":"binary-expr","locations":[{"start":{"line":57,"column":0},"end":{"line":null,"column":-1}},{"start":{"line":57,"column":0},"end":{"line":null,"column":-1}},{"start":{"line":57,"column":0},"end":{"line":null,"column":-1}}]}},"s":{"0":0,"1":0,"2":0,"3":0,"4":0,"5":0,"6":0,"7":0,"8":0},"f":{"0":0,"1":0,"2":0},"b":{"0":[0,0,0]}}
,"/Users/tomchop/code/yeti/TibetanBrownBear/yeti/web/frontend/src/components/Admin/Async.vue": {"path":"/Users/tomchop/code/yeti/TibetanBrownBear/yeti/web/frontend/src/components/Admin/Async.vue","statementMap":{"0":{"start":{"line":18,"column":0},"end":{"line":null,"column":-1}},"1":{"start":{"line":19,"column":0},"end":{"line":null,"column":-1}},"2":{"start":{"line":21,"column":0},"end":{"line":null,"column":-1}},"3":{"start":{"line":28,"column":0},"end":{"line":null,"column":-1}},"4":{"start":{"line":47,"column":0},"end":{"line":null,"column":-1}},"5":{"start":{"line":48,"column":0},"end":{"line":52,"column":0}},"6":{"start":{"line":49,"column":0},"end":{"line":51,"column":0}},"7":{"start":{"line":50,"column":0},"end":{"line":null,"column":-1}},"8":{"start":{"line":55,"column":0},"end":{"line":null,"column":-1}},"9":{"start":{"line":56,"column":0},"end":{"line":60,"column":0}},"10":{"start":{"line":57,"column":0},"end":{"line":59,"column":0}},"11":{"start":{"line":58,"column":0},"end":{"line":null,"column":-1}}},"fnMap":{"0":{"name":"(anonymous_1)","decl":{"start":{"line":48,"column":0},"end":{"line":null,"column":-1}},"loc":{"start":{"line":48,"column":0},"end":{"line":52,"column":0}}},"1":{"name":"(anonymous_2)","decl":{"start":{"line":56,"column":0},"end":{"line":null,"column":-1}},"loc":{"start":{"line":56,"column":0},"end":{"line":60,"column":0}}}},"branchMap":{"0":{"loc":{"start":{"line":49,"column":0},"end":{"line":51,"column":0}},"type":"if","locations":[{"start":{"line":49,"column":0},"end":{"line":51,"column":0}},{"start":{"line":49,"column":0},"end":{"line":51,"column":0}}]},"1":{"loc":{"start":{"line":57,"column":0},"end":{"line":59,"column":0}},"type":"if","locations":[{"start":{"line":57,"column":0},"end":{"line":59,"column":0}},{"start":{"line":57,"column":0},"end":{"line":59,"column":0}}]}},"s":{"0":9,"1":9,"2":9,"3":2,"4":1,"5":1,"6":1,"7":1,"8":1,"9":1,"10":1,"11":1},"f":{"0":1,"1":1},"b":{"0":[1,0],"1":[1,0]}}
,"/Users/tomchop/code/yeti/TibetanBrownBear/yeti/web/frontend/src/components/Admin/KillChains.vue": {"path":"/Users/tomchop/code/yeti/TibetanBrownBear/yeti/web/frontend/src/components/Admin/KillChains.vue","statementMap":{"0":{"start":{"line":48,"column":0},"end":{"line":null,"column":-1}},"1":{"start":{"line":52,"column":0},"end":{"line":null,"column":-1}},"2":{"start":{"line":59,"column":0},"end":{"line":62,"column":0}},"3":{"start":{"line":61,"column":0},"end":{"line":null,"column":-1}},"4":{"start":{"line":65,"column":0},"end":{"line":null,"column":-1}},"5":{"start":{"line":66,"column":0},"end":{"line":75,"column":0}},"6":{"start":{"line":68,"column":0},"end":{"line":null,"column":-1}},"7":{"start":{"line":71,"column":0},"end":{"line":null,"column":-1}},"8":{"start":{"line":74,"column":0},"end":{"line":null,"column":-1}},"9":{"start":{"line":78,"column":0},"end":{"line":null,"column":-1}},"10":{"start":{"line":81,"column":0},"end":{"line":null,"column":-1}},"11":{"start":{"line":85,"column":0},"end":{"line":null,"column":-1}}},"fnMap":{"0":{"name":"(anonymous_1)","decl":{"start":{"line":59,"column":0},"end":{"line":null,"column":-1}},"loc":{"start":{"line":59,"column":0},"end":{"line":62,"column":0}}},"1":{"name":"(anonymous_2)","decl":{"start":{"line":66,"column":0},"end":{"line":null,"column":-1}},"loc":{"start":{"line":66,"column":0},"end":{"line":69,"column":0}}},"2":{"name":"(anonymous_3)","decl":{"start":{"line":69,"column":0},"end":{"line":null,"column":-1}},"loc":{"start":{"line":69,"column":0},"end":{"line":72,"column":0}}},"3":{"name":"(anonymous_4)","decl":{"start":{"line":72,"column":0},"end":{"line":null,"column":-1}},"loc":{"start":{"line":72,"column":0},"end":{"line":75,"column":0}}}},"branchMap":{},"s":{"0":9,"1":0,"2":0,"3":0,"4":0,"5":0,"6":0,"7":0,"8":0,"9":0,"10":0,"11":0},"f":{"0":0,"1":0,"2":0,"3":0},"b":{}}
,"/Users/tomchop/code/yeti/TibetanBrownBear/yeti/web/frontend/src/components/Admin/Tags.vue": {"path":"/Users/tomchop/code/yeti/TibetanBrownBear/yeti/web/frontend/src/components/Admin/Tags.vue","statementMap":{"0":{"start":{"line":21,"column":0},"end":{"line":null,"column":-1}},"1":{"start":{"line":22,"column":0},"end":{"line":null,"column":-1}},"2":{"start":{"line":24,"column":0},"end":{"line":null,"column":-1}},"3":{"start":{"line":32,"column":0},"end":{"line":null,"column":-1}},"4":{"start":{"line":48,"column":0},"end":{"line":null,"column":-1}},"5":{"start":{"line":53,"column":0},"end":{"line":null,"column":-1}},"6":{"start":{"line":54,"column":0},"end":{"line":null,"column":-1}}},"fnMap":{},"branchMap":{},"s":{"0":9,"1":9,"2":9,"3":3,"4":7,"5":1,"6":1},"f":{},"b":{}}
,"/Users/tomchop/code/yeti/TibetanBrownBear/yeti/web/frontend/src/components/Entities/EntityDetails.vue": {"path":"/Users/tomchop/code/yeti/TibetanBrownBear/yeti/web/frontend/src/components/Entities/EntityDetails.vue","statementMap":{"0":{"start":{"line":190,"column":0},"end":{"line":null,"column":-1}},"1":{"start":{"line":192,"column":0},"end":{"line":null,"column":-1}},"2":{"start":{"line":193,"column":0},"end":{"line":null,"column":-1}},"3":{"start":{"line":194,"column":0},"end":{"line":null,"column":-1}},"4":{"start":{"line":195,"column":0},"end":{"line":null,"column":-1}},"5":{"start":{"line":196,"column":0},"end":{"line":null,"column":-1}},"6":{"start":{"line":198,"column":0},"end":{"line":null,"column":-1}},"7":{"start":{"line":199,"column":0},"end":{"line":null,"column":-1}},"8":{"start":{"line":203,"column":0},"end":{"line":null,"column":-1}},"9":{"start":{"line":220,"column":0},"end":{"line":null,"column":-1}},"10":{"start":{"line":221,"column":0},"end":{"line":null,"column":-1}},"11":{"start":{"line":224,"column":0},"end":{"line":null,"column":-1}},"12":{"start":{"line":227,"column":0},"end":{"line":null,"column":-1}},"13":{"start":{"line":232,"column":0},"end":{"line":null,"column":-1}},"14":{"start":{"line":233,"column":0},"end":{"line":244,"column":0}},"15":{"start":{"line":235,"column":0},"end":{"line":239,"column":0}},"16":{"start":{"line":236,"column":0},"end":{"line":null,"column":-1}},"17":{"start":{"line":238,"column":0},"end":{"line":null,"column":-1}},"18":{"start":{"line":242,"column":0},"end":{"line":null,"column":-1}},"19":{"start":{"line":244,"column":0},"end":{"line":null,"column":-1}},"20":{"start":{"line":247,"column":0},"end":{"line":null,"column":-1}},"21":{"start":{"line":250,"column":0},"end":{"line":null,"column":-1}},"22":{"start":{"line":251,"column":0},"end":{"line":255,"column":0}},"23":{"start":{"line":252,"column":0},"end":{"line":254,"column":0}},"24":{"start":{"line":253,"column":0},"end":{"line":null,"column":-1}},"25":{"start":{"line":256,"column":0},"end":{"line":null,"column":-1}},"26":{"start":{"line":259,"column":0},"end":{"line":null,"column":-1}},"27":{"start":{"line":260,"column":0},"end":{"line":264,"column":0}},"28":{"start":{"line":261,"column":0},"end":{"line":263,"column":0}},"29":{"start":{"line":262,"column":0},"end":{"line":null,"column":-1}},"30":{"start":{"line":265,"column":0},"end":{"line":null,"column":-1}},"31":{"start":{"line":268,"column":0},"end":{"line":null,"column":-1}},"32":{"start":{"line":283,"column":0},"end":{"line":null,"column":-1}},"33":{"start":{"line":286,"column":0},"end":{"line":null,"column":-1}},"34":{"start":{"line":290,"column":0},"end":{"line":null,"column":-1}}},"fnMap":{"0":{"name":"(anonymous_1)","decl":{"start":{"line":233,"column":0},"end":{"line":null,"column":-1}},"loc":{"start":{"line":233,"column":0},"end":{"line":240,"column":0}}},"1":{"name":"(anonymous_2)","decl":{"start":{"line":240,"column":0},"end":{"line":null,"column":-1}},"loc":{"start":{"line":240,"column":0},"end":{"line":243,"column":0}}},"2":{"name":"(anonymous_3)","decl":{"start":{"line":243,"column":0},"end":{"line":null,"column":-1}},"loc":{"start":{"line":243,"column":0},"end":{"line":244,"column":0}}}},"branchMap":{"0":{"loc":{"start":{"line":235,"column":0},"end":{"line":239,"column":0}},"type":"if","locations":[{"start":{"line":235,"column":0},"end":{"line":239,"column":0}},{"start":{"line":235,"column":0},"end":{"line":239,"column":0}}]},"1":{"loc":{"start":{"line":252,"column":0},"end":{"line":254,"column":0}},"type":"if","locations":[{"start":{"line":252,"column":0},"end":{"line":254,"column":0}},{"start":{"line":252,"column":0},"end":{"line":254,"column":0}}]},"2":{"loc":{"start":{"line":261,"column":0},"end":{"line":263,"column":0}},"type":"if","locations":[{"start":{"line":261,"column":0},"end":{"line":263,"column":0}},{"start":{"line":261,"column":0},"end":{"line":263,"column":0}}]},"3":{"loc":{"start":{"line":283,"column":0},"end":{"line":null,"column":-1}},"type":"binary-expr","locations":[{"start":{"line":283,"column":0},"end":{"line":null,"column":-1}},{"start":{"line":283,"column":0},"end":{"line":null,"column":-1}},{"start":{"line":283,"column":0},"end":{"line":null,"column":-1}}]},"4":{"loc":{"start":{"line":286,"column":0},"end":{"line":null,"column":-1}},"type":"binary-expr","locations":[{"start":{"line":286,"column":0},"end":{"line":null,"column":-1}},{"start":{"line":286,"column":0},"end":{"line":null,"column":-1}}]}},"s":{"0":9,"1":9,"2":9,"3":9,"4":9,"5":9,"6":9,"7":9,"8":7,"9":7,"10":7,"11":1,"12":7,"13":9,"14":9,"15":9,"16":0,"17":9,"18":0,"19":9,"20":0,"21":9,"22":9,"23":54,"24":0,"25":9,"26":9,"27":9,"28":54,"29":0,"30":9,"31":54,"32":54,"33":54,"34":7},"f":{"0":9,"1":0,"2":9},"b":{"0":[0,9],"1":[0,54],"2":[0,54],"3":[54,54,0],"4":[54,54]}}
,"/Users/tomchop/code/yeti/TibetanBrownBear/yeti/web/frontend/src/components/Entities/EntityFields.js": {"path":"/Users/tomchop/code/yeti/TibetanBrownBear/yeti/web/frontend/src/components/Entities/EntityFields.js","statementMap":{"0":{"start":{"line":1,"column":26},"end":{"line":84,"column":1}},"1":{"start":{"line":86,"column":26},"end":{"line":150,"column":1}},"2":{"start":{"line":152,"column":30},"end":{"line":185,"column":1}}},"fnMap":{},"branchMap":{},"s":{"0":10,"1":10,"2":10},"f":{},"b":{},"_coverageSchema":"332fd63041d2c1bcb487cc26dd0d5f7d97098a6c","hash":"cba074623f1210c0ce582f64d6063c7616793b2b"}
,"/Users/tomchop/code/yeti/TibetanBrownBear/yeti/web/frontend/src/components/Entities/EntityList.vue": {"path":"/Users/tomchop/code/yeti/TibetanBrownBear/yeti/web/frontend/src/components/Entities/EntityList.vue","statementMap":{"0":{"start":{"line":17,"column":0},"end":{"line":null,"column":-1}},"1":{"start":{"line":18,"column":0},"end":{"line":null,"column":-1}},"2":{"start":{"line":19,"column":0},"end":{"line":null,"column":-1}},"3":{"start":{"line":28,"column":0},"end":{"line":null,"column":-1}},"4":{"start":{"line":36,"column":0},"end":{"line":null,"column":-1}}},"fnMap":{},"branchMap":{},"s":{"0":10,"1":10,"2":10,"3":1,"4":1},"f":{},"b":{}}
,"/Users/tomchop/code/yeti/TibetanBrownBear/yeti/web/frontend/src/components/Entities/EntityTypes.js": {"path":"/Users/tomchop/code/yeti/TibetanBrownBear/yeti/web/frontend/src/components/Entities/EntityTypes.js","statementMap":{"0":{"start":{"line":1,"column":27},"end":{"line":42,"column":1}}},"fnMap":{},"branchMap":{},"s":{"0":10},"f":{},"b":{},"_coverageSchema":"332fd63041d2c1bcb487cc26dd0d5f7d97098a6c","hash":"ef073d83d52ca70d8db39ddb1da68542d1f7d234"}
,"/Users/tomchop/code/yeti/TibetanBrownBear/yeti/web/frontend/src/components/Entities/KillChainView.vue": {"path":"/Users/tomchop/code/yeti/TibetanBrownBear/yeti/web/frontend/src/components/Entities/KillChainView.vue","statementMap":{"0":{"start":{"line":27,"column":0},"end":{"line":null,"column":-1}},"1":{"start":{"line":28,"column":0},"end":{"line":null,"column":-1}},"2":{"start":{"line":29,"column":0},"end":{"line":null,"column":-1}},"3":{"start":{"line":38,"column":0},"end":{"line":null,"column":-1}},"4":{"start":{"line":46,"column":0},"end":{"line":61,"column":0}},"5":{"start":{"line":48,"column":0},"end":{"line":null,"column":-1}},"6":{"start":{"line":49,"column":0},"end":{"line":null,"column":-1}},"7":{"start":{"line":50,"column":0},"end":{"line":55,"column":0}},"8":{"start":{"line":51,"column":0},"end":{"line":null,"column":-1}},"9":{"start":{"line":52,"column":0},"end":{"line":54,"column":0}},"10":{"start":{"line":53,"column":0},"end":{"line":null,"column":-1}},"11":{"start":{"line":56,"column":0},"end":{"line":null,"column":-1}},"12":{"start":{"line":57,"column":0},"end":{"line":null,"column":-1}},"13":{"start":{"line":60,"column":0},"end":{"line":null,"column":-1}},"14":{"start":{"line":65,"column":0},"end":{"line":null,"column":-1}},"15":{"start":{"line":68,"column":0},"end":{"line":74,"column":0}},"16":{"start":{"line":70,"column":0},"end":{"line":null,"column":-1}},"17":{"start":{"line":73,"column":0},"end":{"line":null,"column":-1}},"18":{"start":{"line":77,"column":0},"end":{"line":null,"column":-1}},"19":{"start":{"line":81,"column":0},"end":{"line":85,"column":0}},"20":{"start":{"line":83,"column":0},"end":{"line":null,"column":-1}},"21":{"start":{"line":85,"column":0},"end":{"line":null,"column":-1}},"22":{"start":{"line":88,"column":0},"end":{"line":93,"column":0}},"23":{"start":{"line":89,"column":0},"end":{"line":null,"column":-1}},"24":{"start":{"line":90,"column":0},"end":{"line":92,"column":0}},"25":{"start":{"line":91,"column":0},"end":{"line":null,"column":-1}},"26":{"start":{"line":97,"column":0},"end":{"line":null,"column":-1}}},"fnMap":{"0":{"name":"(anonymous_1)","decl":{"start":{"line":46,"column":0},"end":{"line":null,"column":-1}},"loc":{"start":{"line":46,"column":0},"end":{"line":58,"column":0}}},"1":{"name":"(anonymous_2)","decl":{"start":{"line":58,"column":0},"end":{"line":null,"column":-1}},"loc":{"start":{"line":58,"column":0},"end":{"line":61,"column":0}}},"2":{"name":"(anonymous_3)","decl":{"start":{"line":61,"column":0},"end":{"line":null,"column":-1}},"loc":{"start":{"line":61,"column":0},"end":{"line":null,"column":-1}}},"3":{"name":"(anonymous_4)","decl":{"start":{"line":68,"column":0},"end":{"line":null,"column":-1}},"loc":{"start":{"line":68,"column":0},"end":{"line":71,"column":0}}},"4":{"name":"(anonymous_5)","decl":{"start":{"line":71,"column":0},"end":{"line":null,"column":-1}},"loc":{"start":{"line":71,"column":0},"end":{"line":74,"column":0}}},"5":{"name":"(anonymous_6)","decl":{"start":{"line":74,"column":0},"end":{"line":null,"column":-1}},"loc":{"start":{"line":74,"column":0},"end":{"line":null,"column":-1}}},"6":{"name":"(anonymous_7)","decl":{"start":{"line":81,"column":0},"end":{"line":null,"column":-1}},"loc":{"start":{"line":81,"column":0},"end":{"line":84,"column":0}}},"7":{"name":"(anonymous_8)","decl":{"start":{"line":84,"column":0},"end":{"line":null,"column":-1}},"loc":{"start":{"line":84,"column":0},"end":{"line":85,"column":0}}},"8":{"name":"(anonymous_9)","decl":{"start":{"line":90,"column":0},"end":{"line":null,"column":-1}},"loc":{"start":{"line":90,"column":0},"end":{"line":92,"column":0}}}},"branchMap":{"0":{"loc":{"start":{"line":89,"column":0},"end":{"line":null,"column":-1}},"type":"if","locations":[{"start":{"line":89,"column":0},"end":{"line":null,"column":-1}},{"start":{"line":89,"column":0},"end":{"line":null,"column":-1}}]}},"s":{"0":10,"1":10,"2":10,"3":1,"4":3,"5":3,"6":3,"7":3,"8":3,"9":3,"10":3,"11":3,"12":3,"13":0,"14":9,"15":3,"16":3,"17":0,"18":3,"19":3,"20":3,"21":3,"22":3,"23":9,"24":3,"25":3,"26":1},"f":{"0":3,"1":0,"2":3,"3":3,"4":0,"5":3,"6":3,"7":3,"8":3},"b":{"0":[3,3]}}
,"/Users/tomchop/code/yeti/TibetanBrownBear/yeti/web/frontend/src/components/Entities/NewEntity.vue": {"path":"/Users/tomchop/code/yeti/TibetanBrownBear/yeti/web/frontend/src/components/Entities/NewEntity.vue","statementMap":{"0":{"start":{"line":10,"column":0},"end":{"line":null,"column":-1}},"1":{"start":{"line":11,"column":0},"end":{"line":null,"column":-1}},"2":{"start":{"line":18,"column":0},"end":{"line":null,"column":-1}},"3":{"start":{"line":26,"column":0},"end":{"line":null,"column":-1}}},"fnMap":{"0":{"name":"(anonymous_1)","decl":{"start":{"line":25,"column":0},"end":{"line":null,"column":-1}},"loc":{"start":{"line":25,"column":0},"end":{"line":27,"column":0}}}},"branchMap":{},"s":{"0":9,"1":9,"2":3,"3":1},"f":{"0":1},"b":{}}
,"/Users/tomchop/code/yeti/TibetanBrownBear/yeti/web/frontend/src/components/Graph/DeleteLinks.vue": {"path":"/Users/tomchop/code/yeti/TibetanBrownBear/yeti/web/frontend/src/components/Graph/DeleteLinks.vue","statementMap":{"0":{"start":{"line":9,"column":0},"end":{"line":null,"column":-1}},"1":{"start":{"line":15,"column":0},"end":{"line":17,"column":0}},"2":{"start":{"line":16,"column":0},"end":{"line":null,"column":-1}},"3":{"start":{"line":18,"column":0},"end":{"line":21,"column":0}},"4":{"start":{"line":20,"column":0},"end":{"line":null,"column":-1}}},"fnMap":{"0":{"name":"(anonymous_1)","decl":{"start":{"line":14,"column":0},"end":{"line":null,"column":-1}},"loc":{"start":{"line":14,"column":0},"end":{"line":22,"column":0}}},"1":{"name":"(anonymous_2)","decl":{"start":{"line":18,"column":0},"end":{"line":null,"column":-1}},"loc":{"start":{"line":18,"column":0},"end":{"line":21,"column":0}}}},"branchMap":{"0":{"loc":{"start":{"line":15,"column":0},"end":{"line":17,"column":0}},"type":"if","locations":[{"start":{"line":15,"column":0},"end":{"line":17,"column":0}},{"start":{"line":15,"column":0},"end":{"line":17,"column":0}}]}},"s":{"0":9,"1":0,"2":0,"3":0,"4":0},"f":{"0":0,"1":0},"b":{"0":[0,0]}}
,"/Users/tomchop/code/yeti/TibetanBrownBear/yeti/web/frontend/src/components/Graph/EditLinks.vue": {"path":"/Users/tomchop/code/yeti/TibetanBrownBear/yeti/web/frontend/src/components/Graph/EditLinks.vue","statementMap":{"0":{"start":{"line":35,"column":0},"end":{"line":null,"column":-1}},"1":{"start":{"line":37,"column":0},"end":{"line":null,"column":-1}},"2":{"start":{"line":45,"column":0},"end":{"line":null,"column":-1}},"3":{"start":{"line":52,"column":0},"end":{"line":null,"column":-1}},"4":{"start":{"line":53,"column":0},"end":{"line":58,"column":0}},"5":{"start":{"line":55,"column":0},"end":{"line":57,"column":0}},"6":{"start":{"line":56,"column":0},"end":{"line":null,"column":-1}},"7":{"start":{"line":61,"column":0},"end":{"line":null,"column":-1}},"8":{"start":{"line":62,"column":0},"end":{"line":77,"column":0}},"9":{"start":{"line":63,"column":0},"end":{"line":null,"column":-1}},"10":{"start":{"line":64,"column":0},"end":{"line":null,"column":-1}},"11":{"start":{"line":65,"column":0},"end":{"line":null,"column":-1}},"12":{"start":{"line":69,"column":0},"end":{"line":76,"column":0}},"13":{"start":{"line":71,"column":0},"end":{"line":75,"column":0}},"14":{"start":{"line":72,"column":0},"end":{"line":null,"column":-1}},"15":{"start":{"line":73,"column":0},"end":{"line":null,"column":-1}},"16":{"start":{"line":74,"column":0},"end":{"line":null,"column":-1}},"17":{"start":{"line":82,"column":0},"end":{"line":84,"column":0}},"18":{"start":{"line":83,"column":0},"end":{"line":null,"column":-1}}},"fnMap":{"0":{"name":"(anonymous_1)","decl":{"start":{"line":53,"column":0},"end":{"line":null,"column":-1}},"loc":{"start":{"line":53,"column":0},"end":{"line":58,"column":0}}},"1":{"name":"(anonymous_2)","decl":{"start":{"line":69,"column":0},"end":{"line":null,"column":-1}},"loc":{"start":{"line":69,"column":0},"end":{"line":76,"column":0}}},"2":{"name":"(anonymous_3)","decl":{"start":{"line":81,"column":0},"end":{"line":null,"column":-1}},"loc":{"start":{"line":81,"column":0},"end":{"line":85,"column":0}}}},"branchMap":{"0":{"loc":{"start":{"line":55,"column":0},"end":{"line":57,"column":0}},"type":"if","locations":[{"start":{"line":55,"column":0},"end":{"line":57,"column":0}},{"start":{"line":55,"column":0},"end":{"line":57,"column":0}}]},"1":{"loc":{"start":{"line":71,"column":0},"end":{"line":75,"column":0}},"type":"if","locations":[{"start":{"line":71,"column":0},"end":{"line":75,"column":0}},{"start":{"line":71,"column":0},"end":{"line":75,"column":0}}]},"2":{"loc":{"start":{"line":82,"column":0},"end":{"line":84,"column":0}},"type":"if","locations":[{"start":{"line":82,"column":0},"end":{"line":84,"column":0}},{"start":{"line":82,"column":0},"end":{"line":84,"column":0}}]}},"s":{"0":9,"1":9,"2":0,"3":0,"4":0,"5":0,"6":0,"7":0,"8":0,"9":0,"10":0,"11":0,"12":0,"13":0,"14":0,"15":0,"16":0,"17":0,"18":0},"f":{"0":0,"1":0,"2":0},"b":{"0":[0,0],"1":[0,0],"2":[0,0]}}
,"/Users/tomchop/code/yeti/TibetanBrownBear/yeti/web/frontend/src/components/Graph/Links.vue": {"path":"/Users/tomchop/code/yeti/TibetanBrownBear/yeti/web/frontend/src/components/Graph/Links.vue","statementMap":{"0":{"start":{"line":74,"column":0},"end":{"line":null,"column":-1}},"1":{"start":{"line":75,"column":0},"end":{"line":null,"column":-1}},"2":{"start":{"line":76,"column":0},"end":{"line":null,"column":-1}},"3":{"start":{"line":77,"column":0},"end":{"line":null,"column":-1}},"4":{"start":{"line":78,"column":0},"end":{"line":null,"column":-1}},"5":{"start":{"line":79,"column":0},"end":{"line":null,"column":-1}},"6":{"start":{"line":80,"column":0},"end":{"line":null,"column":-1}},"7":{"start":{"line":81,"column":0},"end":{"line":null,"column":-1}},"8":{"start":{"line":94,"column":0},"end":{"line":null,"column":-1}},"9":{"start":{"line":103,"column":0},"end":{"line":null,"column":-1}},"10":{"start":{"line":106,"column":0},"end":{"line":null,"column":-1}},"11":{"start":{"line":111,"column":0},"end":{"line":null,"column":-1}},"12":{"start":{"line":114,"column":0},"end":{"line":null,"column":-1}},"13":{"start":{"line":115,"column":0},"end":{"line":null,"column":-1}},"14":{"start":{"line":116,"column":0},"end":{"line":122,"column":0}},"15":{"start":{"line":118,"column":0},"end":{"line":null,"column":-1}},"16":{"start":{"line":119,"column":0},"end":{"line":null,"column":-1}},"17":{"start":{"line":120,"column":0},"end":{"line":null,"column":-1}},"18":{"start":{"line":122,"column":0},"end":{"line":null,"column":-1}},"19":{"start":{"line":124,"column":0},"end":{"line":null,"column":-1}},"20":{"start":{"line":128,"column":0},"end":{"line":133,"column":0}},"21":{"start":{"line":130,"column":0},"end":{"line":null,"column":-1}},"22":{"start":{"line":131,"column":0},"end":{"line":null,"column":-1}},"23":{"start":{"line":133,"column":0},"end":{"line":null,"column":-1}},"24":{"start":{"line":136,"column":0},"end":{"line":null,"column":-1}},"25":{"start":{"line":139,"column":0},"end":{"line":141,"column":0}},"26":{"start":{"line":140,"column":0},"end":{"line":null,"column":-1}},"27":{"start":{"line":142,"column":0},"end":{"line":null,"column":-1}},"28":{"start":{"line":145,"column":0},"end":{"line":147,"column":0}},"29":{"start":{"line":146,"column":0},"end":{"line":null,"column":-1}},"30":{"start":{"line":148,"column":0},"end":{"line":null,"column":-1}},"31":{"start":{"line":151,"column":0},"end":{"line":153,"column":0}},"32":{"start":{"line":152,"column":0},"end":{"line":null,"column":-1}},"33":{"start":{"line":154,"column":0},"end":{"line":null,"column":-1}},"34":{"start":{"line":157,"column":0},"end":{"line":null,"column":-1}},"35":{"start":{"line":158,"column":0},"end":{"line":null,"column":-1}},"36":{"start":{"line":161,"column":0},"end":{"line":165,"column":0}},"37":{"start":{"line":162,"column":0},"end":{"line":null,"column":-1}},"38":{"start":{"line":164,"column":0},"end":{"line":null,"column":-1}},"39":{"start":{"line":166,"column":0},"end":{"line":null,"column":-1}},"40":{"start":{"line":173,"column":0},"end":{"line":null,"column":-1}}},"fnMap":{"0":{"name":"(anonymous_1)","decl":{"start":{"line":106,"column":0},"end":{"line":null,"column":-1}},"loc":{"start":{"line":106,"column":0},"end":{"line":null,"column":-1}}},"1":{"name":"(anonymous_2)","decl":{"start":{"line":116,"column":0},"end":{"line":null,"column":-1}},"loc":{"start":{"line":116,"column":0},"end":{"line":121,"column":0}}},"2":{"name":"(anonymous_3)","decl":{"start":{"line":121,"column":0},"end":{"line":null,"column":-1}},"loc":{"start":{"line":121,"column":0},"end":{"line":122,"column":0}}},"3":{"name":"(anonymous_4)","decl":{"start":{"line":128,"column":0},"end":{"line":null,"column":-1}},"loc":{"start":{"line":128,"column":0},"end":{"line":132,"column":0}}},"4":{"name":"(anonymous_5)","decl":{"start":{"line":132,"column":0},"end":{"line":null,"column":-1}},"loc":{"start":{"line":132,"column":0},"end":{"line":133,"column":0}}},"5":{"name":"(anonymous_6)","decl":{"start":{"line":136,"column":0},"end":{"line":null,"column":-1}},"loc":{"start":{"line":136,"column":0},"end":{"line":null,"column":-1}}},"6":{"name":"(anonymous_7)","decl":{"start":{"line":166,"column":0},"end":{"line":null,"column":-1}},"loc":{"start":{"line":166,"column":0},"end":{"line":null,"column":-1}}}},"branchMap":{"0":{"loc":{"start":{"line":106,"column":0},"end":{"line":null,"column":-1}},"type":"binary-expr","locations":[{"start":{"line":106,"column":0},"end":{"line":null,"column":-1}},{"start":{"line":106,"column":0},"end":{"line":null,"column":-1}}]},"1":{"loc":{"start":{"line":139,"column":0},"end":{"line":141,"column":0}},"type":"if","locations":[{"start":{"line":139,"column":0},"end":{"line":141,"column":0}},{"start":{"line":139,"column":0},"end":{"line":141,"column":0}}]},"2":{"loc":{"start":{"line":145,"column":0},"end":{"line":147,"column":0}},"type":"if","locations":[{"start":{"line":145,"column":0},"end":{"line":147,"column":0}},{"start":{"line":145,"column":0},"end":{"line":147,"column":0}}]},"3":{"loc":{"start":{"line":151,"column":0},"end":{"line":153,"column":0}},"type":"if","locations":[{"start":{"line":151,"column":0},"end":{"line":153,"column":0}},{"start":{"line":151,"column":0},"end":{"line":153,"column":0}}]},"4":{"loc":{"start":{"line":161,"column":0},"end":{"line":165,"column":0}},"type":"if","locations":[{"start":{"line":161,"column":0},"end":{"line":165,"column":0}},{"start":{"line":161,"column":0},"end":{"line":165,"column":0}}]}},"s":{"0":9,"1":9,"2":9,"3":9,"4":9,"5":9,"6":9,"7":9,"8":0,"9":0,"10":0,"11":0,"12":0,"13":0,"14":0,"15":0,"16":0,"17":0,"18":0,"19":0,"20":0,"21":0,"22":0,"23":0,"24":0,"25":0,"26":0,"27":0,"28":0,"29":0,"30":0,"31":0,"32":0,"33":0,"34":0,"35":0,"36":0,"37":0,"38":0,"39":0,"40":0},"f":{"0":0,"1":0,"2":0,"3":0,"4":0,"5":0,"6":0},"b":{"0":[0,0],"1":[0,0],"2":[0,0],"3":[0,0],"4":[0,0]}}
,"/Users/tomchop/code/yeti/TibetanBrownBear/yeti/web/frontend/src/components/Graph/NeighborIcons.vue": {"path":"/Users/tomchop/code/yeti/TibetanBrownBear/yeti/web/frontend/src/components/Graph/NeighborIcons.vue","statementMap":{"0":{"start":{"line":12,"column":0},"end":{"line":null,"column":-1}},"1":{"start":{"line":20,"column":0},"end":{"line":null,"column":-1}},"2":{"start":{"line":23,"column":0},"end":{"line":null,"column":-1}},"3":{"start":{"line":29,"column":0},"end":{"line":null,"column":-1}},"4":{"start":{"line":30,"column":0},"end":{"line":null,"column":-1}},"5":{"start":{"line":35,"column":0},"end":{"line":null,"column":-1}},"6":{"start":{"line":36,"column":0},"end":{"line":38,"column":0}},"7":{"start":{"line":37,"column":0},"end":{"line":null,"column":-1}},"8":{"start":{"line":39,"column":0},"end":{"line":null,"column":-1}},"9":{"start":{"line":43,"column":0},"end":{"line":null,"column":-1}}},"fnMap":{"0":{"name":"(anonymous_1)","decl":{"start":{"line":20,"column":0},"end":{"line":null,"column":-1}},"loc":{"start":{"line":20,"column":0},"end":{"line":null,"column":-1}}},"1":{"name":"(anonymous_2)","decl":{"start":{"line":30,"column":0},"end":{"line":null,"column":-1}},"loc":{"start":{"line":30,"column":0},"end":{"line":null,"column":-1}}},"2":{"name":"(anonymous_4)","decl":{"start":{"line":35,"column":0},"end":{"line":null,"column":-1}},"loc":{"start":{"line":35,"column":0},"end":{"line":null,"column":-1}}},"3":{"name":"(anonymous_5)","decl":{"start":{"line":36,"column":0},"end":{"line":null,"column":-1}},"loc":{"start":{"line":36,"column":0},"end":{"line":38,"column":0}}}},"branchMap":{"0":{"loc":{"start":{"line":30,"column":0},"end":{"line":null,"column":-1}},"type":"binary-expr","locations":[{"start":{"line":30,"column":0},"end":{"line":null,"column":-1}},{"start":{"line":30,"column":0},"end":{"line":null,"column":-1}}]},"1":{"loc":{"start":{"line":37,"column":0},"end":{"line":null,"column":-1}},"type":"binary-expr","locations":[{"start":{"line":37,"column":0},"end":{"line":null,"column":-1}},{"start":{"line":37,"column":0},"end":{"line":null,"column":-1}}]}},"s":{"0":10,"1":0,"2":0,"3":0,"4":0,"5":0,"6":0,"7":0,"8":0,"9":0},"f":{"0":0,"1":0,"2":0,"3":0},"b":{"0":[0,0],"1":[0,0]}}
,"/Users/tomchop/code/yeti/TibetanBrownBear/yeti/web/frontend/src/components/Graph/NewLink.vue": {"path":"/Users/tomchop/code/yeti/TibetanBrownBear/yeti/web/frontend/src/components/Graph/NewLink.vue","statementMap":{"0":{"start":{"line":21,"column":0},"end":{"line":null,"column":-1}},"1":{"start":{"line":22,"column":0},"end":{"line":null,"column":-1}},"2":{"start":{"line":23,"column":0},"end":{"line":null,"column":-1}},"3":{"start":{"line":31,"column":0},"end":{"line":null,"column":-1}},"4":{"start":{"line":39,"column":0},"end":{"line":null,"column":-1}},"5":{"start":{"line":42,"column":0},"end":{"line":null,"column":-1}},"6":{"start":{"line":43,"column":0},"end":{"line":null,"column":-1}},"7":{"start":{"line":45,"column":0},"end":{"line":null,"column":-1}},"8":{"start":{"line":46,"column":0},"end":{"line":56,"column":0}},"9":{"start":{"line":47,"column":0},"end":{"line":null,"column":-1}},"10":{"start":{"line":48,"column":0},"end":{"line":50,"column":0}},"11":{"start":{"line":49,"column":0},"end":{"line":null,"column":-1}},"12":{"start":{"line":51,"column":0},"end":{"line":null,"column":-1}},"13":{"start":{"line":58,"column":0},"end":{"line":71,"column":0}},"14":{"start":{"line":60,"column":0},"end":{"line":null,"column":-1}},"15":{"start":{"line":61,"column":0},"end":{"line":null,"column":-1}},"16":{"start":{"line":62,"column":0},"end":{"line":null,"column":-1}},"17":{"start":{"line":63,"column":0},"end":{"line":null,"column":-1}},"18":{"start":{"line":66,"column":0},"end":{"line":null,"column":-1}},"19":{"start":{"line":69,"column":0},"end":{"line":null,"column":-1}},"20":{"start":{"line":70,"column":0},"end":{"line":null,"column":-1}}},"fnMap":{"0":{"name":"(anonymous_1)","decl":{"start":{"line":41,"column":0},"end":{"line":null,"column":-1}},"loc":{"start":{"line":41,"column":0},"end":{"line":72,"column":0}}},"1":{"name":"(anonymous_2)","decl":{"start":{"line":58,"column":0},"end":{"line":null,"column":-1}},"loc":{"start":{"line":58,"column":0},"end":{"line":64,"column":0}}},"2":{"name":"(anonymous_3)","decl":{"start":{"line":64,"column":0},"end":{"line":null,"column":-1}},"loc":{"start":{"line":64,"column":0},"end":{"line":67,"column":0}}},"3":{"name":"(anonymous_4)","decl":{"start":{"line":67,"column":0},"end":{"line":null,"column":-1}},"loc":{"start":{"line":67,"column":0},"end":{"line":71,"column":0}}}},"branchMap":{"0":{"loc":{"start":{"line":48,"column":0},"end":{"line":50,"column":0}},"type":"if","locations":[{"start":{"line":48,"column":0},"end":{"line":50,"column":0}},{"start":{"line":48,"column":0},"end":{"line":50,"column":0}}]}},"s":{"0":9,"1":9,"2":9,"3":0,"4":0,"5":0,"6":0,"7":0,"8":0,"9":0,"10":0,"11":0,"12":0,"13":0,"14":0,"15":0,"16":0,"17":0,"18":0,"19":0,"20":0},"f":{"0":0,"1":0,"2":0,"3":0},"b":{"0":[0,0]}}
,"/Users/tomchop/code/yeti/TibetanBrownBear/yeti/web/frontend/src/components/Graph/StixRelationships.js": {"path":"/Users/tomchop/code/yeti/TibetanBrownBear/yeti/web/frontend/src/components/Graph/StixRelationships.js","statementMap":{"0":{"start":{"line":1,"column":29},"end":{"line":59,"column":1}},"1":{"start":{"line":63,"column":0},"end":{"line":63,"column":53}},"2":{"start":{"line":64,"column":0},"end":{"line":64,"column":52}}},"fnMap":{},"branchMap":{},"s":{"0":9,"1":9,"2":9},"f":{},"b":{},"_coverageSchema":"332fd63041d2c1bcb487cc26dd0d5f7d97098a6c","hash":"95f9c5e630cde7f55d5cbf4555d6c4532cc8e71a"}
,"/Users/tomchop/code/yeti/TibetanBrownBear/yeti/web/frontend/src/components/Indicators/IndicatorDetails.vue": {"path":"/Users/tomchop/code/yeti/TibetanBrownBear/yeti/web/frontend/src/components/Indicators/IndicatorDetails.vue","statementMap":{"0":{"start":{"line":186,"column":0},"end":{"line":null,"column":-1}},"1":{"start":{"line":188,"column":0},"end":{"line":null,"column":-1}},"2":{"start":{"line":189,"column":0},"end":{"line":null,"column":-1}},"3":{"start":{"line":190,"column":0},"end":{"line":null,"column":-1}},"4":{"start":{"line":191,"column":0},"end":{"line":null,"column":-1}},"5":{"start":{"line":193,"column":0},"end":{"line":null,"column":-1}},"6":{"start":{"line":194,"column":0},"end":{"line":null,"column":-1}},"7":{"start":{"line":198,"column":0},"end":{"line":null,"column":-1}},"8":{"start":{"line":214,"column":0},"end":{"line":null,"column":-1}},"9":{"start":{"line":215,"column":0},"end":{"line":null,"column":-1}},"10":{"start":{"line":218,"column":0},"end":{"line":null,"column":-1}},"11":{"start":{"line":221,"column":0},"end":{"line":null,"column":-1}},"12":{"start":{"line":226,"column":0},"end":{"line":null,"column":-1}},"13":{"start":{"line":227,"column":0},"end":{"line":238,"column":0}},"14":{"start":{"line":229,"column":0},"end":{"line":233,"column":0}},"15":{"start":{"line":230,"column":0},"end":{"line":null,"column":-1}},"16":{"start":{"line":232,"column":0},"end":{"line":null,"column":-1}},"17":{"start":{"line":236,"column":0},"end":{"line":null,"column":-1}},"18":{"start":{"line":238,"column":0},"end":{"line":null,"column":-1}},"19":{"start":{"line":241,"column":0},"end":{"line":null,"column":-1}},"20":{"start":{"line":244,"column":0},"end":{"line":null,"column":-1}},"21":{"start":{"line":245,"column":0},"end":{"line":249,"column":0}},"22":{"start":{"line":246,"column":0},"end":{"line":248,"column":0}},"23":{"start":{"line":247,"column":0},"end":{"line":null,"column":-1}},"24":{"start":{"line":250,"column":0},"end":{"line":null,"column":-1}},"25":{"start":{"line":253,"column":0},"end":{"line":null,"column":-1}},"26":{"start":{"line":254,"column":0},"end":{"line":258,"column":0}},"27":{"start":{"line":255,"column":0},"end":{"line":257,"column":0}},"28":{"start":{"line":256,"column":0},"end":{"line":null,"column":-1}},"29":{"start":{"line":259,"column":0},"end":{"line":null,"column":-1}},"30":{"start":{"line":262,"column":0},"end":{"line":null,"column":-1}},"31":{"start":{"line":277,"column":0},"end":{"line":null,"column":-1}},"32":{"start":{"line":280,"column":0},"end":{"line":null,"column":-1}},"33":{"start":{"line":284,"column":0},"end":{"line":null,"column":-1}}},"fnMap":{"0":{"name":"(anonymous_1)","decl":{"start":{"line":227,"column":0},"end":{"line":null,"column":-1}},"loc":{"start":{"line":227,"column":0},"end":{"line":234,"column":0}}},"1":{"name":"(anonymous_2)","decl":{"start":{"line":234,"column":0},"end":{"line":null,"column":-1}},"loc":{"start":{"line":234,"column":0},"end":{"line":237,"column":0}}},"2":{"name":"(anonymous_3)","decl":{"start":{"line":237,"column":0},"end":{"line":null,"column":-1}},"loc":{"start":{"line":237,"column":0},"end":{"line":238,"column":0}}}},"branchMap":{"0":{"loc":{"start":{"line":229,"column":0},"end":{"line":233,"column":0}},"type":"if","locations":[{"start":{"line":229,"column":0},"end":{"line":233,"column":0}},{"start":{"line":229,"column":0},"end":{"line":233,"column":0}}]},"1":{"loc":{"start":{"line":246,"column":0},"end":{"line":248,"column":0}},"type":"if","locations":[{"start":{"line":246,"column":0},"end":{"line":248,"column":0}},{"start":{"line":246,"column":0},"end":{"line":248,"column":0}}]},"2":{"loc":{"start":{"line":255,"column":0},"end":{"line":257,"column":0}},"type":"if","locations":[{"start":{"line":255,"column":0},"end":{"line":257,"column":0}},{"start":{"line":255,"column":0},"end":{"line":257,"column":0}}]},"3":{"loc":{"start":{"line":277,"column":0},"end":{"line":null,"column":-1}},"type":"binary-expr","locations":[{"start":{"line":277,"column":0},"end":{"line":null,"column":-1}},{"start":{"line":277,"column":0},"end":{"line":null,"column":-1}},{"start":{"line":277,"column":0},"end":{"line":null,"column":-1}}]},"4":{"loc":{"start":{"line":280,"column":0},"end":{"line":null,"column":-1}},"type":"binary-expr","locations":[{"start":{"line":280,"column":0},"end":{"line":null,"column":-1}},{"start":{"line":280,"column":0},"end":{"line":null,"column":-1}}]}},"s":{"0":9,"1":9,"2":9,"3":9,"4":9,"5":9,"6":9,"7":0,"8":0,"9":0,"10":0,"11":0,"12":0,"13":0,"14":0,"15":0,"16":0,"17":0,"18":0,"19":0,"20":0,"21":0,"22":0,"23":0,"24":0,"25":0,"26":0,"27":0,"28":0,"29":0,"30":0,"31":0,"32":0,"33":0},"f":{"0":0,"1":0,"2":0},"b":{"0":[0,0],"1":[0,0],"2":[0,0],"3":[0,0,0],"4":[0,0]}}
,"/Users/tomchop/code/yeti/TibetanBrownBear/yeti/web/frontend/src/components/Indicators/IndicatorFields.js": {"path":"/Users/tomchop/code/yeti/TibetanBrownBear/yeti/web/frontend/src/components/Indicators/IndicatorFields.js","statementMap":{"0":{"start":{"line":1,"column":26},"end":{"line":37,"column":1}},"1":{"start":{"line":39,"column":26},"end":{"line":60,"column":1}},"2":{"start":{"line":62,"column":30},"end":{"line":75,"column":1}}},"fnMap":{},"branchMap":{},"s":{"0":9,"1":9,"2":9},"f":{},"b":{},"_coverageSchema":"332fd63041d2c1bcb487cc26dd0d5f7d97098a6c","hash":"9bd41d81b4e978e32ec109903e28be6acdfee653"}
,"/Users/tomchop/code/yeti/TibetanBrownBear/yeti/web/frontend/src/components/Indicators/IndicatorList.vue": {"path":"/Users/tomchop/code/yeti/TibetanBrownBear/yeti/web/frontend/src/components/Indicators/IndicatorList.vue","statementMap":{"0":{"start":{"line":17,"column":0},"end":{"line":null,"column":-1}},"1":{"start":{"line":18,"column":0},"end":{"line":null,"column":-1}},"2":{"start":{"line":19,"column":0},"end":{"line":null,"column":-1}},"3":{"start":{"line":28,"column":0},"end":{"line":null,"column":-1}},"4":{"start":{"line":36,"column":0},"end":{"line":null,"column":-1}}},"fnMap":{},"branchMap":{},"s":{"0":9,"1":9,"2":9,"3":0,"4":0},"f":{},"b":{}}
,"/Users/tomchop/code/yeti/TibetanBrownBear/yeti/web/frontend/src/components/Indicators/IndicatorTypes.js": {"path":"/Users/tomchop/code/yeti/TibetanBrownBear/yeti/web/frontend/src/components/Indicators/IndicatorTypes.js","statementMap":{"0":{"start":{"line":1,"column":30},"end":{"line":18,"column":1}}},"fnMap":{},"branchMap":{},"s":{"0":9},"f":{},"b":{},"_coverageSchema":"332fd63041d2c1bcb487cc26dd0d5f7d97098a6c","hash":"37d0527edfc351523bc3eb82b58469ee0357ba4a"}
,"/Users/tomchop/code/yeti/TibetanBrownBear/yeti/web/frontend/src/components/Indicators/NewIndicator.vue": {"path":"/Users/tomchop/code/yeti/TibetanBrownBear/yeti/web/frontend/src/components/Indicators/NewIndicator.vue","statementMap":{"0":{"start":{"line":10,"column":0},"end":{"line":null,"column":-1}},"1":{"start":{"line":11,"column":0},"end":{"line":null,"column":-1}},"2":{"start":{"line":18,"column":0},"end":{"line":null,"column":-1}},"3":{"start":{"line":26,"column":0},"end":{"line":null,"column":-1}}},"fnMap":{"0":{"name":"(anonymous_1)","decl":{"start":{"line":25,"column":0},"end":{"line":null,"column":-1}},"loc":{"start":{"line":25,"column":0},"end":{"line":27,"column":0}}}},"branchMap":{},"s":{"0":9,"1":9,"2":0,"3":0},"f":{"0":0},"b":{}}
,"/Users/tomchop/code/yeti/TibetanBrownBear/yeti/web/frontend/src/components/Observables/BulkMatch.vue": {"path":"/Users/tomchop/code/yeti/TibetanBrownBear/yeti/web/frontend/src/components/Observables/BulkMatch.vue","statementMap":{"0":{"start":{"line":17,"column":0},"end":{"line":null,"column":-1}},"1":{"start":{"line":21,"column":0},"end":{"line":null,"column":-1}},"2":{"start":{"line":30,"column":0},"end":{"line":null,"column":-1}},"3":{"start":{"line":31,"column":0},"end":{"line":null,"column":-1}},"4":{"start":{"line":32,"column":0},"end":{"line":null,"column":-1}},"5":{"start":{"line":35,"column":0},"end":{"line":null,"column":-1}},"6":{"start":{"line":38,"column":0},"end":{"line":45,"column":0}},"7":{"start":{"line":40,"column":0},"end":{"line":44,"column":0}},"8":{"start":{"line":41,"column":0},"end":{"line":null,"column":-1}},"9":{"start":{"line":43,"column":0},"end":{"line":null,"column":-1}}},"fnMap":{"0":{"name":"(anonymous_1)","decl":{"start":{"line":29,"column":0},"end":{"line":null,"column":-1}},"loc":{"start":{"line":29,"column":0},"end":{"line":33,"column":0}}},"1":{"name":"(anonymous_2)","decl":{"start":{"line":34,"column":0},"end":{"line":null,"column":-1}},"loc":{"start":{"line":34,"column":0},"end":{"line":36,"column":0}}},"2":{"name":"(anonymous_3)","decl":{"start":{"line":35,"column":0},"end":{"line":null,"column":-1}},"loc":{"start":{"line":35,"column":0},"end":{"line":null,"column":-1}}},"3":{"name":"(anonymous_5)","decl":{"start":{"line":37,"column":0},"end":{"line":null,"column":-1}},"loc":{"start":{"line":37,"column":0},"end":{"line":46,"column":0}}},"4":{"name":"(anonymous_6)","decl":{"start":{"line":38,"column":0},"end":{"line":null,"column":-1}},"loc":{"start":{"line":38,"column":0},"end":{"line":45,"column":0}}}},"branchMap":{"0":{"loc":{"start":{"line":40,"column":0},"end":{"line":44,"column":0}},"type":"if","locations":[{"start":{"line":40,"column":0},"end":{"line":44,"column":0}},{"start":{"line":40,"column":0},"end":{"line":44,"column":0}}]}},"s":{"0":9,"1":3,"2":3,"3":3,"4":3,"5":21,"6":3,"7":3,"8":0,"9":3},"f":{"0":3,"1":3,"2":18,"3":3,"4":3},"b":{"0":[0,3]}}
,"/Users/tomchop/code/yeti/TibetanBrownBear/yeti/web/frontend/src/components/Observables/ObservableDetails.vue": {"path":"/Users/tomchop/code/yeti/TibetanBrownBear/yeti/web/frontend/src/components/Observables/ObservableDetails.vue","statementMap":{"0":{"start":{"line":25,"column":0},"end":{"line":null,"column":-1}},"1":{"start":{"line":26,"column":0},"end":{"line":null,"column":-1}},"2":{"start":{"line":27,"column":0},"end":{"line":null,"column":-1}},"3":{"start":{"line":31,"column":0},"end":{"line":null,"column":-1}},"4":{"start":{"line":43,"column":0},"end":{"line":null,"column":-1}},"5":{"start":{"line":44,"column":0},"end":{"line":null,"column":-1}},"6":{"start":{"line":48,"column":0},"end":{"line":null,"column":-1}},"7":{"start":{"line":51,"column":0},"end":{"line":null,"column":-1}},"8":{"start":{"line":52,"column":0},"end":{"line":null,"column":-1}},"9":{"start":{"line":55,"column":0},"end":{"line":null,"column":-1}},"10":{"start":{"line":60,"column":0},"end":{"line":72,"column":0}},"11":{"start":{"line":62,"column":0},"end":{"line":66,"column":0}},"12":{"start":{"line":63,"column":0},"end":{"line":null,"column":-1}},"13":{"start":{"line":65,"column":0},"end":{"line":null,"column":-1}},"14":{"start":{"line":69,"column":0},"end":{"line":null,"column":-1}},"15":{"start":{"line":70,"column":0},"end":{"line":null,"column":-1}},"16":{"start":{"line":72,"column":0},"end":{"line":null,"column":-1}},"17":{"start":{"line":75,"column":0},"end":{"line":null,"column":-1}},"18":{"start":{"line":79,"column":0},"end":{"line":null,"column":-1}}},"fnMap":{"0":{"name":"(anonymous_1)","decl":{"start":{"line":60,"column":0},"end":{"line":null,"column":-1}},"loc":{"start":{"line":60,"column":0},"end":{"line":67,"column":0}}},"1":{"name":"(anonymous_2)","decl":{"start":{"line":67,"column":0},"end":{"line":null,"column":-1}},"loc":{"start":{"line":67,"column":0},"end":{"line":71,"column":0}}},"2":{"name":"(anonymous_3)","decl":{"start":{"line":71,"column":0},"end":{"line":null,"column":-1}},"loc":{"start":{"line":71,"column":0},"end":{"line":72,"column":0}}}},"branchMap":{"0":{"loc":{"start":{"line":62,"column":0},"end":{"line":66,"column":0}},"type":"if","locations":[{"start":{"line":62,"column":0},"end":{"line":66,"column":0}},{"start":{"line":62,"column":0},"end":{"line":66,"column":0}}]}},"s":{"0":9,"1":9,"2":9,"3":7,"4":0,"5":0,"6":7,"7":2,"8":2,"9":1,"10":9,"11":9,"12":0,"13":9,"14":0,"15":0,"16":9,"17":0,"18":7},"f":{"0":9,"1":0,"2":9},"b":{"0":[0,9]}}
,"/Users/tomchop/code/yeti/TibetanBrownBear/yeti/web/frontend/src/components/Observables/ObservableFields.js": {"path":"/Users/tomchop/code/yeti/TibetanBrownBear/yeti/web/frontend/src/components/Observables/ObservableFields.js","statementMap":{"0":{"start":{"line":1,"column":26},"end":{"line":6,"column":1}}},"fnMap":{},"branchMap":{},"s":{"0":9},"f":{},"b":{},"_coverageSchema":"332fd63041d2c1bcb487cc26dd0d5f7d97098a6c","hash":"c262b550f464d9164698fd4b3ed688c0f8709c5b"}
,"/Users/tomchop/code/yeti/TibetanBrownBear/yeti/web/frontend/src/components/Observables/ObservableList.vue": {"path":"/Users/tomchop/code/yeti/TibetanBrownBear/yeti/web/frontend/src/components/Observables/ObservableList.vue","statementMap":{"0":{"start":{"line":6,"column":0},"end":{"line":null,"column":-1}},"1":{"start":{"line":14,"column":0},"end":{"line":null,"column":-1}}},"fnMap":{},"branchMap":{},"s":{"0":9,"1":0},"f":{},"b":{}}
,"/Users/tomchop/code/yeti/TibetanBrownBear/yeti/web/frontend/src/components/helpers/Fields.vue": {"path":"/Users/tomchop/code/yeti/TibetanBrownBear/yeti/web/frontend/src/components/helpers/Fields.vue","statementMap":{"0":{"start":{"line":58,"column":0},"end":{"line":null,"column":-1}},"1":{"start":{"line":61,"column":0},"end":{"line":null,"column":-1}},"2":{"start":{"line":63,"column":0},"end":{"line":null,"column":-1}},"3":{"start":{"line":69,"column":0},"end":{"line":null,"column":-1}},"4":{"start":{"line":74,"column":0},"end":{"line":null,"column":-1}}},"fnMap":{},"branchMap":{},"s":{"0":11,"1":11,"2":11,"3":6,"4":32},"f":{},"b":{}}
,"/Users/tomchop/code/yeti/TibetanBrownBear/yeti/web/frontend/src/components/scaffolding/MarkdownText.vue": {"path":"/Users/tomchop/code/yeti/TibetanBrownBear/yeti/web/frontend/src/components/scaffolding/MarkdownText.vue","statementMap":{"0":{"start":{"line":6,"column":0},"end":{"line":null,"column":-1}},"1":{"start":{"line":12,"column":0},"end":{"line":null,"column":-1}}},"fnMap":{},"branchMap":{"0":{"loc":{"start":{"line":12,"column":0},"end":{"line":null,"column":-1}},"type":"binary-expr","locations":[{"start":{"line":12,"column":0},"end":{"line":null,"column":-1}},{"start":{"line":12,"column":0},"end":{"line":null,"column":-1}}]}},"s":{"0":9,"1":0},"f":{},"b":{"0":[0,0]}}
,"/Users/tomchop/code/yeti/TibetanBrownBear/yeti/web/frontend/src/components/scaffolding/Navigation.vue": {"path":"/Users/tomchop/code/yeti/TibetanBrownBear/yeti/web/frontend/src/components/scaffolding/Navigation.vue","statementMap":{"0":{"start":{"line":29,"column":0},"end":{"line":null,"column":-1}},"1":{"start":{"line":32,"column":0},"end":{"line":null,"column":-1}},"2":{"start":{"line":37,"column":0},"end":{"line":44,"column":0}},"3":{"start":{"line":40,"column":0},"end":{"line":null,"column":-1}},"4":{"start":{"line":43,"column":0},"end":{"line":null,"column":-1}}},"fnMap":{"0":{"name":"(anonymous_1)","decl":{"start":{"line":37,"column":0},"end":{"line":null,"column":-1}},"loc":{"start":{"line":37,"column":0},"end":{"line":41,"column":0}}},"1":{"name":"(anonymous_2)","decl":{"start":{"line":41,"column":0},"end":{"line":null,"column":-1}},"loc":{"start":{"line":41,"column":0},"end":{"line":44,"column":0}}}},"branchMap":{},"s":{"0":0,"1":0,"2":0,"3":0,"4":0},"f":{"0":0,"1":0},"b":{}}
,"/Users/tomchop/code/yeti/TibetanBrownBear/yeti/web/frontend/src/components/scaffolding/Pagination.vue": {"path":"/Users/tomchop/code/yeti/TibetanBrownBear/yeti/web/frontend/src/components/scaffolding/Pagination.vue","statementMap":{"0":{"start":{"line":32,"column":0},"end":{"line":null,"column":-1}},"1":{"start":{"line":39,"column":0},"end":{"line":41,"column":0}},"2":{"start":{"line":40,"column":0},"end":{"line":null,"column":-1}},"3":{"start":{"line":44,"column":0},"end":{"line":46,"column":0}},"4":{"start":{"line":45,"column":0},"end":{"line":null,"column":-1}},"5":{"start":{"line":49,"column":0},"end":{"line":51,"column":0}},"6":{"start":{"line":50,"column":0},"end":{"line":null,"column":-1}},"7":{"start":{"line":56,"column":0},"end":{"line":null,"column":-1}},"8":{"start":{"line":59,"column":0},"end":{"line":null,"column":-1}},"9":{"start":{"line":62,"column":0},"end":{"line":null,"column":-1}},"10":{"start":{"line":65,"column":0},"end":{"line":67,"column":0}},"11":{"start":{"line":66,"column":0},"end":{"line":null,"column":-1}},"12":{"start":{"line":68,"column":0},"end":{"line":70,"column":0}},"13":{"start":{"line":69,"column":0},"end":{"line":null,"column":-1}},"14":{"start":{"line":71,"column":0},"end":{"line":null,"column":-1}},"15":{"start":{"line":74,"column":0},"end":{"line":78,"column":0}},"16":{"start":{"line":75,"column":0},"end":{"line":null,"column":-1}},"17":{"start":{"line":77,"column":0},"end":{"line":null,"column":-1}}},"fnMap":{"0":{"name":"(anonymous_1)","decl":{"start":{"line":59,"column":0},"end":{"line":null,"column":-1}},"loc":{"start":{"line":59,"column":0},"end":{"line":null,"column":-1}}}},"branchMap":{"0":{"loc":{"start":{"line":39,"column":0},"end":{"line":41,"column":0}},"type":"if","locations":[{"start":{"line":39,"column":0},"end":{"line":41,"column":0}},{"start":{"line":39,"column":0},"end":{"line":41,"column":0}}]},"1":{"loc":{"start":{"line":39,"column":0},"end":{"line":null,"column":-1}},"type":"binary-expr","locations":[{"start":{"line":39,"column":0},"end":{"line":null,"column":-1}},{"start":{"line":39,"column":0},"end":{"line":null,"column":-1}}]},"2":{"loc":{"start":{"line":44,"column":0},"end":{"line":46,"column":0}},"type":"if","locations":[{"start":{"line":44,"column":0},"end":{"line":46,"column":0}},{"start":{"line":44,"column":0},"end":{"line":46,"column":0}}]},"3":{"loc":{"start":{"line":49,"column":0},"end":{"line":51,"column":0}},"type":"if","locations":[{"start":{"line":49,"column":0},"end":{"line":51,"column":0}},{"start":{"line":49,"column":0},"end":{"line":51,"column":0}}]},"4":{"loc":{"start":{"line":65,"column":0},"end":{"line":67,"column":0}},"type":"if","locations":[{"start":{"line":65,"column":0},"end":{"line":67,"column":0}},{"start":{"line":65,"column":0},"end":{"line":67,"column":0}}]},"5":{"loc":{"start":{"line":65,"column":0},"end":{"line":null,"column":-1}},"type":"binary-expr","locations":[{"start":{"line":65,"column":0},"end":{"line":null,"column":-1}},{"start":{"line":65,"column":0},"end":{"line":null,"column":-1}}]},"6":{"loc":{"start":{"line":68,"column":0},"end":{"line":70,"column":0}},"type":"if","locations":[{"start":{"line":68,"column":0},"end":{"line":70,"column":0}},{"start":{"line":68,"column":0},"end":{"line":70,"column":0}}]},"7":{"loc":{"start":{"line":74,"column":0},"end":{"line":78,"column":0}},"type":"if","locations":[{"start":{"line":74,"column":0},"end":{"line":78,"column":0}},{"start":{"line":74,"column":0},"end":{"line":78,"column":0}}]}},"s":{"0":5,"1":0,"2":0,"3":0,"4":0,"5":0,"6":0,"7":7,"8":9,"9":0,"10":2,"11":2,"12":0,"13":0,"14":0,"15":7,"16":7,"17":0},"f":{"0":2},"b":{"0":[0,0],"1":[0,0],"2":[0,0],"3":[0,0],"4":[2,0],"5":[2,0],"6":[0,0],"7":[7,0]}}
,"/Users/tomchop/code/yeti/TibetanBrownBear/yeti/web/frontend/src/components/scaffolding/TableFilter.vue": {"path":"/Users/tomchop/code/yeti/TibetanBrownBear/yeti/web/frontend/src/components/scaffolding/TableFilter.vue","statementMap":{"0":{"start":{"line":33,"column":0},"end":{"line":null,"column":-1}},"1":{"start":{"line":34,"column":0},"end":{"line":null,"column":-1}},"2":{"start":{"line":35,"column":0},"end":{"line":null,"column":-1}},"3":{"start":{"line":49,"column":0},"end":{"line":null,"column":-1}},"4":{"start":{"line":66,"column":0},"end":{"line":null,"column":-1}},"5":{"start":{"line":71,"column":0},"end":{"line":null,"column":-1}},"6":{"start":{"line":74,"column":0},"end":{"line":null,"column":-1}},"7":{"start":{"line":75,"column":0},"end":{"line":null,"column":-1}},"8":{"start":{"line":78,"column":0},"end":{"line":null,"column":-1}},"9":{"start":{"line":80,"column":0},"end":{"line":null,"column":-1}},"10":{"start":{"line":81,"column":0},"end":{"line":91,"column":0}},"11":{"start":{"line":83,"column":0},"end":{"line":null,"column":-1}},"12":{"start":{"line":84,"column":0},"end":{"line":86,"column":0}},"13":{"start":{"line":85,"column":0},"end":{"line":null,"column":-1}},"14":{"start":{"line":89,"column":0},"end":{"line":null,"column":-1}},"15":{"start":{"line":91,"column":0},"end":{"line":null,"column":-1}},"16":{"start":{"line":94,"column":0},"end":{"line":null,"column":-1}},"17":{"start":{"line":95,"column":0},"end":{"line":null,"column":-1}},"18":{"start":{"line":98,"column":0},"end":{"line":102,"column":0}},"19":{"start":{"line":99,"column":0},"end":{"line":null,"column":-1}},"20":{"start":{"line":101,"column":0},"end":{"line":null,"column":-1}},"21":{"start":{"line":103,"column":0},"end":{"line":null,"column":-1}},"22":{"start":{"line":106,"column":0},"end":{"line":null,"column":-1}},"23":{"start":{"line":107,"column":0},"end":{"line":null,"column":-1}},"24":{"start":{"line":111,"column":0},"end":{"line":null,"column":-1}},"25":{"start":{"line":112,"column":0},"end":{"line":114,"column":0}},"26":{"start":{"line":113,"column":0},"end":{"line":null,"column":-1}},"27":{"start":{"line":117,"column":0},"end":{"line":119,"column":0}},"28":{"start":{"line":118,"column":0},"end":{"line":null,"column":-1}}},"fnMap":{"0":{"name":"(anonymous_1)","decl":{"start":{"line":81,"column":0},"end":{"line":null,"column":-1}},"loc":{"start":{"line":81,"column":0},"end":{"line":87,"column":0}}},"1":{"name":"(anonymous_2)","decl":{"start":{"line":84,"column":0},"end":{"line":null,"column":-1}},"loc":{"start":{"line":84,"column":0},"end":{"line":86,"column":0}}},"2":{"name":"(anonymous_3)","decl":{"start":{"line":87,"column":0},"end":{"line":null,"column":-1}},"loc":{"start":{"line":87,"column":0},"end":{"line":90,"column":0}}},"3":{"name":"(anonymous_4)","decl":{"start":{"line":90,"column":0},"end":{"line":null,"column":-1}},"loc":{"start":{"line":90,"column":0},"end":{"line":91,"column":0}}},"4":{"name":"(anonymous_5)","decl":{"start":{"line":103,"column":0},"end":{"line":null,"column":-1}},"loc":{"start":{"line":103,"column":0},"end":{"line":null,"column":-1}}}},"branchMap":{"0":{"loc":{"start":{"line":98,"column":0},"end":{"line":102,"column":0}},"type":"if","locations":[{"start":{"line":98,"column":0},"end":{"line":102,"column":0}},{"start":{"line":98,"column":0},"end":{"line":102,"column":0}}]},"1":{"loc":{"start":{"line":112,"column":0},"end":{"line":114,"column":0}},"type":"if","locations":[{"start":{"line":112,"column":0},"end":{"line":114,"column":0}},{"start":{"line":112,"column":0},"end":{"line":114,"column":0}}]},"2":{"loc":{"start":{"line":117,"column":0},"end":{"line":119,"column":0}},"type":"if","locations":[{"start":{"line":117,"column":0},"end":{"line":119,"column":0}},{"start":{"line":117,"column":0},"end":{"line":119,"column":0}}]}},"s":{"0":10,"1":10,"2":10,"3":15,"4":16,"5":0,"6":16,"7":16,"8":16,"9":16,"10":16,"11":16,"12":16,"13":78,"14":0,"15":16,"16":8,"17":8,"18":7,"19":6,"20":1,"21":28,"22":2,"23":2,"24":15,"25":15,"26":2,"27":0,"28":0},"f":{"0":16,"1":39,"2":0,"3":16,"4":21},"b":{"0":[6,1],"1":[2,13],"2":[0,0]}}
,"/Users/tomchop/code/yeti/TibetanBrownBear/yeti/web/frontend/src/components/scaffolding/TypeToIcon.vue": {"path":"/Users/tomchop/code/yeti/TibetanBrownBear/yeti/web/frontend/src/components/scaffolding/TypeToIcon.vue","statementMap":{"0":{"start":{"line":7,"column":0},"end":{"line":null,"column":-1}},"1":{"start":{"line":25,"column":0},"end":{"line":null,"column":-1}},"2":{"start":{"line":31,"column":0},"end":{"line":null,"column":-1}}},"fnMap":{},"branchMap":{},"s":{"0":10,"1":0,"2":0},"f":{},"b":{}}
,"/Users/tomchop/code/yeti/TibetanBrownBear/yeti/web/frontend/src/components/scaffolding/YetiAutocompleteInput.vue": {"path":"/Users/tomchop/code/yeti/TibetanBrownBear/yeti/web/frontend/src/components/scaffolding/YetiAutocompleteInput.vue","statementMap":{"0":{"start":{"line":18,"column":0},"end":{"line":null,"column":-1}},"1":{"start":{"line":19,"column":0},"end":{"line":null,"column":-1}},"2":{"start":{"line":27,"column":0},"end":{"line":null,"column":-1}},"3":{"start":{"line":36,"column":0},"end":{"line":null,"column":-1}},"4":{"start":{"line":37,"column":0},"end":{"line":null,"column":-1}},"5":{"start":{"line":40,"column":0},"end":{"line":44,"column":0}},"6":{"start":{"line":41,"column":0},"end":{"line":43,"column":0}},"7":{"start":{"line":42,"column":0},"end":{"line":null,"column":-1}},"8":{"start":{"line":45,"column":0},"end":{"line":null,"column":-1}},"9":{"start":{"line":46,"column":0},"end":{"line":null,"column":-1}},"10":{"start":{"line":49,"column":0},"end":{"line":54,"column":0}},"11":{"start":{"line":50,"column":0},"end":{"line":53,"column":0}},"12":{"start":{"line":51,"column":0},"end":{"line":null,"column":-1}},"13":{"start":{"line":52,"column":0},"end":{"line":null,"column":-1}},"14":{"start":{"line":57,"column":0},"end":{"line":61,"column":0}},"15":{"start":{"line":58,"column":0},"end":{"line":60,"column":0}},"16":{"start":{"line":59,"column":0},"end":{"line":null,"column":-1}},"17":{"start":{"line":66,"column":0},"end":{"line":null,"column":-1}},"18":{"start":{"line":70,"column":0},"end":{"line":72,"column":0}},"19":{"start":{"line":71,"column":0},"end":{"line":null,"column":-1}}},"fnMap":{"0":{"name":"(anonymous_1)","decl":{"start":{"line":56,"column":0},"end":{"line":null,"column":-1}},"loc":{"start":{"line":56,"column":0},"end":{"line":62,"column":0}}},"1":{"name":"(anonymous_2)","decl":{"start":{"line":57,"column":0},"end":{"line":null,"column":-1}},"loc":{"start":{"line":57,"column":0},"end":{"line":61,"column":0}}},"2":{"name":"(anonymous_3)","decl":{"start":{"line":66,"column":0},"end":{"line":null,"column":-1}},"loc":{"start":{"line":66,"column":0},"end":{"line":null,"column":-1}}}},"branchMap":{"0":{"loc":{"start":{"line":41,"column":0},"end":{"line":43,"column":0}},"type":"if","locations":[{"start":{"line":41,"column":0},"end":{"line":43,"column":0}},{"start":{"line":41,"column":0},"end":{"line":43,"column":0}}]},"1":{"loc":{"start":{"line":50,"column":0},"end":{"line":53,"column":0}},"type":"if","locations":[{"start":{"line":50,"column":0},"end":{"line":53,"column":0}},{"start":{"line":50,"column":0},"end":{"line":53,"column":0}}]},"2":{"loc":{"start":{"line":58,"column":0},"end":{"line":60,"column":0}},"type":"if","locations":[{"start":{"line":58,"column":0},"end":{"line":60,"column":0}},{"start":{"line":58,"column":0},"end":{"line":60,"column":0}}]},"3":{"loc":{"start":{"line":70,"column":0},"end":{"line":72,"column":0}},"type":"if","locations":[{"start":{"line":70,"column":0},"end":{"line":72,"column":0}},{"start":{"line":70,"column":0},"end":{"line":72,"column":0}}]}},"s":{"0":9,"1":9,"2":0,"3":0,"4":0,"5":0,"6":0,"7":0,"8":0,"9":0,"10":0,"11":0,"12":0,"13":0,"14":0,"15":0,"16":0,"17":0,"18":0,"19":0},"f":{"0":0,"1":0,"2":0},"b":{"0":[0,0],"1":[0,0],"2":[0,0],"3":[0,0]}}
,"/Users/tomchop/code/yeti/TibetanBrownBear/yeti/web/frontend/src/components/scaffolding/YetiForm.vue": {"path":"/Users/tomchop/code/yeti/TibetanBrownBear/yeti/web/frontend/src/components/scaffolding/YetiForm.vue","statementMap":{"0":{"start":{"line":16,"column":0},"end":{"line":null,"column":-1}},"1":{"start":{"line":17,"column":0},"end":{"line":null,"column":-1}},"2":{"start":{"line":19,"column":0},"end":{"line":null,"column":-1}},"3":{"start":{"line":21,"column":0},"end":{"line":null,"column":-1}},"4":{"start":{"line":31,"column":0},"end":{"line":null,"column":-1}},"5":{"start":{"line":37,"column":0},"end":{"line":null,"column":-1}},"6":{"start":{"line":45,"column":0},"end":{"line":null,"column":-1}},"7":{"start":{"line":46,"column":0},"end":{"line":55,"column":0}},"8":{"start":{"line":48,"column":0},"end":{"line":null,"column":-1}},"9":{"start":{"line":51,"column":0},"end":{"line":null,"column":-1}},"10":{"start":{"line":54,"column":0},"end":{"line":null,"column":-1}},"11":{"start":{"line":56,"column":0},"end":{"line":null,"column":-1}},"12":{"start":{"line":59,"column":0},"end":{"line":null,"column":-1}},"13":{"start":{"line":62,"column":0},"end":{"line":null,"column":-1}}},"fnMap":{"0":{"name":"(anonymous_1)","decl":{"start":{"line":31,"column":0},"end":{"line":null,"column":-1}},"loc":{"start":{"line":31,"column":0},"end":{"line":null,"column":-1}}},"1":{"name":"(anonymous_2)","decl":{"start":{"line":34,"column":0},"end":{"line":null,"column":-1}},"loc":{"start":{"line":34,"column":0},"end":{"line":null,"column":-1}}},"2":{"name":"(anonymous_3)","decl":{"start":{"line":44,"column":0},"end":{"line":null,"column":-1}},"loc":{"start":{"line":44,"column":0},"end":{"line":57,"column":0}}},"3":{"name":"(anonymous_4)","decl":{"start":{"line":46,"column":0},"end":{"line":null,"column":-1}},"loc":{"start":{"line":46,"column":0},"end":{"line":49,"column":0}}},"4":{"name":"(anonymous_5)","decl":{"start":{"line":49,"column":0},"end":{"line":null,"column":-1}},"loc":{"start":{"line":49,"column":0},"end":{"line":52,"column":0}}},"5":{"name":"(anonymous_6)","decl":{"start":{"line":52,"column":0},"end":{"line":null,"column":-1}},"loc":{"start":{"line":52,"column":0},"end":{"line":55,"column":0}}}},"branchMap":{},"s":{"0":10,"1":10,"2":10,"3":10,"4":0,"5":4,"6":2,"7":2,"8":2,"9":0,"10":2,"11":2,"12":0,"13":0},"f":{"0":0,"1":0,"2":2,"3":2,"4":0,"5":2},"b":{}}
,"/Users/tomchop/code/yeti/TibetanBrownBear/yeti/web/frontend/src/components/scaffolding/YetiFormField.vue": {"path":"/Users/tomchop/code/yeti/TibetanBrownBear/yeti/web/frontend/src/components/scaffolding/YetiFormField.vue","statementMap":{"0":{"start":{"line":54,"column":0},"end":{"line":null,"column":-1}},"1":{"start":{"line":56,"column":0},"end":{"line":null,"column":-1}},"2":{"start":{"line":57,"column":0},"end":{"line":null,"column":-1}},"3":{"start":{"line":58,"column":0},"end":{"line":null,"column":-1}},"4":{"start":{"line":59,"column":0},"end":{"line":null,"column":-1}},"5":{"start":{"line":69,"column":0},"end":{"line":null,"column":-1}},"6":{"start":{"line":77,"column":0},"end":{"line":null,"column":-1}},"7":{"start":{"line":80,"column":0},"end":{"line":83,"column":0}},"8":{"start":{"line":82,"column":0},"end":{"line":null,"column":-1}},"9":{"start":{"line":88,"column":0},"end":{"line":null,"column":-1}},"10":{"start":{"line":92,"column":0},"end":{"line":null,"column":-1}},"11":{"start":{"line":93,"column":0},"end":{"line":null,"column":-1}},"12":{"start":{"line":98,"column":0},"end":{"line":null,"column":-1}}},"fnMap":{"0":{"name":"(anonymous_1)","decl":{"start":{"line":80,"column":0},"end":{"line":null,"column":-1}},"loc":{"start":{"line":80,"column":0},"end":{"line":83,"column":0}}},"1":{"name":"(anonymous_2)","decl":{"start":{"line":97,"column":0},"end":{"line":null,"column":-1}},"loc":{"start":{"line":97,"column":0},"end":{"line":99,"column":0}}}},"branchMap":{},"s":{"0":10,"1":10,"2":10,"3":10,"4":10,"5":6,"6":6,"7":6,"8":0,"9":6,"10":6,"11":6,"12":0},"f":{"0":0,"1":0},"b":{}}
,"/Users/tomchop/code/yeti/TibetanBrownBear/yeti/web/frontend/src/components/scaffolding/YetiKillchainInput.vue": {"path":"/Users/tomchop/code/yeti/TibetanBrownBear/yeti/web/frontend/src/components/scaffolding/YetiKillchainInput.vue","statementMap":{"0":{"start":{"line":16,"column":0},"end":{"line":null,"column":-1}},"1":{"start":{"line":17,"column":0},"end":{"line":null,"column":-1}},"2":{"start":{"line":25,"column":0},"end":{"line":null,"column":-1}},"3":{"start":{"line":33,"column":0},"end":{"line":39,"column":0}},"4":{"start":{"line":34,"column":0},"end":{"line":38,"column":0}},"5":{"start":{"line":35,"column":0},"end":{"line":null,"column":-1}},"6":{"start":{"line":36,"column":0},"end":{"line":null,"column":-1}},"7":{"start":{"line":37,"column":0},"end":{"line":null,"column":-1}},"8":{"start":{"line":42,"column":0},"end":{"line":null,"column":-1}},"9":{"start":{"line":43,"column":0},"end":{"line":null,"column":-1}},"10":{"start":{"line":47,"column":0},"end":{"line":null,"column":-1}},"11":{"start":{"line":50,"column":0},"end":{"line":54,"column":0}},"12":{"start":{"line":51,"column":0},"end":{"line":53,"column":0}},"13":{"start":{"line":52,"column":0},"end":{"line":null,"column":-1}},"14":{"start":{"line":59,"column":0},"end":{"line":null,"column":-1}},"15":{"start":{"line":62,"column":0},"end":{"line":64,"column":0}},"16":{"start":{"line":62,"column":0},"end":{"line":null,"column":-1}},"17":{"start":{"line":68,"column":0},"end":{"line":null,"column":-1}},"18":{"start":{"line":69,"column":0},"end":{"line":null,"column":-1}}},"fnMap":{"0":{"name":"(anonymous_1)","decl":{"start":{"line":49,"column":0},"end":{"line":null,"column":-1}},"loc":{"start":{"line":49,"column":0},"end":{"line":55,"column":0}}},"1":{"name":"(anonymous_2)","decl":{"start":{"line":50,"column":0},"end":{"line":null,"column":-1}},"loc":{"start":{"line":50,"column":0},"end":{"line":54,"column":0}}},"2":{"name":"(anonymous_3)","decl":{"start":{"line":52,"column":0},"end":{"line":null,"column":-1}},"loc":{"start":{"line":52,"column":0},"end":{"line":null,"column":-1}}},"3":{"name":"(anonymous_4)","decl":{"start":{"line":59,"column":0},"end":{"line":null,"column":-1}},"loc":{"start":{"line":59,"column":0},"end":{"line":null,"column":-1}}},"4":{"name":"(anonymous_5)","decl":{"start":{"line":62,"column":0},"end":{"line":null,"column":-1}},"loc":{"start":{"line":62,"column":0},"end":{"line":null,"column":-1}}}},"branchMap":{"0":{"loc":{"start":{"line":34,"column":0},"end":{"line":38,"column":0}},"type":"if","locations":[{"start":{"line":34,"column":0},"end":{"line":38,"column":0}},{"start":{"line":34,"column":0},"end":{"line":38,"column":0}}]},"1":{"loc":{"start":{"line":34,"column":0},"end":{"line":null,"column":-1}},"type":"binary-expr","locations":[{"start":{"line":34,"column":0},"end":{"line":null,"column":-1}},{"start":{"line":34,"column":0},"end":{"line":null,"column":-1}}]},"2":{"loc":{"start":{"line":51,"column":0},"end":{"line":53,"column":0}},"type":"if","locations":[{"start":{"line":51,"column":0},"end":{"line":53,"column":0}},{"start":{"line":51,"column":0},"end":{"line":53,"column":0}}]},"3":{"loc":{"start":{"line":59,"column":0},"end":{"line":null,"column":-1}},"type":"binary-expr","locations":[{"start":{"line":59,"column":0},"end":{"line":null,"column":-1}},{"start":{"line":59,"column":0},"end":{"line":null,"column":-1}}]},"4":{"loc":{"start":{"line":62,"column":0},"end":{"line":null,"column":-1}},"type":"binary-expr","locations":[{"start":{"line":62,"column":0},"end":{"line":null,"column":-1}},{"start":{"line":62,"column":0},"end":{"line":null,"column":-1}}]}},"s":{"0":10,"1":10,"2":0,"3":0,"4":0,"5":0,"6":0,"7":0,"8":0,"9":0,"10":0,"11":0,"12":0,"13":0,"14":0,"15":0,"16":0,"17":0,"18":0},"f":{"0":0,"1":0,"2":0,"3":0,"4":0},"b":{"0":[0,0],"1":[0,0],"2":[0,0],"3":[0,0],"4":[0,0]}}
,"/Users/tomchop/code/yeti/TibetanBrownBear/yeti/web/frontend/src/components/scaffolding/YetiTextInput.vue": {"path":"/Users/tomchop/code/yeti/TibetanBrownBear/yeti/web/frontend/src/components/scaffolding/YetiTextInput.vue","statementMap":{"0":{"start":{"line":9,"column":0},"end":{"line":null,"column":-1}},"1":{"start":{"line":14,"column":0},"end":{"line":null,"column":-1}},"2":{"start":{"line":21,"column":0},"end":{"line":25,"column":0}},"3":{"start":{"line":22,"column":0},"end":{"line":24,"column":0}},"4":{"start":{"line":23,"column":0},"end":{"line":null,"column":-1}},"5":{"start":{"line":28,"column":0},"end":{"line":null,"column":-1}},"6":{"start":{"line":32,"column":0},"end":{"line":null,"column":-1}},"7":{"start":{"line":33,"column":0},"end":{"line":35,"column":0}},"8":{"start":{"line":34,"column":0},"end":{"line":null,"column":-1}},"9":{"start":{"line":39,"column":0},"end":{"line":null,"column":-1}}},"fnMap":{"0":{"name":"(anonymous_1)","decl":{"start":{"line":21,"column":0},"end":{"line":null,"column":-1}},"loc":{"start":{"line":21,"column":0},"end":{"line":25,"column":0}}},"1":{"name":"(anonymous_2)","decl":{"start":{"line":38,"column":0},"end":{"line":null,"column":-1}},"loc":{"start":{"line":38,"column":0},"end":{"line":40,"column":0}}}},"branchMap":{"0":{"loc":{"start":{"line":22,"column":0},"end":{"line":24,"column":0}},"type":"if","locations":[{"start":{"line":22,"column":0},"end":{"line":24,"column":0}},{"start":{"line":22,"column":0},"end":{"line":24,"column":0}}]},"1":{"loc":{"start":{"line":33,"column":0},"end":{"line":35,"column":0}},"type":"if","locations":[{"start":{"line":33,"column":0},"end":{"line":35,"column":0}},{"start":{"line":33,"column":0},"end":{"line":35,"column":0}}]}},"s":{"0":10,"1":4,"2":0,"3":0,"4":0,"5":0,"6":4,"7":4,"8":0,"9":4},"f":{"0":0,"1":4},"b":{"0":[0,0],"1":[0,4]}}
,"/Users/tomchop/code/yeti/TibetanBrownBear/yeti/web/frontend/src/components/scaffolding/YetiVocabInput.vue": {"path":"/Users/tomchop/code/yeti/TibetanBrownBear/yeti/web/frontend/src/components/scaffolding/YetiVocabInput.vue","statementMap":{"0":{"start":{"line":16,"column":0},"end":{"line":null,"column":-1}},"1":{"start":{"line":17,"column":0},"end":{"line":null,"column":-1}},"2":{"start":{"line":25,"column":0},"end":{"line":null,"column":-1}},"3":{"start":{"line":33,"column":0},"end":{"line":39,"column":0}},"4":{"start":{"line":34,"column":0},"end":{"line":38,"column":0}},"5":{"start":{"line":35,"column":0},"end":{"line":null,"column":-1}},"6":{"start":{"line":36,"column":0},"end":{"line":null,"column":-1}},"7":{"start":{"line":37,"column":0},"end":{"line":null,"column":-1}},"8":{"start":{"line":42,"column":0},"end":{"line":null,"column":-1}},"9":{"start":{"line":43,"column":0},"end":{"line":null,"column":-1}},"10":{"start":{"line":44,"column":0},"end":{"line":null,"column":-1}},"11":{"start":{"line":47,"column":0},"end":{"line":51,"column":0}},"12":{"start":{"line":48,"column":0},"end":{"line":50,"column":0}},"13":{"start":{"line":49,"column":0},"end":{"line":null,"column":-1}},"14":{"start":{"line":56,"column":0},"end":{"line":null,"column":-1}},"15":{"start":{"line":59,"column":0},"end":{"line":63,"column":0}},"16":{"start":{"line":60,"column":0},"end":{"line":null,"column":-1}},"17":{"start":{"line":62,"column":0},"end":{"line":null,"column":-1}},"18":{"start":{"line":67,"column":0},"end":{"line":69,"column":0}},"19":{"start":{"line":68,"column":0},"end":{"line":null,"column":-1}},"20":{"start":{"line":73,"column":0},"end":{"line":null,"column":-1}},"21":{"start":{"line":74,"column":0},"end":{"line":76,"column":0}},"22":{"start":{"line":75,"column":0},"end":{"line":null,"column":-1}}},"fnMap":{"0":{"name":"(anonymous_1)","decl":{"start":{"line":46,"column":0},"end":{"line":null,"column":-1}},"loc":{"start":{"line":46,"column":0},"end":{"line":52,"column":0}}},"1":{"name":"(anonymous_2)","decl":{"start":{"line":47,"column":0},"end":{"line":null,"column":-1}},"loc":{"start":{"line":47,"column":0},"end":{"line":51,"column":0}}},"2":{"name":"(anonymous_3)","decl":{"start":{"line":49,"column":0},"end":{"line":null,"column":-1}},"loc":{"start":{"line":49,"column":0},"end":{"line":null,"column":-1}}},"3":{"name":"(anonymous_4)","decl":{"start":{"line":56,"column":0},"end":{"line":null,"column":-1}},"loc":{"start":{"line":56,"column":0},"end":{"line":null,"column":-1}}},"4":{"name":"(anonymous_5)","decl":{"start":{"line":60,"column":0},"end":{"line":null,"column":-1}},"loc":{"start":{"line":60,"column":0},"end":{"line":null,"column":-1}}},"5":{"name":"(anonymous_6)","decl":{"start":{"line":62,"column":0},"end":{"line":null,"column":-1}},"loc":{"start":{"line":62,"column":0},"end":{"line":null,"column":-1}}},"6":{"name":"(anonymous_7)","decl":{"start":{"line":72,"column":0},"end":{"line":null,"column":-1}},"loc":{"start":{"line":72,"column":0},"end":{"line":77,"column":0}}}},"branchMap":{"0":{"loc":{"start":{"line":34,"column":0},"end":{"line":38,"column":0}},"type":"if","locations":[{"start":{"line":34,"column":0},"end":{"line":38,"column":0}},{"start":{"line":34,"column":0},"end":{"line":38,"column":0}}]},"1":{"loc":{"start":{"line":48,"column":0},"end":{"line":50,"column":0}},"type":"if","locations":[{"start":{"line":48,"column":0},"end":{"line":50,"column":0}},{"start":{"line":48,"column":0},"end":{"line":50,"column":0}}]},"2":{"loc":{"start":{"line":59,"column":0},"end":{"line":63,"column":0}},"type":"if","locations":[{"start":{"line":59,"column":0},"end":{"line":63,"column":0}},{"start":{"line":59,"column":0},"end":{"line":63,"column":0}}]},"3":{"loc":{"start":{"line":60,"column":0},"end":{"line":null,"column":-1}},"type":"binary-expr","locations":[{"start":{"line":60,"column":0},"end":{"line":null,"column":-1}},{"start":{"line":60,"column":0},"end":{"line":null,"column":-1}}]},"4":{"loc":{"start":{"line":62,"column":0},"end":{"line":null,"column":-1}},"type":"binary-expr","locations":[{"start":{"line":62,"column":0},"end":{"line":null,"column":-1}},{"start":{"line":62,"column":0},"end":{"line":null,"column":-1}}]},"5":{"loc":{"start":{"line":67,"column":0},"end":{"line":69,"column":0}},"type":"if","locations":[{"start":{"line":67,"column":0},"end":{"line":69,"column":0}},{"start":{"line":67,"column":0},"end":{"line":69,"column":0}}]},"6":{"loc":{"start":{"line":74,"column":0},"end":{"line":76,"column":0}},"type":"if","locations":[{"start":{"line":74,"column":0},"end":{"line":76,"column":0}},{"start":{"line":74,"column":0},"end":{"line":76,"column":0}}]}},"s":{"0":10,"1":10,"2":2,"3":0,"4":0,"5":0,"6":0,"7":0,"8":0,"9":0,"10":0,"11":0,"12":0,"13":0,"14":2,"15":5,"16":3,"17":9,"18":2,"19":0,"20":2,"21":2,"22":0},"f":{"0":0,"1":0,"2":0,"3":0,"4":2,"5":5,"6":2},"b":{"0":[0,0],"1":[0,0],"2":[1,4],"3":[1,0],"4":[4,0],"5":[0,2],"6":[0,2]}}
,"/Users/tomchop/code/yeti/TibetanBrownBear/yeti/web/frontend/src/views/Home.vue": {"path":"/Users/tomchop/code/yeti/TibetanBrownBear/yeti/web/frontend/src/views/Home.vue","statementMap":{"0":{"start":{"line":10,"column":0},"end":{"line":null,"column":-1}}},"fnMap":{},"branchMap":{},"s":{"0":0},"f":{},"b":{}}
}
