TN:
SF:/Users/tomchop/code/yeti/TibetanBrownBear/yeti/web/frontend/src/App.vue
FN:56,(anonymous_1)
FN:58,(anonymous_2)
FNF:2
FNH:0
FNDA:0,(anonymous_1)
FNDA:0,(anonymous_2)
DA:21,0
DA:22,0
DA:23,0
DA:24,0
DA:25,0
DA:27,0
DA:28,0
DA:29,0
DA:51,0
DA:55,0
DA:56,0
DA:57,0
DA:58,0
DA:59,0
DA:62,0
LF:15
LH:0
BRDA:57,0,0,0
BRDA:57,0,1,0
BRDA:57,1,0,0
BRDA:57,1,1,0
BRF:4
BRH:0
end_of_record
TN:
SF:/Users/tomchop/code/yeti/TibetanBrownBear/yeti/web/frontend/src/router.js
FN:57,(anonymous_0)
FN:89,(anonymous_1)
FN:115,(anonymous_2)
FNF:3
FNH:0
FNDA:0,(anonymous_0)
FNDA:0,(anonymous_1)
FNDA:0,(anonymous_2)
DA:26,9
DA:28,9
DA:30,9
DA:57,0
DA:62,9
DA:89,0
DA:94,9
DA:115,0
DA:125,9
DA:131,9
DA:154,9
LF:11
LH:8
BRF:0
BRH:0
end_of_record
TN:
SF:/Users/tomchop/code/yeti/TibetanBrownBear/yeti/web/frontend/src/store.js
FN:7,isValidJwt
FN:17,getJwtSubject
FN:31,(anonymous_2)
FN:34,(anonymous_3)
FN:39,(anonymous_4)
FN:46,(anonymous_5)
FN:78,(anonymous_6)
FN:79,(anonymous_7)
FNF:8
FNH:0
FNDA:0,isValidJwt
FNDA:0,getJwtSubject
FNDA:0,(anonymous_2)
FNDA:0,(anonymous_3)
FNDA:0,(anonymous_4)
FNDA:0,(anonymous_5)
FNDA:0,(anonymous_6)
FNDA:0,(anonymous_7)
DA:1,0
DA:2,0
DA:3,0
DA:5,0
DA:8,0
DA:9,0
DA:11,0
DA:12,0
DA:13,0
DA:14,0
DA:18,0
DA:19,0
DA:21,0
DA:24,0
DA:25,0
DA:29,0
DA:31,0
DA:32,0
DA:33,0
DA:35,0
DA:36,0
DA:37,0
DA:40,0
DA:41,0
DA:46,0
DA:47,0
DA:48,0
DA:49,0
DA:54,0
DA:56,0
DA:57,0
DA:58,0
DA:61,0
DA:62,0
DA:65,0
DA:66,0
DA:67,0
DA:68,0
DA:71,0
DA:72,0
DA:73,0
DA:77,0
DA:78,0
DA:79,0
DA:82,0
LF:45
LH:0
BRDA:8,0,0,0
BRDA:8,0,1,0
BRDA:8,1,0,0
BRDA:8,1,1,0
BRDA:18,2,0,0
BRDA:18,2,1,0
BRDA:26,3,0,0
BRDA:26,3,1,0
BRF:8
BRH:0
end_of_record
TN:
SF:/Users/tomchop/code/yeti/TibetanBrownBear/yeti/web/frontend/src/components/LogIn.vue
FN:44,(anonymous_1)
FN:48,(anonymous_2)
FN:51,(anonymous_3)
FNF:3
FNH:0
FNDA:0,(anonymous_1)
FNDA:0,(anonymous_2)
FNDA:0,(anonymous_3)
DA:33,0
DA:42,0
DA:43,0
DA:44,0
DA:46,0
DA:47,0
DA:50,0
DA:52,0
DA:57,0
LF:9
LH:0
BRDA:57,0,0,0
BRDA:57,0,1,0
BRDA:57,0,2,0
BRF:3
BRH:0
end_of_record
TN:
SF:/Users/tomchop/code/yeti/TibetanBrownBear/yeti/web/frontend/src/components/Admin/Async.vue
FN:48,(anonymous_1)
FN:56,(anonymous_2)
FNF:2
FNH:2
FNDA:1,(anonymous_1)
FNDA:1,(anonymous_2)
DA:18,9
DA:19,9
DA:21,9
DA:28,2
DA:47,1
DA:48,1
DA:49,1
DA:50,1
DA:55,1
DA:56,1
DA:57,1
DA:58,1
LF:12
LH:12
BRDA:49,0,0,1
BRDA:49,0,1,0
BRDA:57,1,0,1
BRDA:57,1,1,0
BRF:4
BRH:2
end_of_record
TN:
SF:/Users/tomchop/code/yeti/TibetanBrownBear/yeti/web/frontend/src/components/Admin/KillChains.vue
FN:59,(anonymous_1)
FN:66,(anonymous_2)
FN:69,(anonymous_3)
FN:72,(anonymous_4)
FNF:4
FNH:0
FNDA:0,(anonymous_1)
FNDA:0,(anonymous_2)
FNDA:0,(anonymous_3)
FNDA:0,(anonymous_4)
DA:48,9
DA:52,0
DA:59,0
DA:61,0
DA:65,0
DA:66,0
DA:68,0
DA:71,0
DA:74,0
DA:78,0
DA:81,0
DA:85,0
LF:12
LH:1
BRF:0
BRH:0
end_of_record
TN:
SF:/Users/tomchop/code/yeti/TibetanBrownBear/yeti/web/frontend/src/components/Admin/Tags.vue
FNF:0
FNH:0
DA:21,9
DA:22,9
DA:24,9
DA:32,3
DA:48,7
DA:53,1
DA:54,1
LF:7
LH:7
BRF:0
BRH:0
end_of_record
TN:
SF:/Users/tomchop/code/yeti/TibetanBrownBear/yeti/web/frontend/src/components/Entities/EntityDetails.vue
FN:233,(anonymous_1)
FN:240,(anonymous_2)
FN:243,(anonymous_3)
FNF:3
FNH:2
FNDA:9,(anonymous_1)
FNDA:0,(anonymous_2)
FNDA:9,(anonymous_3)
DA:190,9
DA:192,9
DA:193,9
DA:194,9
DA:195,9
DA:196,9
DA:198,9
DA:199,9
DA:203,7
DA:220,7
DA:221,7
DA:224,1
DA:227,7
DA:232,9
DA:233,9
DA:235,9
DA:236,0
DA:238,9
DA:242,0
DA:244,9
DA:247,0
DA:250,9
DA:251,9
DA:252,54
DA:253,0
DA:256,9
DA:259,9
DA:260,9
DA:261,54
DA:262,0
DA:265,9
DA:268,54
DA:283,54
DA:286,54
DA:290,7
LF:35
LH:30
BRDA:235,0,0,0
BRDA:235,0,1,9
BRDA:252,1,0,0
BRDA:252,1,1,54
BRDA:261,2,0,0
BRDA:261,2,1,54
BRDA:283,3,0,54
BRDA:283,3,1,54
BRDA:283,3,2,0
BRDA:286,4,0,54
BRDA:286,4,1,54
BRF:11
BRH:7
end_of_record
TN:
SF:/Users/tomchop/code/yeti/TibetanBrownBear/yeti/web/frontend/src/components/Entities/EntityFields.js
FNF:0
FNH:0
DA:1,10
DA:86,10
DA:152,10
LF:3
LH:3
BRF:0
BRH:0
end_of_record
TN:
SF:/Users/tomchop/code/yeti/TibetanBrownBear/yeti/web/frontend/src/components/Entities/EntityList.vue
FNF:0
FNH:0
DA:17,10
DA:18,10
DA:19,10
DA:28,1
DA:36,1
LF:5
LH:5
BRF:0
BRH:0
end_of_record
TN:
SF:/Users/tomchop/code/yeti/TibetanBrownBear/yeti/web/frontend/src/components/Entities/EntityTypes.js
FNF:0
FNH:0
DA:1,10
LF:1
LH:1
BRF:0
BRH:0
end_of_record
TN:
SF:/Users/tomchop/code/yeti/TibetanBrownBear/yeti/web/frontend/src/components/Entities/KillChainView.vue
FN:46,(anonymous_1)
FN:58,(anonymous_2)
FN:61,(anonymous_3)
FN:68,(anonymous_4)
FN:71,(anonymous_5)
FN:74,(anonymous_6)
FN:81,(anonymous_7)
FN:84,(anonymous_8)
FN:90,(anonymous_9)
FNF:9
FNH:7
FNDA:3,(anonymous_1)
FNDA:0,(anonymous_2)
FNDA:3,(anonymous_3)
FNDA:3,(anonymous_4)
FNDA:0,(anonymous_5)
FNDA:3,(anonymous_6)
FNDA:3,(anonymous_7)
FNDA:3,(anonymous_8)
FNDA:3,(anonymous_9)
DA:27,10
DA:28,10
DA:29,10
DA:38,1
DA:46,3
DA:48,3
DA:49,3
DA:50,3
DA:51,3
DA:52,3
DA:53,3
DA:56,3
DA:57,3
DA:60,0
DA:65,9
DA:68,3
DA:70,3
DA:73,0
DA:77,3
DA:81,3
DA:83,3
DA:85,3
DA:88,3
DA:89,9
DA:90,3
DA:91,3
DA:97,1
LF:27
LH:25
BRDA:89,0,0,3
BRDA:89,0,1,3
BRF:2
BRH:2
end_of_record
TN:
SF:/Users/tomchop/code/yeti/TibetanBrownBear/yeti/web/frontend/src/components/Entities/NewEntity.vue
FN:25,(anonymous_1)
FNF:1
FNH:1
FNDA:1,(anonymous_1)
DA:10,9
DA:11,9
DA:18,3
DA:26,1
LF:4
LH:4
BRF:0
BRH:0
end_of_record
TN:
SF:/Users/tomchop/code/yeti/TibetanBrownBear/yeti/web/frontend/src/components/Graph/DeleteLinks.vue
FN:14,(anonymous_1)
FN:18,(anonymous_2)
FNF:2
FNH:0
FNDA:0,(anonymous_1)
FNDA:0,(anonymous_2)
DA:9,9
DA:15,0
DA:16,0
DA:18,0
DA:20,0
LF:5
LH:1
BRDA:15,0,0,0
BRDA:15,0,1,0
BRF:2
BRH:0
end_of_record
TN:
SF:/Users/tomchop/code/yeti/TibetanBrownBear/yeti/web/frontend/src/components/Graph/EditLinks.vue
FN:53,(anonymous_1)
FN:69,(anonymous_2)
FN:81,(anonymous_3)
FNF:3
FNH:0
FNDA:0,(anonymous_1)
FNDA:0,(anonymous_2)
FNDA:0,(anonymous_3)
DA:35,9
DA:37,9
DA:45,0
DA:52,0
DA:53,0
DA:55,0
DA:56,0
DA:61,0
DA:62,0
DA:63,0
DA:64,0
DA:65,0
DA:69,0
DA:71,0
DA:72,0
DA:73,0
DA:74,0
DA:82,0
DA:83,0
LF:19
LH:2
BRDA:55,0,0,0
BRDA:55,0,1,0
BRDA:71,1,0,0
BRDA:71,1,1,0
BRDA:82,2,0,0
BRDA:82,2,1,0
BRF:6
BRH:0
end_of_record
TN:
SF:/Users/tomchop/code/yeti/TibetanBrownBear/yeti/web/frontend/src/components/Graph/Links.vue
FN:106,(anonymous_1)
FN:116,(anonymous_2)
FN:121,(anonymous_3)
FN:128,(anonymous_4)
FN:132,(anonymous_5)
FN:136,(anonymous_6)
FN:166,(anonymous_7)
FNF:7
FNH:0
FNDA:0,(anonymous_1)
FNDA:0,(anonymous_2)
FNDA:0,(anonymous_3)
FNDA:0,(anonymous_4)
FNDA:0,(anonymous_5)
FNDA:0,(anonymous_6)
FNDA:0,(anonymous_7)
DA:74,9
DA:75,9
DA:76,9
DA:77,9
DA:78,9
DA:79,9
DA:80,9
DA:81,9
DA:94,0
DA:103,0
DA:106,0
DA:111,0
DA:114,0
DA:115,0
DA:116,0
DA:118,0
DA:119,0
DA:120,0
DA:122,0
DA:124,0
DA:128,0
DA:130,0
DA:131,0
DA:133,0
DA:136,0
DA:139,0
DA:140,0
DA:142,0
DA:145,0
DA:146,0
DA:148,0
DA:151,0
DA:152,0
DA:154,0
DA:157,0
DA:158,0
DA:161,0
DA:162,0
DA:164,0
DA:166,0
DA:173,0
LF:41
LH:8
BRDA:106,0,0,0
BRDA:106,0,1,0
BRDA:139,1,0,0
BRDA:139,1,1,0
BRDA:145,2,0,0
BRDA:145,2,1,0
BRDA:151,3,0,0
BRDA:151,3,1,0
BRDA:161,4,0,0
BRDA:161,4,1,0
BRF:10
BRH:0
end_of_record
TN:
SF:/Users/tomchop/code/yeti/TibetanBrownBear/yeti/web/frontend/src/components/Graph/NeighborIcons.vue
FN:20,(anonymous_1)
FN:30,(anonymous_2)
FN:35,(anonymous_4)
FN:36,(anonymous_5)
FNF:4
FNH:0
FNDA:0,(anonymous_1)
FNDA:0,(anonymous_2)
FNDA:0,(anonymous_4)
FNDA:0,(anonymous_5)
DA:12,10
DA:20,0
DA:23,0
DA:29,0
DA:30,0
DA:35,0
DA:36,0
DA:37,0
DA:39,0
DA:43,0
LF:10
LH:1
BRDA:30,0,0,0
BRDA:30,0,1,0
BRDA:37,1,0,0
BRDA:37,1,1,0
BRF:4
BRH:0
end_of_record
TN:
SF:/Users/tomchop/code/yeti/TibetanBrownBear/yeti/web/frontend/src/components/Graph/NewLink.vue
FN:41,(anonymous_1)
FN:58,(anonymous_2)
FN:64,(anonymous_3)
FN:67,(anonymous_4)
FNF:4
FNH:0
FNDA:0,(anonymous_1)
FNDA:0,(anonymous_2)
FNDA:0,(anonymous_3)
FNDA:0,(anonymous_4)
DA:21,9
DA:22,9
DA:23,9
DA:31,0
DA:39,0
DA:42,0
DA:43,0
DA:45,0
DA:46,0
DA:47,0
DA:48,0
DA:49,0
DA:51,0
DA:58,0
DA:60,0
DA:61,0
DA:62,0
DA:63,0
DA:66,0
DA:69,0
DA:70,0
LF:21
LH:3
BRDA:48,0,0,0
BRDA:48,0,1,0
BRF:2
BRH:0
end_of_record
TN:
SF:/Users/tomchop/code/yeti/TibetanBrownBear/yeti/web/frontend/src/components/Graph/StixRelationships.js
FNF:0
FNH:0
DA:1,9
DA:63,9
DA:64,9
LF:3
LH:3
BRF:0
BRH:0
end_of_record
TN:
SF:/Users/tomchop/code/yeti/TibetanBrownBear/yeti/web/frontend/src/components/Indicators/IndicatorDetails.vue
FN:227,(anonymous_1)
FN:234,(anonymous_2)
FN:237,(anonymous_3)
FNF:3
FNH:0
FNDA:0,(anonymous_1)
FNDA:0,(anonymous_2)
FNDA:0,(anonymous_3)
DA:186,9
DA:188,9
DA:189,9
DA:190,9
DA:191,9
DA:193,9
DA:194,9
DA:198,0
DA:214,0
DA:215,0
DA:218,0
DA:221,0
DA:226,0
DA:227,0
DA:229,0
DA:230,0
DA:232,0
DA:236,0
DA:238,0
DA:241,0
DA:244,0
DA:245,0
DA:246,0
DA:247,0
DA:250,0
DA:253,0
DA:254,0
DA:255,0
DA:256,0
DA:259,0
DA:262,0
DA:277,0
DA:280,0
DA:284,0
LF:34
LH:7
BRDA:229,0,0,0
BRDA:229,0,1,0
BRDA:246,1,0,0
BRDA:246,1,1,0
BRDA:255,2,0,0
BRDA:255,2,1,0
BRDA:277,3,0,0
BRDA:277,3,1,0
BRDA:277,3,2,0
BRDA:280,4,0,0
BRDA:280,4,1,0
BRF:11
BRH:0
end_of_record
TN:
SF:/Users/tomchop/code/yeti/TibetanBrownBear/yeti/web/frontend/src/components/Indicators/IndicatorFields.js
FNF:0
FNH:0
DA:1,9
DA:39,9
DA:62,9
LF:3
LH:3
BRF:0
BRH:0
end_of_record
TN:
SF:/Users/tomchop/code/yeti/TibetanBrownBear/yeti/web/frontend/src/components/Indicators/IndicatorList.vue
FNF:0
FNH:0
DA:17,9
DA:18,9
DA:19,9
DA:28,0
DA:36,0
LF:5
LH:3
BRF:0
BRH:0
end_of_record
TN:
SF:/Users/tomchop/code/yeti/TibetanBrownBear/yeti/web/frontend/src/components/Indicators/IndicatorTypes.js
FNF:0
FNH:0
DA:1,9
LF:1
LH:1
BRF:0
BRH:0
end_of_record
TN:
SF:/Users/tomchop/code/yeti/TibetanBrownBear/yeti/web/frontend/src/components/Indicators/NewIndicator.vue
FN:25,(anonymous_1)
FNF:1
FNH:0
FNDA:0,(anonymous_1)
DA:10,9
DA:11,9
DA:18,0
DA:26,0
LF:4
LH:2
BRF:0
BRH:0
end_of_record
TN:
SF:/Users/tomchop/code/yeti/TibetanBrownBear/yeti/web/frontend/src/components/Observables/BulkMatch.vue
FN:29,(anonymous_1)
FN:34,(anonymous_2)
FN:35,(anonymous_3)
FN:37,(anonymous_5)
FN:38,(anonymous_6)
FNF:5
FNH:5
FNDA:3,(anonymous_1)
FNDA:3,(anonymous_2)
FNDA:18,(anonymous_3)
FNDA:3,(anonymous_5)
FNDA:3,(anonymous_6)
DA:17,9
DA:21,3
DA:30,3
DA:31,3
DA:32,3
DA:35,21
DA:38,3
DA:40,3
DA:41,0
DA:43,3
LF:10
LH:9
BRDA:40,0,0,0
BRDA:40,0,1,3
BRF:2
BRH:1
end_of_record
TN:
SF:/Users/tomchop/code/yeti/TibetanBrownBear/yeti/web/frontend/src/components/Observables/ObservableDetails.vue
FN:60,(anonymous_1)
FN:67,(anonymous_2)
FN:71,(anonymous_3)
FNF:3
FNH:2
FNDA:9,(anonymous_1)
FNDA:0,(anonymous_2)
FNDA:9,(anonymous_3)
DA:25,9
DA:26,9
DA:27,9
DA:31,7
DA:43,0
DA:44,0
DA:48,7
DA:51,2
DA:52,2
DA:55,1
DA:60,9
DA:62,9
DA:63,0
DA:65,9
DA:69,0
DA:70,0
DA:72,9
DA:75,0
DA:79,7
LF:19
LH:13
BRDA:62,0,0,0
BRDA:62,0,1,9
BRF:2
BRH:1
end_of_record
TN:
SF:/Users/tomchop/code/yeti/TibetanBrownBear/yeti/web/frontend/src/components/Observables/ObservableFields.js
FNF:0
FNH:0
DA:1,9
LF:1
LH:1
BRF:0
BRH:0
end_of_record
TN:
SF:/Users/tomchop/code/yeti/TibetanBrownBear/yeti/web/frontend/src/components/Observables/ObservableList.vue
FNF:0
FNH:0
DA:6,9
DA:14,0
LF:2
LH:1
BRF:0
BRH:0
end_of_record
TN:
SF:/Users/tomchop/code/yeti/TibetanBrownBear/yeti/web/frontend/src/components/helpers/Fields.vue
FNF:0
FNH:0
DA:58,11
DA:61,11
DA:63,11
DA:69,6
DA:74,32
LF:5
LH:5
BRF:0
BRH:0
end_of_record
TN:
SF:/Users/tomchop/code/yeti/TibetanBrownBear/yeti/web/frontend/src/components/scaffolding/MarkdownText.vue
FNF:0
FNH:0
DA:6,9
DA:12,0
LF:2
LH:1
BRDA:12,0,0,0
BRDA:12,0,1,0
BRF:2
BRH:0
end_of_record
TN:
SF:/Users/tomchop/code/yeti/TibetanBrownBear/yeti/web/frontend/src/components/scaffolding/Navigation.vue
FN:37,(anonymous_1)
FN:41,(anonymous_2)
FNF:2
FNH:0
FNDA:0,(anonymous_1)
FNDA:0,(anonymous_2)
DA:29,0
DA:32,0
DA:37,0
DA:40,0
DA:43,0
LF:5
LH:0
BRF:0
BRH:0
end_of_record
TN:
SF:/Users/tomchop/code/yeti/TibetanBrownBear/yeti/web/frontend/src/components/scaffolding/Pagination.vue
FN:59,(anonymous_1)
FNF:1
FNH:1
FNDA:2,(anonymous_1)
DA:32,5
DA:39,0
DA:40,0
DA:44,0
DA:45,0
DA:49,0
DA:50,0
DA:56,7
DA:59,9
DA:62,0
DA:65,2
DA:66,2
DA:68,0
DA:69,0
DA:71,0
DA:74,7
DA:75,7
DA:77,0
LF:18
LH:7
BRDA:39,0,0,0
BRDA:39,0,1,0
BRDA:39,1,0,0
BRDA:39,1,1,0
BRDA:44,2,0,0
BRDA:44,2,1,0
BRDA:49,3,0,0
BRDA:49,3,1,0
BRDA:65,4,0,2
BRDA:65,4,1,0
BRDA:65,5,0,2
BRDA:65,5,1,0
BRDA:68,6,0,0
BRDA:68,6,1,0
BRDA:74,7,0,7
BRDA:74,7,1,0
BRF:16
BRH:3
end_of_record
TN:
SF:/Users/tomchop/code/yeti/TibetanBrownBear/yeti/web/frontend/src/components/scaffolding/TableFilter.vue
FN:81,(anonymous_1)
FN:84,(anonymous_2)
FN:87,(anonymous_3)
FN:90,(anonymous_4)
FN:103,(anonymous_5)
FNF:5
FNH:4
FNDA:16,(anonymous_1)
FNDA:39,(anonymous_2)
FNDA:0,(anonymous_3)
FNDA:16,(anonymous_4)
FNDA:21,(anonymous_5)
DA:33,10
DA:34,10
DA:35,10
DA:49,15
DA:66,16
DA:71,0
DA:74,16
DA:75,16
DA:78,16
DA:80,16
DA:81,16
DA:83,16
DA:84,16
DA:85,78
DA:89,0
DA:91,16
DA:94,8
DA:95,8
DA:98,7
DA:99,6
DA:101,1
DA:103,28
DA:106,2
DA:107,2
DA:111,15
DA:112,15
DA:113,2
DA:117,0
DA:118,0
LF:29
LH:25
BRDA:98,0,0,6
BRDA:98,0,1,1
BRDA:112,1,0,2
BRDA:112,1,1,13
BRDA:117,2,0,0
BRDA:117,2,1,0
BRF:6
BRH:4
end_of_record
TN:
SF:/Users/tomchop/code/yeti/TibetanBrownBear/yeti/web/frontend/src/components/scaffolding/TypeToIcon.vue
FNF:0
FNH:0
DA:7,10
DA:25,0
DA:31,0
LF:3
LH:1
BRF:0
BRH:0
end_of_record
TN:
SF:/Users/tomchop/code/yeti/TibetanBrownBear/yeti/web/frontend/src/components/scaffolding/YetiAutocompleteInput.vue
FN:56,(anonymous_1)
FN:57,(anonymous_2)
FN:66,(anonymous_3)
FNF:3
FNH:0
FNDA:0,(anonymous_1)
FNDA:0,(anonymous_2)
FNDA:0,(anonymous_3)
DA:18,9
DA:19,9
DA:27,0
DA:36,0
DA:37,0
DA:40,0
DA:41,0
DA:42,0
DA:45,0
DA:46,0
DA:49,0
DA:50,0
DA:51,0
DA:52,0
DA:57,0
DA:58,0
DA:59,0
DA:66,0
DA:70,0
DA:71,0
LF:20
LH:2
BRDA:41,0,0,0
BRDA:41,0,1,0
BRDA:50,1,0,0
BRDA:50,1,1,0
BRDA:58,2,0,0
BRDA:58,2,1,0
BRDA:70,3,0,0
BRDA:70,3,1,0
BRF:8
BRH:0
end_of_record
TN:
SF:/Users/tomchop/code/yeti/TibetanBrownBear/yeti/web/frontend/src/components/scaffolding/YetiForm.vue
FN:31,(anonymous_1)
FN:34,(anonymous_2)
FN:44,(anonymous_3)
FN:46,(anonymous_4)
FN:49,(anonymous_5)
FN:52,(anonymous_6)
FNF:6
FNH:3
FNDA:0,(anonymous_1)
FNDA:0,(anonymous_2)
FNDA:2,(anonymous_3)
FNDA:2,(anonymous_4)
FNDA:0,(anonymous_5)
FNDA:2,(anonymous_6)
DA:16,10
DA:17,10
DA:19,10
DA:21,10
DA:31,0
DA:37,4
DA:45,2
DA:46,2
DA:48,2
DA:51,0
DA:54,2
DA:56,2
DA:59,0
DA:62,0
LF:14
LH:10
BRF:0
BRH:0
end_of_record
TN:
SF:/Users/tomchop/code/yeti/TibetanBrownBear/yeti/web/frontend/src/components/scaffolding/YetiFormField.vue
FN:80,(anonymous_1)
FN:97,(anonymous_2)
FNF:2
FNH:0
FNDA:0,(anonymous_1)
FNDA:0,(anonymous_2)
DA:54,10
DA:56,10
DA:57,10
DA:58,10
DA:59,10
DA:69,6
DA:77,6
DA:80,6
DA:82,0
DA:88,6
DA:92,6
DA:93,6
DA:98,0
LF:13
LH:11
BRF:0
BRH:0
end_of_record
TN:
SF:/Users/tomchop/code/yeti/TibetanBrownBear/yeti/web/frontend/src/components/scaffolding/YetiKillchainInput.vue
FN:49,(anonymous_1)
FN:50,(anonymous_2)
FN:52,(anonymous_3)
FN:59,(anonymous_4)
FN:62,(anonymous_5)
FNF:5
FNH:0
FNDA:0,(anonymous_1)
FNDA:0,(anonymous_2)
FNDA:0,(anonymous_3)
FNDA:0,(anonymous_4)
FNDA:0,(anonymous_5)
DA:16,10
DA:17,10
DA:25,0
DA:33,0
DA:34,0
DA:35,0
DA:36,0
DA:37,0
DA:42,0
DA:43,0
DA:47,0
DA:50,0
DA:51,0
DA:52,0
DA:59,0
DA:62,0
DA:68,0
DA:69,0
LF:18
LH:2
BRDA:34,0,0,0
BRDA:34,0,1,0
BRDA:34,1,0,0
BRDA:34,1,1,0
BRDA:51,2,0,0
BRDA:51,2,1,0
BRDA:59,3,0,0
BRDA:59,3,1,0
BRDA:62,4,0,0
BRDA:62,4,1,0
BRF:10
BRH:0
end_of_record
TN:
SF:/Users/tomchop/code/yeti/TibetanBrownBear/yeti/web/frontend/src/components/scaffolding/YetiTextInput.vue
FN:21,(anonymous_1)
FN:38,(anonymous_2)
FNF:2
FNH:1
FNDA:0,(anonymous_1)
FNDA:4,(anonymous_2)
DA:9,10
DA:14,4
DA:21,0
DA:22,0
DA:23,0
DA:28,0
DA:32,4
DA:33,4
DA:34,0
DA:39,4
LF:10
LH:5
BRDA:22,0,0,0
BRDA:22,0,1,0
BRDA:33,1,0,0
BRDA:33,1,1,4
BRF:4
BRH:1
end_of_record
TN:
SF:/Users/tomchop/code/yeti/TibetanBrownBear/yeti/web/frontend/src/components/scaffolding/YetiVocabInput.vue
FN:46,(anonymous_1)
FN:47,(anonymous_2)
FN:49,(anonymous_3)
FN:56,(anonymous_4)
FN:60,(anonymous_5)
FN:62,(anonymous_6)
FN:72,(anonymous_7)
FNF:7
FNH:3
FNDA:0,(anonymous_1)
FNDA:0,(anonymous_2)
FNDA:0,(anonymous_3)
FNDA:0,(anonymous_4)
FNDA:2,(anonymous_5)
FNDA:5,(anonymous_6)
FNDA:2,(anonymous_7)
DA:16,10
DA:17,10
DA:25,2
DA:33,0
DA:34,0
DA:35,0
DA:36,0
DA:37,0
DA:42,0
DA:43,0
DA:44,0
DA:47,0
DA:48,0
DA:49,0
DA:56,2
DA:59,5
DA:60,3
DA:62,9
DA:67,2
DA:68,0
DA:73,2
DA:74,2
DA:75,0
LF:23
LH:10
BRDA:34,0,0,0
BRDA:34,0,1,0
BRDA:48,1,0,0
BRDA:48,1,1,0
BRDA:59,2,0,1
BRDA:59,2,1,4
BRDA:60,3,0,1
BRDA:60,3,1,0
BRDA:62,4,0,4
BRDA:62,4,1,0
BRDA:67,5,0,0
BRDA:67,5,1,2
BRDA:74,6,0,0
BRDA:74,6,1,2
BRF:14
BRH:6
end_of_record
TN:
SF:/Users/tomchop/code/yeti/TibetanBrownBear/yeti/web/frontend/src/views/Home.vue
FNF:0
FNH:0
DA:10,0
LF:1
LH:0
BRF:0
BRH:0
end_of_record
